Using pre-set license
Built from '2022.3/release' branch; Version is '2022.3.12f1 (4fe6e059c7ef) revision 5236448'; Using compiler version '192829333'; Build Type 'Release'
OS: 'Windows 11  (10.0.22621) 64bit CoreSingleLanguage' Language: 'ru' Physical Memory: 15741 MB
BatchMode: 1, IsHumanControllingUs: 0, StartBugReporterOnCrash: 0, Is64bit: 1, IsPro: 1

COMMAND LINE ARGUMENTS:
C:\Program Files\Unity\Hub\Editor\2022.3.12f1\Editor\Unity.exe
-adb2
-batchMode
-noUpm
-name
AssetImportWorker6
-projectPath
C:/Users/рири/Desktop/Тестовое задание/Test
-logFile
Logs/AssetImportWorker6.log
-srvPort
50164
Successfully changed project path to: C:/Users/рири/Desktop/Тестовое задание/Test
C:/Users/рири/Desktop/Тестовое задание/Test
[UnityMemory] Configuration Parameters - Can be set up in boot.config
    "memorysetup-bucket-allocator-granularity=16"
    "memorysetup-bucket-allocator-bucket-count=8"
    "memorysetup-bucket-allocator-block-size=33554432"
    "memorysetup-bucket-allocator-block-count=8"
    "memorysetup-main-allocator-block-size=16777216"
    "memorysetup-thread-allocator-block-size=16777216"
    "memorysetup-gfx-main-allocator-block-size=16777216"
    "memorysetup-gfx-thread-allocator-block-size=16777216"
    "memorysetup-cache-allocator-block-size=4194304"
    "memorysetup-typetree-allocator-block-size=2097152"
    "memorysetup-profiler-bucket-allocator-granularity=16"
    "memorysetup-profiler-bucket-allocator-bucket-count=8"
    "memorysetup-profiler-bucket-allocator-block-size=33554432"
    "memorysetup-profiler-bucket-allocator-block-count=8"
    "memorysetup-profiler-allocator-block-size=16777216"
    "memorysetup-profiler-editor-allocator-block-size=1048576"
    "memorysetup-temp-allocator-size-main=16777216"
    "memorysetup-job-temp-allocator-block-size=2097152"
    "memorysetup-job-temp-allocator-block-size-background=1048576"
    "memorysetup-job-temp-allocator-reduction-small-platforms=262144"
    "memorysetup-allocator-temp-initial-block-size-main=262144"
    "memorysetup-allocator-temp-initial-block-size-worker=262144"
    "memorysetup-temp-allocator-size-background-worker=32768"
    "memorysetup-temp-allocator-size-job-worker=262144"
    "memorysetup-temp-allocator-size-preload-manager=33554432"
    "memorysetup-temp-allocator-size-nav-mesh-worker=65536"
    "memorysetup-temp-allocator-size-audio-worker=65536"
    "memorysetup-temp-allocator-size-cloud-worker=32768"
    "memorysetup-temp-allocator-size-gi-baking-worker=262144"
    "memorysetup-temp-allocator-size-gfx=262144"
Player connection [19444] Host "[IP] 10.185.230.17 [Port] 0 [Flags] 2 [Guid] 2633125219 [EditorId] 2633125219 [Version] 1048832 [Id] WindowsEditor(7,LAPTOP-4RCAU23R) [Debug] 1 [PackageName] WindowsEditor [ProjectName] Editor" joined multi-casting on [225.0.0.222:54997]...

Player connection [19444] Host "[IP] 10.185.230.17 [Port] 0 [Flags] 2 [Guid] 2633125219 [EditorId] 2633125219 [Version] 1048832 [Id] WindowsEditor(7,LAPTOP-4RCAU23R) [Debug] 1 [PackageName] WindowsEditor [ProjectName] Editor" joined alternative multi-casting on [225.0.0.222:34997]...

[Physics::Module] Initialized MultithreadedJobDispatcher with 11 workers.
Refreshing native plugins compatible for Editor in 14.03 ms, found 3 plugins.
Preloading 0 native plugins for Editor in 0.00 ms.
Initialize engine version: 2022.3.12f1 (4fe6e059c7ef)
[Subsystems] Discovering subsystems at path C:/Program Files/Unity/Hub/Editor/2022.3.12f1/Editor/Data/Resources/UnitySubsystems
[Subsystems] Discovering subsystems at path C:/Users/рири/Desktop/Тестовое задание/Test/Assets
GfxDevice: creating device client; threaded=0; jobified=0
Direct3D:
    Version:  Direct3D 11.0 [level 11.1]
    Renderer: NVIDIA GeForce GTX 1650 Ti (ID=0x1f95)
    Vendor:   NVIDIA
    VRAM:     3962 MB
    Driver:   27.21.14.6192
Initialize mono
Mono path[0] = 'C:/Program Files/Unity/Hub/Editor/2022.3.12f1/Editor/Data/Managed'
Mono path[1] = 'C:/Program Files/Unity/Hub/Editor/2022.3.12f1/Editor/Data/MonoBleedingEdge/lib/mono/unityjit-win32'
Mono config path = 'C:/Program Files/Unity/Hub/Editor/2022.3.12f1/Editor/Data/MonoBleedingEdge/etc'
Using monoOptions --debugger-agent=transport=dt_socket,embedding=1,server=y,suspend=n,address=127.0.0.1:56004
Begin MonoManager ReloadAssembly
Registering precompiled unity dll's ...
Register platform support module: C:/Program Files/Unity/Hub/Editor/2022.3.12f1/Editor/Data/PlaybackEngines/WindowsStandaloneSupport/UnityEditor.WindowsStandalone.Extensions.dll
Registered in 0.006239 seconds.
- Loaded All Assemblies, in  0.406 seconds
Native extension for WindowsStandalone target not found
Mono: successfully reloaded assembly
- Finished resetting the current domain, in  0.267 seconds
Domain Reload Profiling: 671ms
	BeginReloadAssembly (132ms)
		ExecutionOrderSort (0ms)
		DisableScriptedObjects (0ms)
		BackupInstance (0ms)
		ReleaseScriptingObjects (0ms)
		CreateAndSetChildDomain (1ms)
	RebuildCommonClasses (39ms)
	RebuildNativeTypeToScriptingClass (11ms)
	initialDomainReloadingComplete (60ms)
	LoadAllAssembliesAndSetupDomain (163ms)
		LoadAssemblies (130ms)
		RebuildTransferFunctionScriptingTraits (0ms)
		AnalyzeDomain (161ms)
			TypeCache.Refresh (159ms)
				TypeCache.ScanAssembly (145ms)
			ScanForSourceGeneratedMonoScriptInfo (1ms)
			ResolveRequiredComponents (1ms)
	FinalizeReload (267ms)
		ReleaseScriptCaches (0ms)
		RebuildScriptCaches (0ms)
		SetupLoadedEditorAssemblies (201ms)
			LogAssemblyErrors (0ms)
			InitializePlatformSupportModulesInManaged (9ms)
			SetLoadedEditorAssemblies (8ms)
			RefreshPlugins (0ms)
			BeforeProcessingInitializeOnLoad (2ms)
			ProcessInitializeOnLoadAttributes (131ms)
			ProcessInitializeOnLoadMethodAttributes (50ms)
			AfterProcessingInitializeOnLoad (0ms)
			EditorAssembliesLoaded (0ms)
		ExecutionOrderSort2 (0ms)
		AwakeInstancesAfterBackupRestoration (0ms)
========================================================================
Worker process is ready to serve import requests
Begin MonoManager ReloadAssembly
- Loaded All Assemblies, in  0.634 seconds
Refreshing native plugins compatible for Editor in 4.08 ms, found 3 plugins.
Native extension for WindowsStandalone target not found
Package Manager log level set to [2]
[Package Manager] Server::EnsureServerProcessIsRunning -- launch failed, reason: Unity was launched with the -noUpm command-line argument
[Package Manager] UpmClient::Send -- Unable to send message (not connected to UPM process).
[Package Manager] Cannot connect to Unity Package Manager local server
Mono: successfully reloaded assembly
- Finished resetting the current domain, in  0.539 seconds
Domain Reload Profiling: 1172ms
	BeginReloadAssembly (148ms)
		ExecutionOrderSort (0ms)
		DisableScriptedObjects (5ms)
		BackupInstance (0ms)
		ReleaseScriptingObjects (0ms)
		CreateAndSetChildDomain (21ms)
	RebuildCommonClasses (35ms)
	RebuildNativeTypeToScriptingClass (11ms)
	initialDomainReloadingComplete (39ms)
	LoadAllAssembliesAndSetupDomain (399ms)
		LoadAssemblies (292ms)
		RebuildTransferFunctionScriptingTraits (0ms)
		AnalyzeDomain (188ms)
			TypeCache.Refresh (167ms)
				TypeCache.ScanAssembly (153ms)
			ScanForSourceGeneratedMonoScriptInfo (14ms)
			ResolveRequiredComponents (6ms)
	FinalizeReload (540ms)
		ReleaseScriptCaches (0ms)
		RebuildScriptCaches (0ms)
		SetupLoadedEditorAssemblies (391ms)
			LogAssemblyErrors (0ms)
			InitializePlatformSupportModulesInManaged (6ms)
			SetLoadedEditorAssemblies (5ms)
			RefreshPlugins (0ms)
			BeforeProcessingInitializeOnLoad (61ms)
			ProcessInitializeOnLoadAttributes (289ms)
			ProcessInitializeOnLoadMethodAttributes (23ms)
			AfterProcessingInitializeOnLoad (7ms)
			EditorAssembliesLoaded (0ms)
		ExecutionOrderSort2 (0ms)
		AwakeInstancesAfterBackupRestoration (6ms)
Launched and connected shader compiler UnityShaderCompiler.exe after 0.04 seconds
Refreshing native plugins compatible for Editor in 3.10 ms, found 3 plugins.
Preloading 0 native plugins for Editor in 0.00 ms.
Unloading 3082 Unused Serialized files (Serialized files now loaded: 0)
Unloading 32 unused Assets / (56.9 KB). Loaded Objects now: 3544.
Memory consumption went from 121.5 MB to 121.4 MB.
Total: 3.487100 ms (FindLiveObjects: 0.343100 ms CreateObjectMapping: 0.165100 ms MarkObjects: 2.870400 ms  DeleteObjects: 0.106900 ms)

AssetImportParameters requested are different than current active one (requested -> active):
  custom:container-demuxer-ogg: 62fdf1f143b41e24485cea50d1cbac27 -> 
  custom:video-codec-MediaFoundation-h265: 746d11721c4dcdbdad8f713fa42b33f4 -> 
  custom:video-decoder-ogg-theora: a1e56fd34408186e4bbccfd4996cb3dc -> 
  custom:framework-win-MediaFoundation: 216162199b28c13a410421893ffa2e32 -> 
  custom:CustomObjectIndexerAttribute: 756ad292c208cfabdd7b50bc23989ffe -> 
  custom:container-demuxer-webm: 4f35f7cbe854078d1ac9338744f61a02 -> 
  custom:container-muxer-webm: aa71ff27fc2769a1b78a27578f13a17b -> 
  custom:video-decoder-webm-vp8: 9c59270c3fd7afecdb556c50c9e8de78 -> 
  custom:SearchIndexIgnoredProperties: e643bd26f0fe6173181afceb89e7c659 -> 
  custom:AudioImporter_EditorPlatform: d09bf68614088b80899f8185d706f6e7 -> 
  custom:video-encoder-webm-vp8: eb34c28f22e8b96e1ab97ce403110664 -> 
  custom:audio-decoder-ogg-vorbis: bf7c407c2cedff20999df2af8eb42d56 -> 
  custom:audio-encoder-webm-vorbis: bf7c407c2cedff20999df2af8eb42d56 -> 
========================================================================
Received Import Request.
  Time since last request: 1949.012390 seconds.
  path: Assets/Pure Poly/Free Low Poly Nature Pack/Prefabs/PP_Birch_Tree_06.prefab
  artifactKey: Guid(a2bd798ea40c7e341aa61ad124d95342) Importer(815301076,1909f56bfc062723c751e8b465ee728b)
Start importing Assets/Pure Poly/Free Low Poly Nature Pack/Prefabs/PP_Birch_Tree_06.prefab using Guid(a2bd798ea40c7e341aa61ad124d95342) Importer(815301076,1909f56bfc062723c751e8b465ee728b)  -> (artifact id: '2a4d9c7bba0f8a5a6e3af4827e3271aa') in 0.153391 seconds
Number of updated asset objects reloaded before import = 0
Number of asset objects unloaded after import = 10
========================================================================
Received Import Request.
  Time since last request: 0.000035 seconds.
  path: Assets/Pure Poly/Free Low Poly Nature Pack/Prefabs/PP_Lake_Ground_04.prefab
  artifactKey: Guid(66072c42e7f38924f90a2ea3e36cc606) Importer(815301076,1909f56bfc062723c751e8b465ee728b)
Start importing Assets/Pure Poly/Free Low Poly Nature Pack/Prefabs/PP_Lake_Ground_04.prefab using Guid(66072c42e7f38924f90a2ea3e36cc606) Importer(815301076,1909f56bfc062723c751e8b465ee728b)  -> (artifact id: '0234389317599a56ddef2326735085a7') in 0.022292 seconds
Number of updated asset objects reloaded before import = 0
Number of asset objects unloaded after import = 16
========================================================================
Received Import Request.
  Time since last request: 0.000044 seconds.
  path: Assets/Pure Poly/Free Low Poly Nature Pack/Prefabs/PP_Rock_Pile_Forest_Moss_10.prefab
  artifactKey: Guid(c8134dd87be4906419f13922ddc5bf4f) Importer(815301076,1909f56bfc062723c751e8b465ee728b)
Start importing Assets/Pure Poly/Free Low Poly Nature Pack/Prefabs/PP_Rock_Pile_Forest_Moss_10.prefab using Guid(c8134dd87be4906419f13922ddc5bf4f) Importer(815301076,1909f56bfc062723c751e8b465ee728b)  -> (artifact id: '2523c599e453219aa006723c82fe9a4e') in 0.020525 seconds
Number of updated asset objects reloaded before import = 0
Number of asset objects unloaded after import = 10
========================================================================
Received Import Request.
  Time since last request: 0.000027 seconds.
  path: Assets/Pure Poly/Free Low Poly Nature Pack/Prefabs/PP_Grass_11.prefab
  artifactKey: Guid(ef62619642b0df743b22dd5120c6ac4d) Importer(815301076,1909f56bfc062723c751e8b465ee728b)
Start importing Assets/Pure Poly/Free Low Poly Nature Pack/Prefabs/PP_Grass_11.prefab using Guid(ef62619642b0df743b22dd5120c6ac4d) Importer(815301076,1909f56bfc062723c751e8b465ee728b)  -> (artifact id: '46305a24b90166260ae8560756457e1e') in 0.017684 seconds
Number of updated asset objects reloaded before import = 0
Number of asset objects unloaded after import = 10
========================================================================
Received Import Request.
  Time since last request: 0.000020 seconds.
  path: Assets/Pure Poly/Free Low Poly Nature Pack/Prefabs/PP_Sunflower_04.prefab
  artifactKey: Guid(18bb023d75a113f4cb8d1452371f5c0e) Importer(815301076,1909f56bfc062723c751e8b465ee728b)
Start importing Assets/Pure Poly/Free Low Poly Nature Pack/Prefabs/PP_Sunflower_04.prefab using Guid(18bb023d75a113f4cb8d1452371f5c0e) Importer(815301076,1909f56bfc062723c751e8b465ee728b)  -> (artifact id: '923c9bf787869e94cdbe72fdd7473f1e') in 0.018559 seconds
Number of updated asset objects reloaded before import = 0
Number of asset objects unloaded after import = 10
========================================================================
Received Import Request.
  Time since last request: 0.000026 seconds.
  path: Assets/Pure Poly/Free Low Poly Nature Pack/Prefabs/PP_Rock_Moss_Grown_11.prefab
  artifactKey: Guid(a524090786e7ba545bd5ce3d24c9a3fb) Importer(815301076,1909f56bfc062723c751e8b465ee728b)
Start importing Assets/Pure Poly/Free Low Poly Nature Pack/Prefabs/PP_Rock_Moss_Grown_11.prefab using Guid(a524090786e7ba545bd5ce3d24c9a3fb) Importer(815301076,1909f56bfc062723c751e8b465ee728b)  -> (artifact id: 'd1f0da9844264b68f438d92fc8f3ee86') in 0.020863 seconds
Number of updated asset objects reloaded before import = 0
Number of asset objects unloaded after import = 10
========================================================================
Received Import Request.
  Time since last request: 0.000022 seconds.
  path: Assets/Pure Poly/Free Low Poly Nature Pack/Prefabs/PP_Daffodil_03.prefab
  artifactKey: Guid(13dd10d6717971d4ea9125d158299b1e) Importer(815301076,1909f56bfc062723c751e8b465ee728b)
Start importing Assets/Pure Poly/Free Low Poly Nature Pack/Prefabs/PP_Daffodil_03.prefab using Guid(13dd10d6717971d4ea9125d158299b1e) Importer(815301076,1909f56bfc062723c751e8b465ee728b)  -> (artifact id: '9713aaaad763f63f3a007710283e4ded') in 0.022592 seconds
Number of updated asset objects reloaded before import = 0
Number of asset objects unloaded after import = 10
========================================================================
Received Import Request.
  Time since last request: 0.000025 seconds.
  path: Assets/Pure Poly/Free Low Poly Nature Pack/Prefabs/PP_Forest_Mountain_Moss_02.prefab
  artifactKey: Guid(034023ff02a37fc47aab6bc6c49bf15b) Importer(815301076,1909f56bfc062723c751e8b465ee728b)
Start importing Assets/Pure Poly/Free Low Poly Nature Pack/Prefabs/PP_Forest_Mountain_Moss_02.prefab using Guid(034023ff02a37fc47aab6bc6c49bf15b) Importer(815301076,1909f56bfc062723c751e8b465ee728b)  -> (artifact id: 'dd2d9c8426717c37a7862e4b201805be') in 0.017814 seconds
Number of updated asset objects reloaded before import = 0
Number of asset objects unloaded after import = 10
========================================================================
Received Import Request.
  Time since last request: 0.000026 seconds.
  path: Assets/Pure Poly/Free Low Poly Nature Pack/Prefabs/PP_Meadow_Path_05.prefab
  artifactKey: Guid(d5b8de414112a004a82d0437b5f7a780) Importer(815301076,1909f56bfc062723c751e8b465ee728b)
Start importing Assets/Pure Poly/Free Low Poly Nature Pack/Prefabs/PP_Meadow_Path_05.prefab using Guid(d5b8de414112a004a82d0437b5f7a780) Importer(815301076,1909f56bfc062723c751e8b465ee728b)  -> (artifact id: '055ee3a1c859e99ec037d7ae5f300e99') in 0.016577 seconds
Number of updated asset objects reloaded before import = 0
Number of asset objects unloaded after import = 10
========================================================================
Received Import Request.
  Time since last request: 24.614440 seconds.
  path: Assets/Pure Poly/Free Low Poly Nature Pack/Materials/PP_Ground.mat
  artifactKey: Guid(2f984dd1b63fbc24abdd916834492e6e) Importer(815301076,1909f56bfc062723c751e8b465ee728b)
Start importing Assets/Pure Poly/Free Low Poly Nature Pack/Materials/PP_Ground.mat using Guid(2f984dd1b63fbc24abdd916834492e6e) Importer(815301076,1909f56bfc062723c751e8b465ee728b)  -> (artifact id: '7708b7b3ffe10856b1fe450c22bd6487') in 0.035407 seconds
Number of updated asset objects reloaded before import = 0
Number of asset objects unloaded after import = 1
========================================================================
Received Import Request.
  Time since last request: 7.020664 seconds.
  path: Assets/WoodsLifestyle/Models/Buildings/Bridge_02.fbx
  artifactKey: Guid(74c22cc3396c6c246abbeef5d6a6232d) Importer(815301076,1909f56bfc062723c751e8b465ee728b)
Start importing Assets/WoodsLifestyle/Models/Buildings/Bridge_02.fbx using Guid(74c22cc3396c6c246abbeef5d6a6232d) Importer(815301076,1909f56bfc062723c751e8b465ee728b)  -> (artifact id: '11fd89aa47f63a358d8395e59aa2417d') in 0.054554 seconds
Number of updated asset objects reloaded before import = 0
Number of asset objects unloaded after import = 9
========================================================================
Received Import Request.
  Time since last request: 0.000043 seconds.
  path: Assets/WoodsLifestyle/Models/Buildings/Swing_01.fbx
  artifactKey: Guid(8d60407cc3e387d4fb96fc10c425e24d) Importer(815301076,1909f56bfc062723c751e8b465ee728b)
Start importing Assets/WoodsLifestyle/Models/Buildings/Swing_01.fbx using Guid(8d60407cc3e387d4fb96fc10c425e24d) Importer(815301076,1909f56bfc062723c751e8b465ee728b)  -> (artifact id: '6cd9a73825ec1a3c0b96665b03a54d0e') in 0.063389 seconds
Number of updated asset objects reloaded before import = 0
Number of asset objects unloaded after import = 9
========================================================================
Received Import Request.
  Time since last request: 0.000030 seconds.
  path: Assets/WoodsLifestyle/Models/Buildings/Shed_01.fbx
  artifactKey: Guid(5efcd5d9e2e5ba14d944b6c2d5280f04) Importer(815301076,1909f56bfc062723c751e8b465ee728b)
Start importing Assets/WoodsLifestyle/Models/Buildings/Shed_01.fbx using Guid(5efcd5d9e2e5ba14d944b6c2d5280f04) Importer(815301076,1909f56bfc062723c751e8b465ee728b)  -> (artifact id: '1c49bc10945c61f1e4082941a94c1fb7') in 0.050678 seconds
Number of updated asset objects reloaded before import = 0
Number of asset objects unloaded after import = 9
========================================================================
Received Import Request.
  Time since last request: 9.152543 seconds.
  path: Assets/WoodsLifestyle/Models/Cabins/Floors/Floor_01_a.fbx
  artifactKey: Guid(9afcc06a7f7bc7e43b66bd28f58639d8) Importer(815301076,1909f56bfc062723c751e8b465ee728b)
Start importing Assets/WoodsLifestyle/Models/Cabins/Floors/Floor_01_a.fbx using Guid(9afcc06a7f7bc7e43b66bd28f58639d8) Importer(815301076,1909f56bfc062723c751e8b465ee728b)  -> (artifact id: '956e7242d114c2201b224da04ca3e9ad') in 0.041776 seconds
Number of updated asset objects reloaded before import = 0
Number of asset objects unloaded after import = 9
========================================================================
Received Import Request.
  Time since last request: 0.000027 seconds.
  path: Assets/WoodsLifestyle/Models/Cabins/Floors/Platform_01.fbx
  artifactKey: Guid(2475800084d1a6c4a9a92017599bf06b) Importer(815301076,1909f56bfc062723c751e8b465ee728b)
Start importing Assets/WoodsLifestyle/Models/Cabins/Floors/Platform_01.fbx using Guid(2475800084d1a6c4a9a92017599bf06b) Importer(815301076,1909f56bfc062723c751e8b465ee728b)  -> (artifact id: '134a173bfe674f78356572794d18c0fb') in 0.043932 seconds
Number of updated asset objects reloaded before import = 0
Number of asset objects unloaded after import = 9
========================================================================
Received Import Request.
  Time since last request: 1.926561 seconds.
  path: Assets/WoodsLifestyle/Models/Cabins/Roofs/Roof_01_a.fbx
  artifactKey: Guid(1aff882aa2688ae43bbda7951a2735cc) Importer(815301076,1909f56bfc062723c751e8b465ee728b)
Start importing Assets/WoodsLifestyle/Models/Cabins/Roofs/Roof_01_a.fbx using Guid(1aff882aa2688ae43bbda7951a2735cc) Importer(815301076,1909f56bfc062723c751e8b465ee728b)  -> (artifact id: 'a6776885a6bb81f047b4fafa3e3f47bc') in 0.044854 seconds
Number of updated asset objects reloaded before import = 0
Number of asset objects unloaded after import = 9
========================================================================
Received Import Request.
  Time since last request: 0.000032 seconds.
  path: Assets/WoodsLifestyle/Models/Cabins/Roofs/Roof_02.fbx
  artifactKey: Guid(75b366605bacf2a47aa1101444c0b33c) Importer(815301076,1909f56bfc062723c751e8b465ee728b)
Start importing Assets/WoodsLifestyle/Models/Cabins/Roofs/Roof_02.fbx using Guid(75b366605bacf2a47aa1101444c0b33c) Importer(815301076,1909f56bfc062723c751e8b465ee728b)  -> (artifact id: '109f7a6aba92f93609538da15c1a6809') in 0.022533 seconds
Number of updated asset objects reloaded before import = 0
Number of asset objects unloaded after import = 9
========================================================================
Received Import Request.
  Time since last request: 1.929069 seconds.
  path: Assets/WoodsLifestyle/Models/Cabins/Walls/Wall_Narrow_01_b.fbx
  artifactKey: Guid(f0a8ee4a191d3854d8bc8036e3ff2887) Importer(815301076,1909f56bfc062723c751e8b465ee728b)
Start importing Assets/WoodsLifestyle/Models/Cabins/Walls/Wall_Narrow_01_b.fbx using Guid(f0a8ee4a191d3854d8bc8036e3ff2887) Importer(815301076,1909f56bfc062723c751e8b465ee728b)  -> (artifact id: '91622942b84ae0f1da9d2d88b9cf65fb') in 0.046163 seconds
Number of updated asset objects reloaded before import = 0
Number of asset objects unloaded after import = 9
========================================================================
Received Import Request.
  Time since last request: 0.000076 seconds.
  path: Assets/WoodsLifestyle/Models/Cabins/Walls/Wall_Narrow_02_b.fbx
  artifactKey: Guid(a7caf4189f37a364685fcd11766cd654) Importer(815301076,1909f56bfc062723c751e8b465ee728b)
Start importing Assets/WoodsLifestyle/Models/Cabins/Walls/Wall_Narrow_02_b.fbx using Guid(a7caf4189f37a364685fcd11766cd654) Importer(815301076,1909f56bfc062723c751e8b465ee728b)  -> (artifact id: '569bdb7c6bde19378ffe515c0dc03feb') in 0.046821 seconds
Number of updated asset objects reloaded before import = 0
Number of asset objects unloaded after import = 9
========================================================================
Received Import Request.
  Time since last request: 0.000019 seconds.
  path: Assets/WoodsLifestyle/Models/Cabins/Walls/Wall_Wide_02_c.fbx
  artifactKey: Guid(4fc77b36bb950804481dd3a761c6d468) Importer(815301076,1909f56bfc062723c751e8b465ee728b)
Start importing Assets/WoodsLifestyle/Models/Cabins/Walls/Wall_Wide_02_c.fbx using Guid(4fc77b36bb950804481dd3a761c6d468) Importer(815301076,1909f56bfc062723c751e8b465ee728b)  -> (artifact id: '449502f6db6bbd5ed9512b90bcc7b823') in 0.042055 seconds
Number of updated asset objects reloaded before import = 0
Number of asset objects unloaded after import = 9
========================================================================
Received Import Request.
  Time since last request: 0.000022 seconds.
  path: Assets/WoodsLifestyle/Models/Cabins/Walls/Wall_Narrow_02_c.fbx
  artifactKey: Guid(a38b1d1e20befcf43a077956d65695c4) Importer(815301076,1909f56bfc062723c751e8b465ee728b)
Start importing Assets/WoodsLifestyle/Models/Cabins/Walls/Wall_Narrow_02_c.fbx using Guid(a38b1d1e20befcf43a077956d65695c4) Importer(815301076,1909f56bfc062723c751e8b465ee728b)  -> (artifact id: '82b875ff6055a49f42c27cc2a7621024') in 0.038040 seconds
Number of updated asset objects reloaded before import = 0
Number of asset objects unloaded after import = 9
========================================================================
Received Import Request.
  Time since last request: 0.000023 seconds.
  path: Assets/WoodsLifestyle/Models/Cabins/Walls/Wall_Wide_02_b.fbx
  artifactKey: Guid(be8f36c024b35c84ab61f8e2d45b245e) Importer(815301076,1909f56bfc062723c751e8b465ee728b)
Start importing Assets/WoodsLifestyle/Models/Cabins/Walls/Wall_Wide_02_b.fbx using Guid(be8f36c024b35c84ab61f8e2d45b245e) Importer(815301076,1909f56bfc062723c751e8b465ee728b)  -> (artifact id: 'c479efc94fbc6b3dada34c80637c991b') in 0.034360 seconds
Number of updated asset objects reloaded before import = 0
Number of asset objects unloaded after import = 9
========================================================================
Received Import Request.
  Time since last request: 14.945169 seconds.
  path: Assets/WoodsLifestyle/Models/Rocks/Rock_01_b.fbx
  artifactKey: Guid(6f18c16613e7c6a44a09d898d02e933f) Importer(815301076,1909f56bfc062723c751e8b465ee728b)
Start importing Assets/WoodsLifestyle/Models/Rocks/Rock_01_b.fbx using Guid(6f18c16613e7c6a44a09d898d02e933f) Importer(815301076,1909f56bfc062723c751e8b465ee728b)  -> (artifact id: 'edb67ccfd83cc4d035af2ca94410eb19') in 0.045667 seconds
Number of updated asset objects reloaded before import = 0
Number of asset objects unloaded after import = 9
========================================================================
Received Import Request.
  Time since last request: 0.000023 seconds.
  path: Assets/WoodsLifestyle/Models/Rocks/Rock_03_b.fbx
  artifactKey: Guid(705b3a06e14f51c4eba4aac6cfd8a06f) Importer(815301076,1909f56bfc062723c751e8b465ee728b)
Start importing Assets/WoodsLifestyle/Models/Rocks/Rock_03_b.fbx using Guid(705b3a06e14f51c4eba4aac6cfd8a06f) Importer(815301076,1909f56bfc062723c751e8b465ee728b)  -> (artifact id: 'b215886b937a96d541b477f771f465d0') in 0.022523 seconds
Number of updated asset objects reloaded before import = 0
Number of asset objects unloaded after import = 9
========================================================================
Received Import Request.
  Time since last request: 0.000023 seconds.
  path: Assets/WoodsLifestyle/Models/Rocks/Rock_01_d.fbx
  artifactKey: Guid(d1a962341e285304da40781019afaa9d) Importer(815301076,1909f56bfc062723c751e8b465ee728b)
Start importing Assets/WoodsLifestyle/Models/Rocks/Rock_01_d.fbx using Guid(d1a962341e285304da40781019afaa9d) Importer(815301076,1909f56bfc062723c751e8b465ee728b)  -> (artifact id: 'ee2071e22ca535f1892d90ad3f3ffb6b') in 0.021809 seconds
Number of updated asset objects reloaded before import = 0
Number of asset objects unloaded after import = 9
========================================================================
Received Import Request.
  Time since last request: 0.000021 seconds.
  path: Assets/WoodsLifestyle/Models/Rocks/Rock_03_c.fbx
  artifactKey: Guid(b90a50dc45489ba4282fbe4e8316a9e0) Importer(815301076,1909f56bfc062723c751e8b465ee728b)
Start importing Assets/WoodsLifestyle/Models/Rocks/Rock_03_c.fbx using Guid(b90a50dc45489ba4282fbe4e8316a9e0) Importer(815301076,1909f56bfc062723c751e8b465ee728b)  -> (artifact id: '2ee09077f0deb48953b53633bee73405') in 0.020069 seconds
Number of updated asset objects reloaded before import = 0
Number of asset objects unloaded after import = 9
========================================================================
Received Import Request.
  Time since last request: 0.000026 seconds.
  path: Assets/WoodsLifestyle/Models/Rocks/Rock_03_a.fbx
  artifactKey: Guid(b2f682c2245381543bff05a3b6217ffe) Importer(815301076,1909f56bfc062723c751e8b465ee728b)
Start importing Assets/WoodsLifestyle/Models/Rocks/Rock_03_a.fbx using Guid(b2f682c2245381543bff05a3b6217ffe) Importer(815301076,1909f56bfc062723c751e8b465ee728b)  -> (artifact id: '79a5fa4775025a2c9d2effef00a78ffa') in 0.020689 seconds
Number of updated asset objects reloaded before import = 0
Number of asset objects unloaded after import = 9
========================================================================
Received Import Request.
  Time since last request: 0.000022 seconds.
  path: Assets/WoodsLifestyle/Models/Rocks/Rock_02_d.fbx
  artifactKey: Guid(39a092084d898ef448a0f820fdda52eb) Importer(815301076,1909f56bfc062723c751e8b465ee728b)
Start importing Assets/WoodsLifestyle/Models/Rocks/Rock_02_d.fbx using Guid(39a092084d898ef448a0f820fdda52eb) Importer(815301076,1909f56bfc062723c751e8b465ee728b)  -> (artifact id: '1f79bbb5482378762bfb454734f9767f') in 0.022698 seconds
Number of updated asset objects reloaded before import = 0
Number of asset objects unloaded after import = 9
========================================================================
Received Import Request.
  Time since last request: 4.881643 seconds.
  path: Assets/WoodsLifestyle/Models/Props/General/Boiler_01.fbx
  artifactKey: Guid(5a168f658266e8b458394ef400fedb35) Importer(815301076,1909f56bfc062723c751e8b465ee728b)
Start importing Assets/WoodsLifestyle/Models/Props/General/Boiler_01.fbx using Guid(5a168f658266e8b458394ef400fedb35) Importer(815301076,1909f56bfc062723c751e8b465ee728b)  -> (artifact id: '7c54f0edbd46a3f45687273e1f317220') in 0.035095 seconds
Number of updated asset objects reloaded before import = 0
Number of asset objects unloaded after import = 9
========================================================================
Received Import Request.
  Time since last request: 0.000044 seconds.
  path: Assets/WoodsLifestyle/Models/Props/General/BucketSand.fbx
  artifactKey: Guid(1cc05cf45c251ef4a9841b092c4d79b5) Importer(815301076,1909f56bfc062723c751e8b465ee728b)
Start importing Assets/WoodsLifestyle/Models/Props/General/BucketSand.fbx using Guid(1cc05cf45c251ef4a9841b092c4d79b5) Importer(815301076,1909f56bfc062723c751e8b465ee728b)  -> (artifact id: '97d692664ddaee073ec58888942ae64f') in 0.047659 seconds
Number of updated asset objects reloaded before import = 0
Number of asset objects unloaded after import = 9
========================================================================
Received Import Request.
  Time since last request: 0.000026 seconds.
  path: Assets/WoodsLifestyle/Models/Props/General/Bucket_01_b.fbx
  artifactKey: Guid(947d9556d6c22274089b048e993a1f98) Importer(815301076,1909f56bfc062723c751e8b465ee728b)
Start importing Assets/WoodsLifestyle/Models/Props/General/Bucket_01_b.fbx using Guid(947d9556d6c22274089b048e993a1f98) Importer(815301076,1909f56bfc062723c751e8b465ee728b)  -> (artifact id: '2d0b269b765e1c876f28d6a9df9939f2') in 0.043669 seconds
Number of updated asset objects reloaded before import = 0
Number of asset objects unloaded after import = 9
========================================================================
Received Import Request.
  Time since last request: 0.000030 seconds.
  path: Assets/WoodsLifestyle/Models/Props/General/CookingStand_01.fbx
  artifactKey: Guid(47718eec2678c824b8f4fce1c2d7be4d) Importer(815301076,1909f56bfc062723c751e8b465ee728b)
Start importing Assets/WoodsLifestyle/Models/Props/General/CookingStand_01.fbx using Guid(47718eec2678c824b8f4fce1c2d7be4d) Importer(815301076,1909f56bfc062723c751e8b465ee728b)  -> (artifact id: '6a6cc38ed34b6dfdc556cff74905b2d4') in 0.018977 seconds
Number of updated asset objects reloaded before import = 0
Number of asset objects unloaded after import = 9
========================================================================
Received Import Request.
  Time since last request: 62.039757 seconds.
  path: Assets/WoodsLifestyle/Models/Props/Furniture
  artifactKey: Guid(e028579b8e10fc94dacbc2a2d0ad7c93) Importer(815301076,1909f56bfc062723c751e8b465ee728b)
Start importing Assets/WoodsLifestyle/Models/Props/Furniture using Guid(e028579b8e10fc94dacbc2a2d0ad7c93) Importer(815301076,1909f56bfc062723c751e8b465ee728b)  -> (artifact id: 'e7542d09ef9bc9fabb43a709aebf644c') in 0.000579 seconds
Number of updated asset objects reloaded before import = 0
Number of asset objects unloaded after import = 0
========================================================================
Received Import Request.
  Time since last request: 0.038378 seconds.
  path: Assets/WoodsLifestyle/Models/Props/Furniture/BedDouble_01.fbx
  artifactKey: Guid(74c729f20927f0345b50c794038af650) Importer(815301076,1909f56bfc062723c751e8b465ee728b)
Start importing Assets/WoodsLifestyle/Models/Props/Furniture/BedDouble_01.fbx using Guid(74c729f20927f0345b50c794038af650) Importer(815301076,1909f56bfc062723c751e8b465ee728b)  -> (artifact id: '9579918c5156bed78710880f6747d090') in 0.033839 seconds
Number of updated asset objects reloaded before import = 0
Number of asset objects unloaded after import = 9
========================================================================
Received Import Request.
  Time since last request: 0.000017 seconds.
  path: Assets/WoodsLifestyle/Models/Props/Furniture/Stool_02.fbx
  artifactKey: Guid(87dbf080af6938547803df2fb5e61dfd) Importer(815301076,1909f56bfc062723c751e8b465ee728b)
Start importing Assets/WoodsLifestyle/Models/Props/Furniture/Stool_02.fbx using Guid(87dbf080af6938547803df2fb5e61dfd) Importer(815301076,1909f56bfc062723c751e8b465ee728b)  -> (artifact id: '76bc579ace8e0c1ea39783351311a962') in 0.047456 seconds
Number of updated asset objects reloaded before import = 0
Number of asset objects unloaded after import = 9
========================================================================
Received Import Request.
  Time since last request: 0.000026 seconds.
  path: Assets/WoodsLifestyle/Models/Props/Furniture/Table_02_b.fbx
  artifactKey: Guid(18d7666da45eabc44884a8396052633a) Importer(815301076,1909f56bfc062723c751e8b465ee728b)
Start importing Assets/WoodsLifestyle/Models/Props/Furniture/Table_02_b.fbx using Guid(18d7666da45eabc44884a8396052633a) Importer(815301076,1909f56bfc062723c751e8b465ee728b)  -> (artifact id: 'a44fabd6cb87225ee83d1bd2661cb4b7') in 0.037491 seconds
Number of updated asset objects reloaded before import = 0
Number of asset objects unloaded after import = 9
========================================================================
Received Import Request.
  Time since last request: 0.000033 seconds.
  path: Assets/WoodsLifestyle/Models/Props/Furniture/Shelf_01.fbx
  artifactKey: Guid(472ec75ff20838d40a62f3a1c0ce1069) Importer(815301076,1909f56bfc062723c751e8b465ee728b)
Start importing Assets/WoodsLifestyle/Models/Props/Furniture/Shelf_01.fbx using Guid(472ec75ff20838d40a62f3a1c0ce1069) Importer(815301076,1909f56bfc062723c751e8b465ee728b)  -> (artifact id: '398a64ccf41f4939434735ff7654c35f') in 0.019277 seconds
Number of updated asset objects reloaded before import = 0
Number of asset objects unloaded after import = 9
========================================================================
Received Import Request.
  Time since last request: 0.000020 seconds.
  path: Assets/WoodsLifestyle/Models/Props/Furniture/KitchenTable_01.fbx
  artifactKey: Guid(5171f178c01c46f48a6da7a86867c4fe) Importer(815301076,1909f56bfc062723c751e8b465ee728b)
Start importing Assets/WoodsLifestyle/Models/Props/Furniture/KitchenTable_01.fbx using Guid(5171f178c01c46f48a6da7a86867c4fe) Importer(815301076,1909f56bfc062723c751e8b465ee728b)  -> (artifact id: '5b41742540e01db31f63c1c7718be024') in 0.020711 seconds
Number of updated asset objects reloaded before import = 0
Number of asset objects unloaded after import = 9
========================================================================
Received Import Request.
  Time since last request: 0.000031 seconds.
  path: Assets/WoodsLifestyle/Models/Props/Furniture/WallShelf_01.fbx
  artifactKey: Guid(180b77fcbe0383540a9ff71008143542) Importer(815301076,1909f56bfc062723c751e8b465ee728b)
Start importing Assets/WoodsLifestyle/Models/Props/Furniture/WallShelf_01.fbx using Guid(180b77fcbe0383540a9ff71008143542) Importer(815301076,1909f56bfc062723c751e8b465ee728b)  -> (artifact id: '3875ac8f1d795244fbc987d59d103d65') in 0.021645 seconds
Number of updated asset objects reloaded before import = 0
Number of asset objects unloaded after import = 9
========================================================================
Received Import Request.
  Time since last request: 0.000033 seconds.
  path: Assets/WoodsLifestyle/Models/Props/Furniture/Table_02_a.fbx
  artifactKey: Guid(ca6c955c64d2279498d5ded82c2ba259) Importer(815301076,1909f56bfc062723c751e8b465ee728b)
Start importing Assets/WoodsLifestyle/Models/Props/Furniture/Table_02_a.fbx using Guid(ca6c955c64d2279498d5ded82c2ba259) Importer(815301076,1909f56bfc062723c751e8b465ee728b)  -> (artifact id: 'b71de22c2640de0563bb7c4468503b0a') in 0.018682 seconds
Number of updated asset objects reloaded before import = 0
Number of asset objects unloaded after import = 9
========================================================================
Received Import Request.
  Time since last request: 0.000042 seconds.
  path: Assets/WoodsLifestyle/Models/Props/Furniture/Stool_01.fbx
  artifactKey: Guid(7ced832f1214bc4419445ed54db5ae6d) Importer(815301076,1909f56bfc062723c751e8b465ee728b)
Start importing Assets/WoodsLifestyle/Models/Props/Furniture/Stool_01.fbx using Guid(7ced832f1214bc4419445ed54db5ae6d) Importer(815301076,1909f56bfc062723c751e8b465ee728b)  -> (artifact id: '6b17813f648d9601aff8c702d0b6b6c1') in 0.019577 seconds
Number of updated asset objects reloaded before import = 0
Number of asset objects unloaded after import = 9
========================================================================
Received Import Request.
  Time since last request: 0.000022 seconds.
  path: Assets/WoodsLifestyle/Models/Props/Furniture/Table_03.fbx
  artifactKey: Guid(547596d8e90fbca449aa0430f7f80941) Importer(815301076,1909f56bfc062723c751e8b465ee728b)
Start importing Assets/WoodsLifestyle/Models/Props/Furniture/Table_03.fbx using Guid(547596d8e90fbca449aa0430f7f80941) Importer(815301076,1909f56bfc062723c751e8b465ee728b)  -> (artifact id: '021e324045c56db4c2cf8ad0d6a45aae') in 0.020778 seconds
Number of updated asset objects reloaded before import = 0
Number of asset objects unloaded after import = 9
========================================================================
Received Import Request.
  Time since last request: 27.292150 seconds.
  path: Assets/WoodsLifestyle/Models/Fences/Fence_Closed_02.FBX
  artifactKey: Guid(efe393cd8023b8144ab589fb1bd31fd3) Importer(815301076,1909f56bfc062723c751e8b465ee728b)
Start importing Assets/WoodsLifestyle/Models/Fences/Fence_Closed_02.FBX using Guid(efe393cd8023b8144ab589fb1bd31fd3) Importer(815301076,1909f56bfc062723c751e8b465ee728b)  -> (artifact id: '1f516ddba21b806f912372f6f168f6c3') in 0.041625 seconds
Number of updated asset objects reloaded before import = 0
Number of asset objects unloaded after import = 10
========================================================================
Received Import Request.
  Time since last request: 0.000025 seconds.
  path: Assets/WoodsLifestyle/Models/Fences/Fence_Open_07.FBX
  artifactKey: Guid(c44786528dd3de842a6650493e7bf997) Importer(815301076,1909f56bfc062723c751e8b465ee728b)
Start importing Assets/WoodsLifestyle/Models/Fences/Fence_Open_07.FBX using Guid(c44786528dd3de842a6650493e7bf997) Importer(815301076,1909f56bfc062723c751e8b465ee728b)  -> (artifact id: '4c3daaaddb0bf554dd2b7b375a50446d') in 0.035520 seconds
Number of updated asset objects reloaded before import = 0
Number of asset objects unloaded after import = 8
========================================================================
Received Import Request.
  Time since last request: 0.000028 seconds.
  path: Assets/WoodsLifestyle/Models/Fences/Fence_Open_06.FBX
  artifactKey: Guid(ca9bbfba286196a4bb58f2009ec7afaa) Importer(815301076,1909f56bfc062723c751e8b465ee728b)
Start importing Assets/WoodsLifestyle/Models/Fences/Fence_Open_06.FBX using Guid(ca9bbfba286196a4bb58f2009ec7afaa) Importer(815301076,1909f56bfc062723c751e8b465ee728b)  -> (artifact id: 'dad2e058ebacc17d03068350241e6cdb') in 0.041648 seconds
Number of updated asset objects reloaded before import = 0
Number of asset objects unloaded after import = 10
========================================================================
Received Import Request.
  Time since last request: 0.000025 seconds.
  path: Assets/WoodsLifestyle/Models/Fences/Fence_Full_06.FBX
  artifactKey: Guid(fcdd02a68b89e0c4d84559fed7adb2d6) Importer(815301076,1909f56bfc062723c751e8b465ee728b)
Start importing Assets/WoodsLifestyle/Models/Fences/Fence_Full_06.FBX using Guid(fcdd02a68b89e0c4d84559fed7adb2d6) Importer(815301076,1909f56bfc062723c751e8b465ee728b)  -> (artifact id: '45aca602c51536909f068247940719a5') in 0.054752 seconds
Number of updated asset objects reloaded before import = 0
Number of asset objects unloaded after import = 8
========================================================================
Received Import Request.
  Time since last request: 0.000127 seconds.
  path: Assets/WoodsLifestyle/Models/Fences/Fence_Open_05.FBX
  artifactKey: Guid(a5023f7cdb5519642b032608f01669ce) Importer(815301076,1909f56bfc062723c751e8b465ee728b)
Start importing Assets/WoodsLifestyle/Models/Fences/Fence_Open_05.FBX using Guid(a5023f7cdb5519642b032608f01669ce) Importer(815301076,1909f56bfc062723c751e8b465ee728b)  -> (artifact id: '8d0465e04395f41286457ca425436361') in 0.044105 seconds
Number of updated asset objects reloaded before import = 0
Number of asset objects unloaded after import = 10
========================================================================
Received Import Request.
  Time since last request: 0.000020 seconds.
  path: Assets/WoodsLifestyle/Models/Fences/Fence_Closed_04.FBX
  artifactKey: Guid(84f002e721258ca409b2e6e5ca733444) Importer(815301076,1909f56bfc062723c751e8b465ee728b)
Start importing Assets/WoodsLifestyle/Models/Fences/Fence_Closed_04.FBX using Guid(84f002e721258ca409b2e6e5ca733444) Importer(815301076,1909f56bfc062723c751e8b465ee728b)  -> (artifact id: 'cc5f4525b79d9a361a09d116b671c2da') in 0.025508 seconds
Number of updated asset objects reloaded before import = 0
Number of asset objects unloaded after import = 10
========================================================================
Received Import Request.
  Time since last request: 0.000023 seconds.
  path: Assets/WoodsLifestyle/Models/Fences/Fence_Open_03.FBX
  artifactKey: Guid(5a97a64aa03f80641b787ad438e5ed67) Importer(815301076,1909f56bfc062723c751e8b465ee728b)
Start importing Assets/WoodsLifestyle/Models/Fences/Fence_Open_03.FBX using Guid(5a97a64aa03f80641b787ad438e5ed67) Importer(815301076,1909f56bfc062723c751e8b465ee728b)  -> (artifact id: '893885a8a2e8a0542c80597aba7822cf') in 0.025330 seconds
Number of updated asset objects reloaded before import = 0
Number of asset objects unloaded after import = 10
========================================================================
Received Import Request.
  Time since last request: 0.000028 seconds.
  path: Assets/WoodsLifestyle/Models/Fences/Fence_Closed_08.FBX
  artifactKey: Guid(f01f8c7a7ce3d3540bcd89366f65225b) Importer(815301076,1909f56bfc062723c751e8b465ee728b)
Start importing Assets/WoodsLifestyle/Models/Fences/Fence_Closed_08.FBX using Guid(f01f8c7a7ce3d3540bcd89366f65225b) Importer(815301076,1909f56bfc062723c751e8b465ee728b)  -> (artifact id: '303377977041b63da5ca30567979fbd7') in 0.020090 seconds
Number of updated asset objects reloaded before import = 0
Number of asset objects unloaded after import = 8
========================================================================
Received Import Request.
  Time since last request: 0.000025 seconds.
  path: Assets/WoodsLifestyle/Models/Fences/Fence_Closed_06.FBX
  artifactKey: Guid(eff2ff8331b711943a56384beb27bc73) Importer(815301076,1909f56bfc062723c751e8b465ee728b)
Start importing Assets/WoodsLifestyle/Models/Fences/Fence_Closed_06.FBX using Guid(eff2ff8331b711943a56384beb27bc73) Importer(815301076,1909f56bfc062723c751e8b465ee728b)  -> (artifact id: 'fe1019609e9ee516286642a7c2204e19') in 0.026761 seconds
Number of updated asset objects reloaded before import = 0
Number of asset objects unloaded after import = 10
========================================================================
Received Import Request.
  Time since last request: 104.090775 seconds.
  path: Assets/WoodsLifestyle/Models/Props/Water
  artifactKey: Guid(e0164b67c9b4fd44b97c45ce7b3c0cae) Importer(815301076,1909f56bfc062723c751e8b465ee728b)
Start importing Assets/WoodsLifestyle/Models/Props/Water using Guid(e0164b67c9b4fd44b97c45ce7b3c0cae) Importer(815301076,1909f56bfc062723c751e8b465ee728b)  -> (artifact id: '24c0d46ac35ea987f2a1fac4bc6d53cc') in 0.000574 seconds
Number of updated asset objects reloaded before import = 0
Number of asset objects unloaded after import = 0
========================================================================
Received Import Request.
  Time since last request: 0.060458 seconds.
  path: Assets/WoodsLifestyle/Models/Props/Water/Canoe_01.fbx
  artifactKey: Guid(baaaeaba8d13ed84cbf2d5f61ad0fce8) Importer(815301076,1909f56bfc062723c751e8b465ee728b)
Start importing Assets/WoodsLifestyle/Models/Props/Water/Canoe_01.fbx using Guid(baaaeaba8d13ed84cbf2d5f61ad0fce8) Importer(815301076,1909f56bfc062723c751e8b465ee728b)  -> (artifact id: 'ecf6123e7f63b0a7402696c2dcb2ea61') in 0.037391 seconds
Number of updated asset objects reloaded before import = 0
Number of asset objects unloaded after import = 9
========================================================================
Received Import Request.
  Time since last request: 0.000019 seconds.
  path: Assets/WoodsLifestyle/Models/Props/Water/RowBoat_01_b.fbx
  artifactKey: Guid(cc7b39c76fcfe3d42a95d059afae973a) Importer(815301076,1909f56bfc062723c751e8b465ee728b)
Start importing Assets/WoodsLifestyle/Models/Props/Water/RowBoat_01_b.fbx using Guid(cc7b39c76fcfe3d42a95d059afae973a) Importer(815301076,1909f56bfc062723c751e8b465ee728b)  -> (artifact id: 'ba0fd275794daae0d81717ee4729045e') in 0.042251 seconds
Number of updated asset objects reloaded before import = 0
Number of asset objects unloaded after import = 9
========================================================================
Received Import Request.
  Time since last request: 0.000021 seconds.
  path: Assets/WoodsLifestyle/Models/Props/Water/Oar_01.fbx
  artifactKey: Guid(36a1eda689da6dd49ae5836b4aee5f34) Importer(815301076,1909f56bfc062723c751e8b465ee728b)
Start importing Assets/WoodsLifestyle/Models/Props/Water/Oar_01.fbx using Guid(36a1eda689da6dd49ae5836b4aee5f34) Importer(815301076,1909f56bfc062723c751e8b465ee728b)  -> (artifact id: '87552112dac0a1ed401b0219306fbd8a') in 0.033338 seconds
Number of updated asset objects reloaded before import = 0
Number of asset objects unloaded after import = 9
========================================================================
Received Import Request.
  Time since last request: 0.000027 seconds.
  path: Assets/WoodsLifestyle/Models/Props/Water/RowBoat_01_a.fbx
  artifactKey: Guid(5f045241788ff2e4994480cb915db7ae) Importer(815301076,1909f56bfc062723c751e8b465ee728b)
Start importing Assets/WoodsLifestyle/Models/Props/Water/RowBoat_01_a.fbx using Guid(5f045241788ff2e4994480cb915db7ae) Importer(815301076,1909f56bfc062723c751e8b465ee728b)  -> (artifact id: 'd1ad51a9d00633edfb9dee862bfaf253') in 0.028800 seconds
Number of updated asset objects reloaded before import = 0
Number of asset objects unloaded after import = 9
========================================================================
Received Import Request.
  Time since last request: 7.718390 seconds.
  path: Assets/WoodsLifestyle/Models/Props/Exterior
  artifactKey: Guid(2f360ebd83b9da941ac88a9b6514ec25) Importer(815301076,1909f56bfc062723c751e8b465ee728b)
Start importing Assets/WoodsLifestyle/Models/Props/Exterior using Guid(2f360ebd83b9da941ac88a9b6514ec25) Importer(815301076,1909f56bfc062723c751e8b465ee728b)  -> (artifact id: '7476d0fe6edafb3b3d5288d9d49589e1') in 0.000712 seconds
Number of updated asset objects reloaded before import = 0
Number of asset objects unloaded after import = 0
========================================================================
Received Import Request.
  Time since last request: 0.069989 seconds.
  path: Assets/WoodsLifestyle/Models/Props/Exterior/LightPost_01.fbx
  artifactKey: Guid(b98185666e2db154a9e9012d6270c56b) Importer(815301076,1909f56bfc062723c751e8b465ee728b)
Start importing Assets/WoodsLifestyle/Models/Props/Exterior/LightPost_01.fbx using Guid(b98185666e2db154a9e9012d6270c56b) Importer(815301076,1909f56bfc062723c751e8b465ee728b)  -> (artifact id: '7e1d085ec4480ff86c8b5a450f87dfb1') in 0.041418 seconds
Number of updated asset objects reloaded before import = 0
Number of asset objects unloaded after import = 9
========================================================================
Received Import Request.
  Time since last request: 0.000038 seconds.
  path: Assets/WoodsLifestyle/Models/Props/Exterior/SignPost_02_b.fbx
  artifactKey: Guid(f11b361fcc4b45f499732c9b50426d90) Importer(815301076,1909f56bfc062723c751e8b465ee728b)
Start importing Assets/WoodsLifestyle/Models/Props/Exterior/SignPost_02_b.fbx using Guid(f11b361fcc4b45f499732c9b50426d90) Importer(815301076,1909f56bfc062723c751e8b465ee728b)  -> (artifact id: '4c1bd9e46d76000a4573a0f32298a1ca') in 0.049671 seconds
Number of updated asset objects reloaded before import = 0
Number of asset objects unloaded after import = 9
========================================================================
Received Import Request.
  Time since last request: 0.000027 seconds.
  path: Assets/WoodsLifestyle/Models/Props/Exterior/SignPost_01_a.fbx
  artifactKey: Guid(ebc2d9f1f3db66a41a7497423e6ac6d0) Importer(815301076,1909f56bfc062723c751e8b465ee728b)
Start importing Assets/WoodsLifestyle/Models/Props/Exterior/SignPost_01_a.fbx using Guid(ebc2d9f1f3db66a41a7497423e6ac6d0) Importer(815301076,1909f56bfc062723c751e8b465ee728b)  -> (artifact id: '15444560f654a3acb28a54e7214f502e') in 0.047060 seconds
Number of updated asset objects reloaded before import = 0
Number of asset objects unloaded after import = 9
========================================================================
Received Import Request.
  Time since last request: 0.000018 seconds.
  path: Assets/WoodsLifestyle/Models/Props/Exterior/Stand_03_a.fbx
  artifactKey: Guid(dfbb61c98a77f8644a7015970fd8f4c0) Importer(815301076,1909f56bfc062723c751e8b465ee728b)
Start importing Assets/WoodsLifestyle/Models/Props/Exterior/Stand_03_a.fbx using Guid(dfbb61c98a77f8644a7015970fd8f4c0) Importer(815301076,1909f56bfc062723c751e8b465ee728b)  -> (artifact id: 'ff9c0cabd4535e0816e203cac52e87ae') in 0.024451 seconds
Number of updated asset objects reloaded before import = 0
Number of asset objects unloaded after import = 9
========================================================================
Received Import Request.
  Time since last request: 0.000033 seconds.
  path: Assets/WoodsLifestyle/Models/Props/Exterior/Stand_02.fbx
  artifactKey: Guid(f85b1f220d4dcca48ae74f0bc979a23c) Importer(815301076,1909f56bfc062723c751e8b465ee728b)
Start importing Assets/WoodsLifestyle/Models/Props/Exterior/Stand_02.fbx using Guid(f85b1f220d4dcca48ae74f0bc979a23c) Importer(815301076,1909f56bfc062723c751e8b465ee728b)  -> (artifact id: 'a39e838b47027f11e01b782eabaf48d4') in 0.022170 seconds
Number of updated asset objects reloaded before import = 0
Number of asset objects unloaded after import = 9
========================================================================
Received Import Request.
  Time since last request: 2.666619 seconds.
  path: Assets/WoodsLifestyle/Models/Props/WaterTowers
  artifactKey: Guid(9a394d94e585a424781bb97cd5f79f31) Importer(815301076,1909f56bfc062723c751e8b465ee728b)
Start importing Assets/WoodsLifestyle/Models/Props/WaterTowers using Guid(9a394d94e585a424781bb97cd5f79f31) Importer(815301076,1909f56bfc062723c751e8b465ee728b)  -> (artifact id: '0a04e34f1913a401c45046a6b67d73df') in 0.000601 seconds
Number of updated asset objects reloaded before import = 0
Number of asset objects unloaded after import = 0
========================================================================
Received Import Request.
  Time since last request: 0.039036 seconds.
  path: Assets/WoodsLifestyle/Models/Props/WaterTowers/Tower_01.fbx
  artifactKey: Guid(afceab1db8256044b961e2acbedc9134) Importer(815301076,1909f56bfc062723c751e8b465ee728b)
Start importing Assets/WoodsLifestyle/Models/Props/WaterTowers/Tower_01.fbx using Guid(afceab1db8256044b961e2acbedc9134) Importer(815301076,1909f56bfc062723c751e8b465ee728b)  -> (artifact id: 'e98da6dac4991ef008e90b36cacf432b') in 0.035780 seconds
Number of updated asset objects reloaded before import = 0
Number of asset objects unloaded after import = 9
========================================================================
Received Import Request.
  Time since last request: 0.000031 seconds.
  path: Assets/WoodsLifestyle/Models/Props/WaterTowers/WaterTenkPlatform_01.fbx
  artifactKey: Guid(43382cd0cef5bd049bbe2a02b8fea5f3) Importer(815301076,1909f56bfc062723c751e8b465ee728b)
Start importing Assets/WoodsLifestyle/Models/Props/WaterTowers/WaterTenkPlatform_01.fbx using Guid(43382cd0cef5bd049bbe2a02b8fea5f3) Importer(815301076,1909f56bfc062723c751e8b465ee728b)  -> (artifact id: '4b8fcc896d74a2426eab3d9cf00ccf9b') in 0.024151 seconds
Number of updated asset objects reloaded before import = 0
Number of asset objects unloaded after import = 9
========================================================================
Received Import Request.
  Time since last request: 0.000029 seconds.
  path: Assets/WoodsLifestyle/Models/Props/WaterTowers/WaterTenk_03.fbx
  artifactKey: Guid(82dc0d50b12d2ca4fb9b6cfb711ee411) Importer(815301076,1909f56bfc062723c751e8b465ee728b)
Start importing Assets/WoodsLifestyle/Models/Props/WaterTowers/WaterTenk_03.fbx using Guid(82dc0d50b12d2ca4fb9b6cfb711ee411) Importer(815301076,1909f56bfc062723c751e8b465ee728b)  -> (artifact id: '344d5190c8a0c23f321a55238dd74dd2') in 0.023339 seconds
Number of updated asset objects reloaded before import = 0
Number of asset objects unloaded after import = 9
========================================================================
Received Import Request.
  Time since last request: 27.560382 seconds.
  path: Assets/WoodsLifestyle/Models/Props/Interior
  artifactKey: Guid(06eaa55266d06614b9719406f4352a69) Importer(815301076,1909f56bfc062723c751e8b465ee728b)
Start importing Assets/WoodsLifestyle/Models/Props/Interior using Guid(06eaa55266d06614b9719406f4352a69) Importer(815301076,1909f56bfc062723c751e8b465ee728b)  -> (artifact id: 'b9006cd43d74498e393103c2058b88c8') in 0.000692 seconds
Number of updated asset objects reloaded before import = 0
Number of asset objects unloaded after import = 0
========================================================================
Received Import Request.
  Time since last request: 0.056623 seconds.
  path: Assets/WoodsLifestyle/Models/Props/Interior/Book_01_a.fbx
  artifactKey: Guid(be68145784b4b6a4cb8294800b948024) Importer(815301076,1909f56bfc062723c751e8b465ee728b)
Start importing Assets/WoodsLifestyle/Models/Props/Interior/Book_01_a.fbx using Guid(be68145784b4b6a4cb8294800b948024) Importer(815301076,1909f56bfc062723c751e8b465ee728b)  -> (artifact id: '0b0ab1836d3bc364408c39c9cab354a1') in 0.045747 seconds
Number of updated asset objects reloaded before import = 0
Number of asset objects unloaded after import = 9
========================================================================
Received Import Request.
  Time since last request: 0.000026 seconds.
  path: Assets/WoodsLifestyle/Models/Props/Interior/Mirror_01.fbx
  artifactKey: Guid(edad6fbac59377a4e9572b176fdd7402) Importer(815301076,1909f56bfc062723c751e8b465ee728b)
Start importing Assets/WoodsLifestyle/Models/Props/Interior/Mirror_01.fbx using Guid(edad6fbac59377a4e9572b176fdd7402) Importer(815301076,1909f56bfc062723c751e8b465ee728b)  -> (artifact id: '2755c0239837328259cfbf0446d3dd1c') in 0.058174 seconds
Number of updated asset objects reloaded before import = 0
Number of asset objects unloaded after import = 9
========================================================================
Received Import Request.
  Time since last request: 0.000031 seconds.
  path: Assets/WoodsLifestyle/Models/Props/Interior/WallLight_02.fbx
  artifactKey: Guid(56cfb45452052b94da3586836eb64dff) Importer(815301076,1909f56bfc062723c751e8b465ee728b)
Start importing Assets/WoodsLifestyle/Models/Props/Interior/WallLight_02.fbx using Guid(56cfb45452052b94da3586836eb64dff) Importer(815301076,1909f56bfc062723c751e8b465ee728b)  -> (artifact id: 'cb766bd0bc8115ea248a582d89fc72dd') in 0.056436 seconds
Number of updated asset objects reloaded before import = 0
Number of asset objects unloaded after import = 9
========================================================================
Received Import Request.
  Time since last request: 0.000026 seconds.
  path: Assets/WoodsLifestyle/Models/Props/Interior/Book_03_b.fbx
  artifactKey: Guid(72270f05c0bbe824c9c8d62d95a8397b) Importer(815301076,1909f56bfc062723c751e8b465ee728b)
Start importing Assets/WoodsLifestyle/Models/Props/Interior/Book_03_b.fbx using Guid(72270f05c0bbe824c9c8d62d95a8397b) Importer(815301076,1909f56bfc062723c751e8b465ee728b)  -> (artifact id: '172f8b19afdc8ccf766c5f00992c694b') in 0.064587 seconds
Number of updated asset objects reloaded before import = 0
Number of asset objects unloaded after import = 9
========================================================================
Received Import Request.
  Time since last request: 0.000023 seconds.
  path: Assets/WoodsLifestyle/Models/Props/Interior/Candle_03_c.fbx
  artifactKey: Guid(897a73feb54215540ac3193ceb084519) Importer(815301076,1909f56bfc062723c751e8b465ee728b)
Start importing Assets/WoodsLifestyle/Models/Props/Interior/Candle_03_c.fbx using Guid(897a73feb54215540ac3193ceb084519) Importer(815301076,1909f56bfc062723c751e8b465ee728b)  -> (artifact id: 'aaec1a339668c5588a0281ebee8cebc1') in 0.032127 seconds
Number of updated asset objects reloaded before import = 0
Number of asset objects unloaded after import = 9
========================================================================
Received Import Request.
  Time since last request: 0.000021 seconds.
  path: Assets/WoodsLifestyle/Models/Props/Interior/Book_02_c.fbx
  artifactKey: Guid(caa73d5b73dcf994780569c42edc464e) Importer(815301076,1909f56bfc062723c751e8b465ee728b)
Start importing Assets/WoodsLifestyle/Models/Props/Interior/Book_02_c.fbx using Guid(caa73d5b73dcf994780569c42edc464e) Importer(815301076,1909f56bfc062723c751e8b465ee728b)  -> (artifact id: '7e2239df52833eacdd29192d593505bf') in 0.019441 seconds
Number of updated asset objects reloaded before import = 0
Number of asset objects unloaded after import = 9
========================================================================
Received Import Request.
  Time since last request: 0.000024 seconds.
  path: Assets/WoodsLifestyle/Models/Props/Interior/Candle_02_b.fbx
  artifactKey: Guid(0251b50cfad7858429a27ea4d41e5433) Importer(815301076,1909f56bfc062723c751e8b465ee728b)
Start importing Assets/WoodsLifestyle/Models/Props/Interior/Candle_02_b.fbx using Guid(0251b50cfad7858429a27ea4d41e5433) Importer(815301076,1909f56bfc062723c751e8b465ee728b)  -> (artifact id: '0360f0ac43dfece7058c11bbc3291351') in 0.020668 seconds
Number of updated asset objects reloaded before import = 0
Number of asset objects unloaded after import = 9
========================================================================
Received Import Request.
  Time since last request: 0.000035 seconds.
  path: Assets/WoodsLifestyle/Models/Props/Interior/Lamp_01_a.fbx
  artifactKey: Guid(dcb425397a1eacb418a988036a362221) Importer(815301076,1909f56bfc062723c751e8b465ee728b)
Start importing Assets/WoodsLifestyle/Models/Props/Interior/Lamp_01_a.fbx using Guid(dcb425397a1eacb418a988036a362221) Importer(815301076,1909f56bfc062723c751e8b465ee728b)  -> (artifact id: '3392ea9d5ca7c18c32b6cadcdbcd5ae3') in 0.021713 seconds
Number of updated asset objects reloaded before import = 0
Number of asset objects unloaded after import = 9
========================================================================
Received Import Request.
  Time since last request: 0.000023 seconds.
  path: Assets/WoodsLifestyle/Models/Props/Interior/BookOpen_01_a.fbx
  artifactKey: Guid(baabff32f1242d140a81a11286c51a29) Importer(815301076,1909f56bfc062723c751e8b465ee728b)
Start importing Assets/WoodsLifestyle/Models/Props/Interior/BookOpen_01_a.fbx using Guid(baabff32f1242d140a81a11286c51a29) Importer(815301076,1909f56bfc062723c751e8b465ee728b)  -> (artifact id: '813031f05982fcf1883ca7689e592ea7') in 0.019825 seconds
Number of updated asset objects reloaded before import = 0
Number of asset objects unloaded after import = 9
========================================================================
Received Import Request.
  Time since last request: 0.000025 seconds.
  path: Assets/WoodsLifestyle/Models/Props/Interior/Book_03_a.fbx
  artifactKey: Guid(141cbf5ca05051045b6869c2aaf097fa) Importer(815301076,1909f56bfc062723c751e8b465ee728b)
Start importing Assets/WoodsLifestyle/Models/Props/Interior/Book_03_a.fbx using Guid(141cbf5ca05051045b6869c2aaf097fa) Importer(815301076,1909f56bfc062723c751e8b465ee728b)  -> (artifact id: '18ffe8979275d473f788dce6bc07cb0e') in 0.020794 seconds
Number of updated asset objects reloaded before import = 0
Number of asset objects unloaded after import = 9
========================================================================
Received Import Request.
  Time since last request: 0.000023 seconds.
  path: Assets/WoodsLifestyle/Models/Props/Interior/Book_03_c.fbx
  artifactKey: Guid(123e5751636b19947a59b146bdfd45ca) Importer(815301076,1909f56bfc062723c751e8b465ee728b)
Start importing Assets/WoodsLifestyle/Models/Props/Interior/Book_03_c.fbx using Guid(123e5751636b19947a59b146bdfd45ca) Importer(815301076,1909f56bfc062723c751e8b465ee728b)  -> (artifact id: 'b718b3cc75aae3c190357a799c1ee810') in 0.020324 seconds
Number of updated asset objects reloaded before import = 0
Number of asset objects unloaded after import = 9
========================================================================
Received Import Request.
  Time since last request: 0.000037 seconds.
  path: Assets/WoodsLifestyle/Models/Props/Interior/BookOpen_01_d.fbx
  artifactKey: Guid(3905a92bfb29f4740a5adf0a829a2c6c) Importer(815301076,1909f56bfc062723c751e8b465ee728b)
Start importing Assets/WoodsLifestyle/Models/Props/Interior/BookOpen_01_d.fbx using Guid(3905a92bfb29f4740a5adf0a829a2c6c) Importer(815301076,1909f56bfc062723c751e8b465ee728b)  -> (artifact id: '71af2425dc05a2baef58acf13053122e') in 0.020315 seconds
Number of updated asset objects reloaded before import = 0
Number of asset objects unloaded after import = 9
========================================================================
Received Import Request.
  Time since last request: 0.000034 seconds.
  path: Assets/WoodsLifestyle/Models/Props/Interior/BookCollection_01.fbx
  artifactKey: Guid(36130aeb297db2d46820f12145fd9396) Importer(815301076,1909f56bfc062723c751e8b465ee728b)
Start importing Assets/WoodsLifestyle/Models/Props/Interior/BookCollection_01.fbx using Guid(36130aeb297db2d46820f12145fd9396) Importer(815301076,1909f56bfc062723c751e8b465ee728b)  -> (artifact id: 'b200ebef8c9faf3f45e6fe9ce22305c7') in 0.019773 seconds
Number of updated asset objects reloaded before import = 0
Number of asset objects unloaded after import = 9
========================================================================
Received Import Request.
  Time since last request: 125.057478 seconds.
  path: Assets/WoodsLifestyle/Models/Props/Interior/Book_01_a.fbx
  artifactKey: Guid(be68145784b4b6a4cb8294800b948024) Importer(815301076,1909f56bfc062723c751e8b465ee728b)
Start importing Assets/WoodsLifestyle/Models/Props/Interior/Book_01_a.fbx using Guid(be68145784b4b6a4cb8294800b948024) Importer(815301076,1909f56bfc062723c751e8b465ee728b)  -> (artifact id: '680c328d8b732e616b83b431f4f37402') in 0.021407 seconds
Number of updated asset objects reloaded before import = 0
Number of asset objects unloaded after import = 9
========================================================================
Received Import Request.
  Time since last request: 0.000020 seconds.
  path: Assets/WoodsLifestyle/Models/Props/Interior/Lamp_01_c.fbx
  artifactKey: Guid(bec491f39dddce846aaeca808e9c6bc8) Importer(815301076,1909f56bfc062723c751e8b465ee728b)
Start importing Assets/WoodsLifestyle/Models/Props/Interior/Lamp_01_c.fbx using Guid(bec491f39dddce846aaeca808e9c6bc8) Importer(815301076,1909f56bfc062723c751e8b465ee728b)  -> (artifact id: 'b8674f29eeda66b0a8bf7cc3bba1b58d') in 0.036905 seconds
Number of updated asset objects reloaded before import = 0
Number of asset objects unloaded after import = 9
========================================================================
Received Import Request.
  Time since last request: 0.000023 seconds.
  path: Assets/WoodsLifestyle/Models/Props/Interior/Book_01_d.fbx
  artifactKey: Guid(29b5e1eb1d6d3ee47a189c692178eab3) Importer(815301076,1909f56bfc062723c751e8b465ee728b)
Start importing Assets/WoodsLifestyle/Models/Props/Interior/Book_01_d.fbx using Guid(29b5e1eb1d6d3ee47a189c692178eab3) Importer(815301076,1909f56bfc062723c751e8b465ee728b)  -> (artifact id: 'ad2265c4d9322ad57b37afae7d6e5f89') in 0.034472 seconds
Number of updated asset objects reloaded before import = 0
Number of asset objects unloaded after import = 9
========================================================================
Received Import Request.
  Time since last request: 0.000027 seconds.
  path: Assets/WoodsLifestyle/Models/Props/Interior/BookOpen_01_c.fbx
  artifactKey: Guid(dc6266207e0a75a478a7e02c94da55dd) Importer(815301076,1909f56bfc062723c751e8b465ee728b)
Start importing Assets/WoodsLifestyle/Models/Props/Interior/BookOpen_01_c.fbx using Guid(dc6266207e0a75a478a7e02c94da55dd) Importer(815301076,1909f56bfc062723c751e8b465ee728b)  -> (artifact id: '75eb9718fc5772082ed547e406ce0559') in 0.030279 seconds
Number of updated asset objects reloaded before import = 0
Number of asset objects unloaded after import = 9
========================================================================
Received Import Request.
  Time since last request: 0.000029 seconds.
  path: Assets/WoodsLifestyle/Models/Props/Interior/Book_02_d.fbx
  artifactKey: Guid(4617c10bf69426d4aba6acfb4b3bfc84) Importer(815301076,1909f56bfc062723c751e8b465ee728b)
Start importing Assets/WoodsLifestyle/Models/Props/Interior/Book_02_d.fbx using Guid(4617c10bf69426d4aba6acfb4b3bfc84) Importer(815301076,1909f56bfc062723c751e8b465ee728b)  -> (artifact id: '42e8d0c9f479d67d88bd5f776be0c28e') in 0.013761 seconds
Number of updated asset objects reloaded before import = 0
Number of asset objects unloaded after import = 9
========================================================================
Received Import Request.
  Time since last request: 0.000022 seconds.
  path: Assets/WoodsLifestyle/Models/Props/Interior/Pot_01_a.fbx
  artifactKey: Guid(731c991c7fce85a45aff2474d827fe19) Importer(815301076,1909f56bfc062723c751e8b465ee728b)
Start importing Assets/WoodsLifestyle/Models/Props/Interior/Pot_01_a.fbx using Guid(731c991c7fce85a45aff2474d827fe19) Importer(815301076,1909f56bfc062723c751e8b465ee728b)  -> (artifact id: '2036dc164d3e8294a529b9b1dea7bf2d') in 0.018516 seconds
Number of updated asset objects reloaded before import = 0
Number of asset objects unloaded after import = 9
========================================================================
Received Import Request.
  Time since last request: 0.000021 seconds.
  path: Assets/WoodsLifestyle/Models/Props/Interior/Candle_01_a.fbx
  artifactKey: Guid(41b79ccc36b6ca24d8d87254acfc7e90) Importer(815301076,1909f56bfc062723c751e8b465ee728b)
Start importing Assets/WoodsLifestyle/Models/Props/Interior/Candle_01_a.fbx using Guid(41b79ccc36b6ca24d8d87254acfc7e90) Importer(815301076,1909f56bfc062723c751e8b465ee728b)  -> (artifact id: 'a3a3960ce88faa0e486790a86df00f10') in 0.012896 seconds
Number of updated asset objects reloaded before import = 0
Number of asset objects unloaded after import = 9
========================================================================
Received Import Request.
  Time since last request: 0.000027 seconds.
  path: Assets/WoodsLifestyle/Models/Props/Interior/Book_02_c.fbx
  artifactKey: Guid(caa73d5b73dcf994780569c42edc464e) Importer(815301076,1909f56bfc062723c751e8b465ee728b)
Start importing Assets/WoodsLifestyle/Models/Props/Interior/Book_02_c.fbx using Guid(caa73d5b73dcf994780569c42edc464e) Importer(815301076,1909f56bfc062723c751e8b465ee728b)  -> (artifact id: '26538b830ee46d774b9f1a125abd0fde') in 0.015849 seconds
Number of updated asset objects reloaded before import = 0
Number of asset objects unloaded after import = 9
========================================================================
Received Import Request.
  Time since last request: 0.000028 seconds.
  path: Assets/WoodsLifestyle/Models/Props/Interior/Candle_02_c.fbx
  artifactKey: Guid(fdb21088fbc23bc45b28babcbec00970) Importer(815301076,1909f56bfc062723c751e8b465ee728b)
Start importing Assets/WoodsLifestyle/Models/Props/Interior/Candle_02_c.fbx using Guid(fdb21088fbc23bc45b28babcbec00970) Importer(815301076,1909f56bfc062723c751e8b465ee728b)  -> (artifact id: 'c53d7f9d28b495c24458ad04fc9a545c') in 0.013765 seconds
Number of updated asset objects reloaded before import = 0
Number of asset objects unloaded after import = 9
========================================================================
Received Import Request.
  Time since last request: 0.000058 seconds.
  path: Assets/WoodsLifestyle/Models/Props/Interior/Candle_03_d.fbx
  artifactKey: Guid(bad1f1798203c544f98a3797aaaef533) Importer(815301076,1909f56bfc062723c751e8b465ee728b)
Start importing Assets/WoodsLifestyle/Models/Props/Interior/Candle_03_d.fbx using Guid(bad1f1798203c544f98a3797aaaef533) Importer(815301076,1909f56bfc062723c751e8b465ee728b)  -> (artifact id: '74c80df3f45017b0b29b6fe997827c07') in 0.014972 seconds
Number of updated asset objects reloaded before import = 0
Number of asset objects unloaded after import = 9
========================================================================
Received Import Request.
  Time since last request: 0.000021 seconds.
  path: Assets/WoodsLifestyle/Models/Props/Interior/Lamp_01_a.fbx
  artifactKey: Guid(dcb425397a1eacb418a988036a362221) Importer(815301076,1909f56bfc062723c751e8b465ee728b)
Start importing Assets/WoodsLifestyle/Models/Props/Interior/Lamp_01_a.fbx using Guid(dcb425397a1eacb418a988036a362221) Importer(815301076,1909f56bfc062723c751e8b465ee728b)  -> (artifact id: '58f54e9bcbd4094823e72a0099974b85') in 0.018449 seconds
Number of updated asset objects reloaded before import = 0
Number of asset objects unloaded after import = 9
========================================================================
Received Import Request.
  Time since last request: 0.000020 seconds.
  path: Assets/WoodsLifestyle/Models/Props/Interior/Book_02_a.fbx
  artifactKey: Guid(afa24582f04f08240819d0d04afe12a5) Importer(815301076,1909f56bfc062723c751e8b465ee728b)
Start importing Assets/WoodsLifestyle/Models/Props/Interior/Book_02_a.fbx using Guid(afa24582f04f08240819d0d04afe12a5) Importer(815301076,1909f56bfc062723c751e8b465ee728b)  -> (artifact id: 'b069b6b83050016f33d18ca04c163182') in 0.012675 seconds
Number of updated asset objects reloaded before import = 0
Number of asset objects unloaded after import = 9
========================================================================
Received Import Request.
  Time since last request: 0.000024 seconds.
  path: Assets/WoodsLifestyle/Models/Props/Interior/BookOpen_01_a.fbx
  artifactKey: Guid(baabff32f1242d140a81a11286c51a29) Importer(815301076,1909f56bfc062723c751e8b465ee728b)
Start importing Assets/WoodsLifestyle/Models/Props/Interior/BookOpen_01_a.fbx using Guid(baabff32f1242d140a81a11286c51a29) Importer(815301076,1909f56bfc062723c751e8b465ee728b)  -> (artifact id: '1863218d706758d24ebc59c1189dc932') in 0.013116 seconds
Number of updated asset objects reloaded before import = 0
Number of asset objects unloaded after import = 9
========================================================================
Received Import Request.
  Time since last request: 0.000038 seconds.
  path: Assets/WoodsLifestyle/Models/Props/Interior/Candle_02_a.fbx
  artifactKey: Guid(324da3b8157a35244b342b0c1d0a2d54) Importer(815301076,1909f56bfc062723c751e8b465ee728b)
Start importing Assets/WoodsLifestyle/Models/Props/Interior/Candle_02_a.fbx using Guid(324da3b8157a35244b342b0c1d0a2d54) Importer(815301076,1909f56bfc062723c751e8b465ee728b)  -> (artifact id: '60fb1233236fa351608346c791998eae') in 0.013515 seconds
Number of updated asset objects reloaded before import = 0
Number of asset objects unloaded after import = 9
========================================================================
Received Import Request.
  Time since last request: 0.000020 seconds.
  path: Assets/WoodsLifestyle/Models/Props/Interior/Candle_03_a.fbx
  artifactKey: Guid(029e4e207b05e274184f5be5a79b8174) Importer(815301076,1909f56bfc062723c751e8b465ee728b)
Start importing Assets/WoodsLifestyle/Models/Props/Interior/Candle_03_a.fbx using Guid(029e4e207b05e274184f5be5a79b8174) Importer(815301076,1909f56bfc062723c751e8b465ee728b)  -> (artifact id: '24d1f016af947f9cf8ad7c52945463b0') in 0.013418 seconds
Number of updated asset objects reloaded before import = 0
Number of asset objects unloaded after import = 9
========================================================================
Received Import Request.
  Time since last request: 0.000019 seconds.
  path: Assets/WoodsLifestyle/Models/Props/Interior/Candle_03_b.fbx
  artifactKey: Guid(5cb7960bb9111b849b0f2ee026f127da) Importer(815301076,1909f56bfc062723c751e8b465ee728b)
Start importing Assets/WoodsLifestyle/Models/Props/Interior/Candle_03_b.fbx using Guid(5cb7960bb9111b849b0f2ee026f127da) Importer(815301076,1909f56bfc062723c751e8b465ee728b)  -> (artifact id: 'b7698679a25af6d02d7bd1e63c98e987') in 0.015621 seconds
Number of updated asset objects reloaded before import = 0
Number of asset objects unloaded after import = 9
========================================================================
Received Import Request.
  Time since last request: 0.000035 seconds.
  path: Assets/WoodsLifestyle/Models/Props/Interior/Candle_01_c.fbx
  artifactKey: Guid(9b3192e3ae6f72140a38fea26a480cce) Importer(815301076,1909f56bfc062723c751e8b465ee728b)
Start importing Assets/WoodsLifestyle/Models/Props/Interior/Candle_01_c.fbx using Guid(9b3192e3ae6f72140a38fea26a480cce) Importer(815301076,1909f56bfc062723c751e8b465ee728b)  -> (artifact id: 'c0e88798511bab9e56a598cceea2710b') in 0.016677 seconds
Number of updated asset objects reloaded before import = 0
Number of asset objects unloaded after import = 9
========================================================================
Received Import Request.
  Time since last request: 0.000033 seconds.
  path: Assets/WoodsLifestyle/Models/Props/Interior/Candle_01_b.fbx
  artifactKey: Guid(6e2f22ee1cac9e941b9b3153c9a854d8) Importer(815301076,1909f56bfc062723c751e8b465ee728b)
Start importing Assets/WoodsLifestyle/Models/Props/Interior/Candle_01_b.fbx using Guid(6e2f22ee1cac9e941b9b3153c9a854d8) Importer(815301076,1909f56bfc062723c751e8b465ee728b)  -> (artifact id: 'fcebb17749c1aea0d65b0d7f78d2bd35') in 0.013546 seconds
Number of updated asset objects reloaded before import = 0
Number of asset objects unloaded after import = 9
========================================================================
Received Import Request.
  Time since last request: 0.000023 seconds.
  path: Assets/WoodsLifestyle/Models/Props/Interior/BookCollection_01.fbx
  artifactKey: Guid(36130aeb297db2d46820f12145fd9396) Importer(815301076,1909f56bfc062723c751e8b465ee728b)
Start importing Assets/WoodsLifestyle/Models/Props/Interior/BookCollection_01.fbx using Guid(36130aeb297db2d46820f12145fd9396) Importer(815301076,1909f56bfc062723c751e8b465ee728b)  -> (artifact id: '166f5e0fd1f733145c21b75fbe9bb5f2') in 0.013969 seconds
Number of updated asset objects reloaded before import = 0
Number of asset objects unloaded after import = 9
Editor requested this worker to shutdown with reason: Scaling down because of idle timeout
TcpMessagingSession - receive error: operation aborted. errorcode: 995, details:  /   -       .
AssetImportWorker is now disconnected from the server
Process exiting
Exiting without the bug reporter. Application will terminate with return code 0