Using pre-set license
Built from '2022.3/release' branch; Version is '2022.3.12f1 (4fe6e059c7ef) revision 5236448'; Using compiler version '192829333'; Build Type 'Release'
OS: 'Windows 11  (10.0.22621) 64bit CoreSingleLanguage' Language: 'ru' Physical Memory: 15741 MB
BatchMode: 1, IsHumanControllingUs: 0, StartBugReporterOnCrash: 0, Is64bit: 1, IsPro: 1

COMMAND LINE ARGUMENTS:
C:\Program Files\Unity\Hub\Editor\2022.3.12f1\Editor\Unity.exe
-adb2
-batchMode
-noUpm
-name
AssetImportWorker0
-projectPath
C:/Users/СЂРёСЂРё/Desktop/РўРµСЃС‚РѕРІРѕРµ Р·Р°РґР°РЅРёРµ/Test
-logFile
Logs/AssetImportWorker0.log
-srvPort
50164
Successfully changed project path to: C:/Users/СЂРёСЂРё/Desktop/РўРµСЃС‚РѕРІРѕРµ Р·Р°РґР°РЅРёРµ/Test
C:/Users/СЂРёСЂРё/Desktop/РўРµСЃС‚РѕРІРѕРµ Р·Р°РґР°РЅРёРµ/Test
[UnityMemory] Configuration Parameters - Can be set up in boot.config
    "memorysetup-bucket-allocator-granularity=16"
    "memorysetup-bucket-allocator-bucket-count=8"
    "memorysetup-bucket-allocator-block-size=33554432"
    "memorysetup-bucket-allocator-block-count=8"
    "memorysetup-main-allocator-block-size=16777216"
    "memorysetup-thread-allocator-block-size=16777216"
    "memorysetup-gfx-main-allocator-block-size=16777216"
    "memorysetup-gfx-thread-allocator-block-size=16777216"
    "memorysetup-cache-allocator-block-size=4194304"
    "memorysetup-typetree-allocator-block-size=2097152"
    "memorysetup-profiler-bucket-allocator-granularity=16"
    "memorysetup-profiler-bucket-allocator-bucket-count=8"
    "memorysetup-profiler-bucket-allocator-block-size=33554432"
    "memorysetup-profiler-bucket-allocator-block-count=8"
    "memorysetup-profiler-allocator-block-size=16777216"
    "memorysetup-profiler-editor-allocator-block-size=1048576"
    "memorysetup-temp-allocator-size-main=16777216"
    "memorysetup-job-temp-allocator-block-size=2097152"
    "memorysetup-job-temp-allocator-block-size-background=1048576"
    "memorysetup-job-temp-allocator-reduction-small-platforms=262144"
    "memorysetup-allocator-temp-initial-block-size-main=262144"
    "memorysetup-allocator-temp-initial-block-size-worker=262144"
    "memorysetup-temp-allocator-size-background-worker=32768"
    "memorysetup-temp-allocator-size-job-worker=262144"
    "memorysetup-temp-allocator-size-preload-manager=33554432"
    "memorysetup-temp-allocator-size-nav-mesh-worker=65536"
    "memorysetup-temp-allocator-size-audio-worker=65536"
    "memorysetup-temp-allocator-size-cloud-worker=32768"
    "memorysetup-temp-allocator-size-gi-baking-worker=262144"
    "memorysetup-temp-allocator-size-gfx=262144"
Player connection [9492] Host "[IP] 10.185.230.17 [Port] 0 [Flags] 2 [Guid] 1810041552 [EditorId] 1810041552 [Version] 1048832 [Id] WindowsEditor(7,LAPTOP-4RCAU23R) [Debug] 1 [PackageName] WindowsEditor [ProjectName] Editor" joined multi-casting on [225.0.0.222:54997]...

Player connection [9492] Host "[IP] 10.185.230.17 [Port] 0 [Flags] 2 [Guid] 1810041552 [EditorId] 1810041552 [Version] 1048832 [Id] WindowsEditor(7,LAPTOP-4RCAU23R) [Debug] 1 [PackageName] WindowsEditor [ProjectName] Editor" joined alternative multi-casting on [225.0.0.222:34997]...

[Physics::Module] Initialized MultithreadedJobDispatcher with 11 workers.
Refreshing native plugins compatible for Editor in 3410.70 ms, found 3 plugins.
Preloading 0 native plugins for Editor in 0.00 ms.
Initialize engine version: 2022.3.12f1 (4fe6e059c7ef)
[Subsystems] Discovering subsystems at path C:/Program Files/Unity/Hub/Editor/2022.3.12f1/Editor/Data/Resources/UnitySubsystems
[Subsystems] Discovering subsystems at path C:/Users/СЂРёСЂРё/Desktop/РўРµСЃС‚РѕРІРѕРµ Р·Р°РґР°РЅРёРµ/Test/Assets
GfxDevice: creating device client; threaded=0; jobified=0
Direct3D:
    Version:  Direct3D 11.0 [level 11.1]
    Renderer: NVIDIA GeForce GTX 1650 Ti (ID=0x1f95)
    Vendor:   NVIDIA
    VRAM:     3962 MB
    Driver:   27.21.14.6192
Initialize mono
Mono path[0] = 'C:/Program Files/Unity/Hub/Editor/2022.3.12f1/Editor/Data/Managed'
Mono path[1] = 'C:/Program Files/Unity/Hub/Editor/2022.3.12f1/Editor/Data/MonoBleedingEdge/lib/mono/unityjit-win32'
Mono config path = 'C:/Program Files/Unity/Hub/Editor/2022.3.12f1/Editor/Data/MonoBleedingEdge/etc'
Using monoOptions --debugger-agent=transport=dt_socket,embedding=1,server=y,suspend=n,address=127.0.0.1:56296
Begin MonoManager ReloadAssembly
Registering precompiled unity dll's ...
Register platform support module: C:/Program Files/Unity/Hub/Editor/2022.3.12f1/Editor/Data/PlaybackEngines/WindowsStandaloneSupport/UnityEditor.WindowsStandalone.Extensions.dll
Registered in 0.172122 seconds.
- Loaded All Assemblies, in 11.489 seconds
Native extension for WindowsStandalone target not found
Mono: successfully reloaded assembly
- Finished resetting the current domain, in  0.558 seconds
Domain Reload Profiling: 12044ms
	BeginReloadAssembly (8606ms)
		ExecutionOrderSort (0ms)
		DisableScriptedObjects (0ms)
		BackupInstance (0ms)
		ReleaseScriptingObjects (0ms)
		CreateAndSetChildDomain (1ms)
	RebuildCommonClasses (734ms)
	RebuildNativeTypeToScriptingClass (16ms)
	initialDomainReloadingComplete (270ms)
	LoadAllAssembliesAndSetupDomain (1860ms)
		LoadAssemblies (8599ms)
		RebuildTransferFunctionScriptingTraits (0ms)
		AnalyzeDomain (1856ms)
			TypeCache.Refresh (1852ms)
				TypeCache.ScanAssembly (1361ms)
			ScanForSourceGeneratedMonoScriptInfo (1ms)
			ResolveRequiredComponents (1ms)
	FinalizeReload (559ms)
		ReleaseScriptCaches (0ms)
		RebuildScriptCaches (0ms)
		SetupLoadedEditorAssemblies (437ms)
			LogAssemblyErrors (0ms)
			InitializePlatformSupportModulesInManaged (16ms)
			SetLoadedEditorAssemblies (18ms)
			RefreshPlugins (0ms)
			BeforeProcessingInitializeOnLoad (4ms)
			ProcessInitializeOnLoadAttributes (288ms)
			ProcessInitializeOnLoadMethodAttributes (110ms)
			AfterProcessingInitializeOnLoad (0ms)
			EditorAssembliesLoaded (0ms)
		ExecutionOrderSort2 (0ms)
		AwakeInstancesAfterBackupRestoration (0ms)
========================================================================
Worker process is ready to serve import requests
Begin MonoManager ReloadAssembly
- Loaded All Assemblies, in  8.480 seconds
Refreshing native plugins compatible for Editor in 4.82 ms, found 3 plugins.
Native extension for WindowsStandalone target not found
Package Manager log level set to [2]
[Package Manager] Server::EnsureServerProcessIsRunning -- launch failed, reason: Unity was launched with the -noUpm command-line argument
[Package Manager] UpmClient::Send -- Unable to send message (not connected to UPM process).
[Package Manager] Cannot connect to Unity Package Manager local server
Mono: successfully reloaded assembly
- Finished resetting the current domain, in  0.937 seconds
Domain Reload Profiling: 9411ms
	BeginReloadAssembly (299ms)
		ExecutionOrderSort (0ms)
		DisableScriptedObjects (9ms)
		BackupInstance (0ms)
		ReleaseScriptingObjects (0ms)
		CreateAndSetChildDomain (57ms)
	RebuildCommonClasses (47ms)
	RebuildNativeTypeToScriptingClass (16ms)
	initialDomainReloadingComplete (67ms)
	LoadAllAssembliesAndSetupDomain (8044ms)
		LoadAssemblies (7291ms)
		RebuildTransferFunctionScriptingTraits (0ms)
		AnalyzeDomain (919ms)
			TypeCache.Refresh (880ms)
				TypeCache.ScanAssembly (818ms)
			ScanForSourceGeneratedMonoScriptInfo (28ms)
			ResolveRequiredComponents (7ms)
	FinalizeReload (938ms)
		ReleaseScriptCaches (0ms)
		RebuildScriptCaches (0ms)
		SetupLoadedEditorAssemblies (663ms)
			LogAssemblyErrors (0ms)
			InitializePlatformSupportModulesInManaged (11ms)
			SetLoadedEditorAssemblies (7ms)
			RefreshPlugins (0ms)
			BeforeProcessingInitializeOnLoad (97ms)
			ProcessInitializeOnLoadAttributes (487ms)
			ProcessInitializeOnLoadMethodAttributes (51ms)
			AfterProcessingInitializeOnLoad (10ms)
			EditorAssembliesLoaded (0ms)
		ExecutionOrderSort2 (0ms)
		AwakeInstancesAfterBackupRestoration (12ms)
Launched and connected shader compiler UnityShaderCompiler.exe after 0.09 seconds
Refreshing native plugins compatible for Editor in 6.78 ms, found 3 plugins.
Preloading 0 native plugins for Editor in 0.00 ms.
Unloading 3082 Unused Serialized files (Serialized files now loaded: 0)
Unloading 32 unused Assets / (56.9 KB). Loaded Objects now: 3543.
Memory consumption went from 120.9 MB to 120.8 MB.
Total: 6.938900 ms (FindLiveObjects: 0.690800 ms CreateObjectMapping: 0.134200 ms MarkObjects: 5.740300 ms  DeleteObjects: 0.369500 ms)

AssetImportParameters requested are different than current active one (requested -> active):
  custom:container-demuxer-ogg: 62fdf1f143b41e24485cea50d1cbac27 -> 
  custom:video-codec-MediaFoundation-h265: 746d11721c4dcdbdad8f713fa42b33f4 -> 
  custom:video-decoder-ogg-theora: a1e56fd34408186e4bbccfd4996cb3dc -> 
  custom:framework-win-MediaFoundation: 216162199b28c13a410421893ffa2e32 -> 
  custom:CustomObjectIndexerAttribute: 756ad292c208cfabdd7b50bc23989ffe -> 
  custom:container-demuxer-webm: 4f35f7cbe854078d1ac9338744f61a02 -> 
  custom:container-muxer-webm: aa71ff27fc2769a1b78a27578f13a17b -> 
  custom:video-decoder-webm-vp8: 9c59270c3fd7afecdb556c50c9e8de78 -> 
  custom:SearchIndexIgnoredProperties: e643bd26f0fe6173181afceb89e7c659 -> 
  custom:AudioImporter_EditorPlatform: d09bf68614088b80899f8185d706f6e7 -> 
  custom:video-encoder-webm-vp8: eb34c28f22e8b96e1ab97ce403110664 -> 
  custom:audio-decoder-ogg-vorbis: bf7c407c2cedff20999df2af8eb42d56 -> 
  custom:audio-encoder-webm-vorbis: bf7c407c2cedff20999df2af8eb42d56 -> 
========================================================================
Received Import Request.
  Time since last request: 1037.868926 seconds.
  path: Assets/EmaceArt_LavaPlant/Meshes/EA_Fruit_01c.fbx
  artifactKey: Guid(41d8439ab560bf14b9db4ffc0e0ca637) Importer(815301076,1909f56bfc062723c751e8b465ee728b)
Start importing Assets/EmaceArt_LavaPlant/Meshes/EA_Fruit_01c.fbx using Guid(41d8439ab560bf14b9db4ffc0e0ca637) Importer(815301076,1909f56bfc062723c751e8b465ee728b)  -> (artifact id: '70d053fa939ef9e289c6d16de7be645c') in 0.646096 seconds
Number of updated asset objects reloaded before import = 0
Number of asset objects unloaded after import = 8
========================================================================
Received Import Request.
  Time since last request: 0.000097 seconds.
  path: Assets/EmaceArt_LavaPlant/Prefabs/Rocks_01c_Default.prefab
  artifactKey: Guid(171d553dcae56124aa6a1ec1fdb8854f) Importer(815301076,1909f56bfc062723c751e8b465ee728b)
Start importing Assets/EmaceArt_LavaPlant/Prefabs/Rocks_01c_Default.prefab using Guid(171d553dcae56124aa6a1ec1fdb8854f) Importer(815301076,1909f56bfc062723c751e8b465ee728b)  -> (artifact id: 'd6abdaf54668c9fa76fb6337ed3c3b95') in 0.037590 seconds
Number of updated asset objects reloaded before import = 0
Number of asset objects unloaded after import = 11
========================================================================
Received Import Request.
  Time since last request: 0.000110 seconds.
  path: Assets/EmaceArt_LavaPlant/Meshes/EA_Puddle_01a.fbx
  artifactKey: Guid(1cec3a7cbba29d540beedae4edb3958d) Importer(815301076,1909f56bfc062723c751e8b465ee728b)
Start importing Assets/EmaceArt_LavaPlant/Meshes/EA_Puddle_01a.fbx using Guid(1cec3a7cbba29d540beedae4edb3958d) Importer(815301076,1909f56bfc062723c751e8b465ee728b)  -> (artifact id: '94b22062fb63e0823b8af7d0b382fff7') in 0.059056 seconds
Number of updated asset objects reloaded before import = 0
Number of asset objects unloaded after import = 8
========================================================================
Received Import Request.
  Time since last request: 0.000048 seconds.
  path: Assets/EmaceArt_LavaPlant/Prefabs/Rocks_01b_Default.prefab
  artifactKey: Guid(bf5bd3234c9a24b4796031e2f39ee518) Importer(815301076,1909f56bfc062723c751e8b465ee728b)
Start importing Assets/EmaceArt_LavaPlant/Prefabs/Rocks_01b_Default.prefab using Guid(bf5bd3234c9a24b4796031e2f39ee518) Importer(815301076,1909f56bfc062723c751e8b465ee728b)  -> (artifact id: '66cb734c6a147730d0bfb2e5cc6f3812') in 0.141884 seconds
Number of updated asset objects reloaded before import = 0
Number of asset objects unloaded after import = 11
========================================================================
Received Import Request.
  Time since last request: 0.000095 seconds.
  path: Assets/EmaceArt_LavaPlant/Meshes
  artifactKey: Guid(f6bfd97d1364823408dbfa96ba892f88) Importer(815301076,1909f56bfc062723c751e8b465ee728b)
Start importing Assets/EmaceArt_LavaPlant/Meshes using Guid(f6bfd97d1364823408dbfa96ba892f88) Importer(815301076,1909f56bfc062723c751e8b465ee728b)  -> (artifact id: '0557d19536174c78a7c9da2baaaefbbf') in 0.002008 seconds
Number of updated asset objects reloaded before import = 0
Number of asset objects unloaded after import = 0
========================================================================
Received Import Request.
  Time since last request: 0.000112 seconds.
  path: Assets/EmaceArt_LavaPlant/Skybox/SkyBox/Sky_2_Left+X.png
  artifactKey: Guid(530cdbf9e0f2f45239f957330e5cb249) Importer(815301076,1909f56bfc062723c751e8b465ee728b)
Start importing Assets/EmaceArt_LavaPlant/Skybox/SkyBox/Sky_2_Left+X.png using Guid(530cdbf9e0f2f45239f957330e5cb249) Importer(815301076,1909f56bfc062723c751e8b465ee728b)  -> (artifact id: 'f55fa094c098b42031dd83e271c3cb1d') in 0.147417 seconds
Number of updated asset objects reloaded before import = 0
Number of asset objects unloaded after import = 2
========================================================================
Received Import Request.
  Time since last request: 0.000041 seconds.
  path: Assets/EmaceArt_LavaPlant/Prefabs/EA_Fruit_01b_Default.prefab
  artifactKey: Guid(9384a9cf18e2a574186830c72b490a9c) Importer(815301076,1909f56bfc062723c751e8b465ee728b)
Start importing Assets/EmaceArt_LavaPlant/Prefabs/EA_Fruit_01b_Default.prefab using Guid(9384a9cf18e2a574186830c72b490a9c) Importer(815301076,1909f56bfc062723c751e8b465ee728b)  -> (artifact id: '5a5942eda50e10b1eade1d9cec71dfaf') in 0.156066 seconds
Number of updated asset objects reloaded before import = 0
Number of asset objects unloaded after import = 11
========================================================================
Received Import Request.
  Time since last request: 0.000078 seconds.
  path: Assets/EmaceArt_LavaPlant/Meshes/EA_Plant_01d.fbx
  artifactKey: Guid(5f382bd364971194d97219e1795a1c8b) Importer(815301076,1909f56bfc062723c751e8b465ee728b)
Start importing Assets/EmaceArt_LavaPlant/Meshes/EA_Plant_01d.fbx using Guid(5f382bd364971194d97219e1795a1c8b) Importer(815301076,1909f56bfc062723c751e8b465ee728b)  -> (artifact id: '40d8f5df0151d853d81b41e460138e02') in 0.039427 seconds
Number of updated asset objects reloaded before import = 0
Number of asset objects unloaded after import = 8
========================================================================
Received Import Request.
  Time since last request: 0.000055 seconds.
  path: Assets/EmaceArt_LavaPlant/Skybox/SkyBox/Sky_Back-Z.png
  artifactKey: Guid(ccbc3f25708ed491e86a569f0a679e73) Importer(815301076,1909f56bfc062723c751e8b465ee728b)
Start importing Assets/EmaceArt_LavaPlant/Skybox/SkyBox/Sky_Back-Z.png using Guid(ccbc3f25708ed491e86a569f0a679e73) Importer(815301076,1909f56bfc062723c751e8b465ee728b)  -> (artifact id: '6734d3b25001f9014632f237134a9ac0') in 0.037125 seconds
Number of updated asset objects reloaded before import = 0
Number of asset objects unloaded after import = 2
========================================================================
Received Import Request.
  Time since last request: 0.000106 seconds.
  path: Assets/EmaceArt_LavaPlant/Skybox/SkyBox/Sky_5_Down-Y.png
  artifactKey: Guid(0986bee61deb042389dfc7a860a1fa3a) Importer(815301076,1909f56bfc062723c751e8b465ee728b)
Start importing Assets/EmaceArt_LavaPlant/Skybox/SkyBox/Sky_5_Down-Y.png using Guid(0986bee61deb042389dfc7a860a1fa3a) Importer(815301076,1909f56bfc062723c751e8b465ee728b)  -> (artifact id: 'feb87c3ff20716154841d8322b1fef47') in 0.038355 seconds
Number of updated asset objects reloaded before import = 0
Number of asset objects unloaded after import = 2
========================================================================
Received Import Request.
  Time since last request: 0.000042 seconds.
  path: Assets/EmaceArt_LavaPlant/Meshes/EA_Clif_01b.fbx
  artifactKey: Guid(38a508839fd74d74eb171c31a4a7e0b9) Importer(815301076,1909f56bfc062723c751e8b465ee728b)
Start importing Assets/EmaceArt_LavaPlant/Meshes/EA_Clif_01b.fbx using Guid(38a508839fd74d74eb171c31a4a7e0b9) Importer(815301076,1909f56bfc062723c751e8b465ee728b)  -> (artifact id: '941585e8cbfc472bc8bef6159b334f90') in 0.041778 seconds
Number of updated asset objects reloaded before import = 0
Number of asset objects unloaded after import = 8
========================================================================
Received Import Request.
  Time since last request: 0.000038 seconds.
  path: Assets/EmaceArt_LavaPlant/Prefabs/EA_Puddle_01c_Default.prefab
  artifactKey: Guid(6a4bb2590ab0fe4499450223b402a8a4) Importer(815301076,1909f56bfc062723c751e8b465ee728b)
Start importing Assets/EmaceArt_LavaPlant/Prefabs/EA_Puddle_01c_Default.prefab using Guid(6a4bb2590ab0fe4499450223b402a8a4) Importer(815301076,1909f56bfc062723c751e8b465ee728b)  -> (artifact id: '720885c720b9216dc172627d71a1d9ef') in 0.026962 seconds
Number of updated asset objects reloaded before import = 0
Number of asset objects unloaded after import = 11
========================================================================
Received Import Request.
  Time since last request: 0.000052 seconds.
  path: Assets/EmaceArt_LavaPlant/Skybox/Textures
  artifactKey: Guid(dbfa97442e84d654e8f056c3adec25aa) Importer(815301076,1909f56bfc062723c751e8b465ee728b)
Start importing Assets/EmaceArt_LavaPlant/Skybox/Textures using Guid(dbfa97442e84d654e8f056c3adec25aa) Importer(815301076,1909f56bfc062723c751e8b465ee728b)  -> (artifact id: 'c6c757d936f0d028af5c4f16850864c3') in 0.001155 seconds
Number of updated asset objects reloaded before import = 0
Number of asset objects unloaded after import = 0
========================================================================
Received Import Request.
  Time since last request: 0.000120 seconds.
  path: Assets/EmaceArt_LavaPlant/Meshes/EA_Fruit_01b.fbx
  artifactKey: Guid(e095e57bf6dd14e49be2112e23c5b791) Importer(815301076,1909f56bfc062723c751e8b465ee728b)
Start importing Assets/EmaceArt_LavaPlant/Meshes/EA_Fruit_01b.fbx using Guid(e095e57bf6dd14e49be2112e23c5b791) Importer(815301076,1909f56bfc062723c751e8b465ee728b)  -> (artifact id: '5a668bf77380131c0f4d32d5b72efa83') in 0.043871 seconds
Number of updated asset objects reloaded before import = 0
Number of asset objects unloaded after import = 8
========================================================================
Received Import Request.
  Time since last request: 0.000027 seconds.
  path: Assets/EmaceArt_LavaPlant/Meshes/EA_Clif_01d.fbx
  artifactKey: Guid(12c4255785e41df419d9053801061cb8) Importer(815301076,1909f56bfc062723c751e8b465ee728b)
Start importing Assets/EmaceArt_LavaPlant/Meshes/EA_Clif_01d.fbx using Guid(12c4255785e41df419d9053801061cb8) Importer(815301076,1909f56bfc062723c751e8b465ee728b)  -> (artifact id: 'df9388e2baf6949a2b55536ab0c48d4a') in 0.047810 seconds
Number of updated asset objects reloaded before import = 0
Number of asset objects unloaded after import = 8
========================================================================
Received Import Request.
  Time since last request: 0.000060 seconds.
  path: Assets/EmaceArt_LavaPlant/Material/Plane.mat
  artifactKey: Guid(20a71abf19b1eba4180cb8e4d046caff) Importer(815301076,1909f56bfc062723c751e8b465ee728b)
Start importing Assets/EmaceArt_LavaPlant/Material/Plane.mat using Guid(20a71abf19b1eba4180cb8e4d046caff) Importer(815301076,1909f56bfc062723c751e8b465ee728b)  -> (artifact id: '98265ebba9007eb5155851fc80850fac') in 0.025547 seconds
Number of updated asset objects reloaded before import = 0
Number of asset objects unloaded after import = 1
========================================================================
Received Import Request.
  Time since last request: 0.000093 seconds.
  path: Assets/EmaceArt_LavaPlant/Meshes/Rocks_01d.fbx
  artifactKey: Guid(9e20ab261cbee2040be9c0334a35053f) Importer(815301076,1909f56bfc062723c751e8b465ee728b)
Start importing Assets/EmaceArt_LavaPlant/Meshes/Rocks_01d.fbx using Guid(9e20ab261cbee2040be9c0334a35053f) Importer(815301076,1909f56bfc062723c751e8b465ee728b)  -> (artifact id: '3868cc2e35e09779f268578c47fe1e7b') in 0.038110 seconds
Number of updated asset objects reloaded before import = 0
Number of asset objects unloaded after import = 8
========================================================================
Received Import Request.
  Time since last request: 0.000042 seconds.
  path: Assets/EmaceArt_LavaPlant/Meshes/EA_Plant_01b.fbx
  artifactKey: Guid(f31cbe69df46fe4479954bfa8907357c) Importer(815301076,1909f56bfc062723c751e8b465ee728b)
Start importing Assets/EmaceArt_LavaPlant/Meshes/EA_Plant_01b.fbx using Guid(f31cbe69df46fe4479954bfa8907357c) Importer(815301076,1909f56bfc062723c751e8b465ee728b)  -> (artifact id: 'bc9f06c8a1fdf066b78fb9e3f1c28b96') in 0.036962 seconds
Number of updated asset objects reloaded before import = 0
Number of asset objects unloaded after import = 8
========================================================================
Received Import Request.
  Time since last request: 0.000038 seconds.
  path: Assets/EmaceArt_LavaPlant/Prefabs/Rocks_01d_Default.prefab
  artifactKey: Guid(652b880097732f148a0e38738f640670) Importer(815301076,1909f56bfc062723c751e8b465ee728b)
Start importing Assets/EmaceArt_LavaPlant/Prefabs/Rocks_01d_Default.prefab using Guid(652b880097732f148a0e38738f640670) Importer(815301076,1909f56bfc062723c751e8b465ee728b)  -> (artifact id: '0f6e1b0b5b2e5348a95f2857079f0bd9') in 0.025381 seconds
Number of updated asset objects reloaded before import = 0
Number of asset objects unloaded after import = 11
========================================================================
Received Import Request.
  Time since last request: 0.000025 seconds.
  path: Assets/EmaceArt_LavaPlant/Material/EA_Main.mat
  artifactKey: Guid(206182d338e90fb47af42c620ec448c1) Importer(815301076,1909f56bfc062723c751e8b465ee728b)
Start importing Assets/EmaceArt_LavaPlant/Material/EA_Main.mat using Guid(206182d338e90fb47af42c620ec448c1) Importer(815301076,1909f56bfc062723c751e8b465ee728b)  -> (artifact id: 'b6fd64a82371e5d33156fb8d21ee4b3e') in 0.026245 seconds
Number of updated asset objects reloaded before import = 0
Number of asset objects unloaded after import = 2
========================================================================
Received Import Request.
  Time since last request: 0.000033 seconds.
  path: Assets/EmaceArt_LavaPlant/Prefabs/EA_Clif_01c_Default.prefab
  artifactKey: Guid(27c3faa0d10c39742aab8ab802a5dd37) Importer(815301076,1909f56bfc062723c751e8b465ee728b)
Start importing Assets/EmaceArt_LavaPlant/Prefabs/EA_Clif_01c_Default.prefab using Guid(27c3faa0d10c39742aab8ab802a5dd37) Importer(815301076,1909f56bfc062723c751e8b465ee728b)  -> (artifact id: '9a2395f76ecce2cff907738c628f71bd') in 0.022999 seconds
Number of updated asset objects reloaded before import = 0
Number of asset objects unloaded after import = 11
========================================================================
Received Import Request.
  Time since last request: 261.589576 seconds.
  path: Assets/Low Poly Environment Starter Kit/Source/Meshes/Rocks/Rock_Pile_1.fbx
  artifactKey: Guid(7b6d364608a8b544d8da278812e75ff0) Importer(815301076,1909f56bfc062723c751e8b465ee728b)
Start importing Assets/Low Poly Environment Starter Kit/Source/Meshes/Rocks/Rock_Pile_1.fbx using Guid(7b6d364608a8b544d8da278812e75ff0) Importer(815301076,1909f56bfc062723c751e8b465ee728b)  -> (artifact id: '41cfb8bf9169e908488ae1ad39db5653') in 0.054844 seconds
Number of updated asset objects reloaded before import = 0
Number of asset objects unloaded after import = 8
========================================================================
Received Import Request.
  Time since last request: 0.000044 seconds.
  path: Assets/Low Poly Environment Starter Kit/Source/Meshes/Rocks/Stone_12.fbx
  artifactKey: Guid(78de95d676c519d42ae191386e4bb2cb) Importer(815301076,1909f56bfc062723c751e8b465ee728b)
Start importing Assets/Low Poly Environment Starter Kit/Source/Meshes/Rocks/Stone_12.fbx using Guid(78de95d676c519d42ae191386e4bb2cb) Importer(815301076,1909f56bfc062723c751e8b465ee728b)  -> (artifact id: '6f5d3e215db62bf7b2d7d8583b6623d1') in 0.040845 seconds
Number of updated asset objects reloaded before import = 0
Number of asset objects unloaded after import = 7
========================================================================
Received Import Request.
  Time since last request: 0.000048 seconds.
  path: Assets/Low Poly Environment Starter Kit/Source/Meshes/Rocks/Stone_8.fbx
  artifactKey: Guid(3cea2c96496b41d458718325d0fa63a1) Importer(815301076,1909f56bfc062723c751e8b465ee728b)
Start importing Assets/Low Poly Environment Starter Kit/Source/Meshes/Rocks/Stone_8.fbx using Guid(3cea2c96496b41d458718325d0fa63a1) Importer(815301076,1909f56bfc062723c751e8b465ee728b)  -> (artifact id: 'c902498a74417c3c57d1ff8f5cb90c27') in 0.050336 seconds
Number of updated asset objects reloaded before import = 0
Number of asset objects unloaded after import = 8
========================================================================
Received Import Request.
  Time since last request: 0.000052 seconds.
  path: Assets/Low Poly Environment Starter Kit/Source/Meshes/Rocks/Rock_Pile_3.fbx
  artifactKey: Guid(b7732aaaaf823fd49a81e7543f80f01d) Importer(815301076,1909f56bfc062723c751e8b465ee728b)
Start importing Assets/Low Poly Environment Starter Kit/Source/Meshes/Rocks/Rock_Pile_3.fbx using Guid(b7732aaaaf823fd49a81e7543f80f01d) Importer(815301076,1909f56bfc062723c751e8b465ee728b)  -> (artifact id: '3ff50dd28f2397d5798f6cb758c90aa3') in 0.053118 seconds
Number of updated asset objects reloaded before import = 0
Number of asset objects unloaded after import = 8
========================================================================
Received Import Request.
  Time since last request: 0.000028 seconds.
  path: Assets/Low Poly Environment Starter Kit/Source/Meshes/Rocks/Stone_13.fbx
  artifactKey: Guid(780fdaafcd17a9940b0f23f547d573f1) Importer(815301076,1909f56bfc062723c751e8b465ee728b)
Start importing Assets/Low Poly Environment Starter Kit/Source/Meshes/Rocks/Stone_13.fbx using Guid(780fdaafcd17a9940b0f23f547d573f1) Importer(815301076,1909f56bfc062723c751e8b465ee728b)  -> (artifact id: '185becea992646e481130e7cc893312e') in 0.033875 seconds
Number of updated asset objects reloaded before import = 0
Number of asset objects unloaded after import = 8
========================================================================
Received Import Request.
  Time since last request: 0.000041 seconds.
  path: Assets/Low Poly Environment Starter Kit/Source/Meshes/Rocks/Stone_7.fbx
  artifactKey: Guid(f7f18dab1b893b34195121f0e7421bee) Importer(815301076,1909f56bfc062723c751e8b465ee728b)
Start importing Assets/Low Poly Environment Starter Kit/Source/Meshes/Rocks/Stone_7.fbx using Guid(f7f18dab1b893b34195121f0e7421bee) Importer(815301076,1909f56bfc062723c751e8b465ee728b)  -> (artifact id: '09307792d06d35f94b3eeb5096625a91') in 0.036500 seconds
Number of updated asset objects reloaded before import = 0
Number of asset objects unloaded after import = 8
========================================================================
Received Import Request.
  Time since last request: 0.000048 seconds.
  path: Assets/Low Poly Environment Starter Kit/Source/Meshes/Rocks/Stone_6.fbx
  artifactKey: Guid(ca5622370405d8e46a11ac7aaab5a386) Importer(815301076,1909f56bfc062723c751e8b465ee728b)
Start importing Assets/Low Poly Environment Starter Kit/Source/Meshes/Rocks/Stone_6.fbx using Guid(ca5622370405d8e46a11ac7aaab5a386) Importer(815301076,1909f56bfc062723c751e8b465ee728b)  -> (artifact id: '8587845fd903fe9ddada192c2a5fa64a') in 0.036295 seconds
Number of updated asset objects reloaded before import = 0
Number of asset objects unloaded after import = 8
========================================================================
Received Import Request.
  Time since last request: 0.000034 seconds.
  path: Assets/Low Poly Environment Starter Kit/Source/Meshes/Rocks/Rock_Pile_2.fbx
  artifactKey: Guid(b4527a4598802d040a9f3ea7c4ac17e9) Importer(815301076,1909f56bfc062723c751e8b465ee728b)
Start importing Assets/Low Poly Environment Starter Kit/Source/Meshes/Rocks/Rock_Pile_2.fbx using Guid(b4527a4598802d040a9f3ea7c4ac17e9) Importer(815301076,1909f56bfc062723c751e8b465ee728b)  -> (artifact id: 'd370f42d14639919425eaf5b053b9ab5') in 0.035960 seconds
Number of updated asset objects reloaded before import = 0
Number of asset objects unloaded after import = 8
========================================================================
Received Import Request.
  Time since last request: 7.803972 seconds.
  path: Assets/Low Poly Environment Starter Kit/Source/Meshes/Trees/Pine2.fbx
  artifactKey: Guid(c34f8c18b3b661d4590498d4263977dd) Importer(815301076,1909f56bfc062723c751e8b465ee728b)
Start importing Assets/Low Poly Environment Starter Kit/Source/Meshes/Trees/Pine2.fbx using Guid(c34f8c18b3b661d4590498d4263977dd) Importer(815301076,1909f56bfc062723c751e8b465ee728b)  -> (artifact id: 'f8ca53bbde09a1812d91fe296e32e6fe') in 0.069703 seconds
Number of updated asset objects reloaded before import = 0
Number of asset objects unloaded after import = 14
========================================================================
Received Import Request.
  Time since last request: 0.000067 seconds.
  path: Assets/Low Poly Environment Starter Kit/Source/Meshes/Trees/Tree_5.fbx
  artifactKey: Guid(5d172ee9189e769499eb81eed79675a4) Importer(815301076,1909f56bfc062723c751e8b465ee728b)
Start importing Assets/Low Poly Environment Starter Kit/Source/Meshes/Trees/Tree_5.fbx using Guid(5d172ee9189e769499eb81eed79675a4) Importer(815301076,1909f56bfc062723c751e8b465ee728b)  -> (artifact id: 'e6eb8d97855fe3640aae4410b359ece2') in 0.085867 seconds
Number of updated asset objects reloaded before import = 0
Number of asset objects unloaded after import = 14
========================================================================
Received Import Request.
  Time since last request: 0.000063 seconds.
  path: Assets/Low Poly Environment Starter Kit/Source/Meshes/Trees/Tree_7.fbx
  artifactKey: Guid(9a617e929d4c120498605b8a988fdefa) Importer(815301076,1909f56bfc062723c751e8b465ee728b)
Start importing Assets/Low Poly Environment Starter Kit/Source/Meshes/Trees/Tree_7.fbx using Guid(9a617e929d4c120498605b8a988fdefa) Importer(815301076,1909f56bfc062723c751e8b465ee728b)  -> (artifact id: '4aa292e0fb83bde0b878a17b143e2003') in 0.042236 seconds
Number of updated asset objects reloaded before import = 0
Number of asset objects unloaded after import = 14
========================================================================
Received Import Request.
  Time since last request: 0.000032 seconds.
  path: Assets/Low Poly Environment Starter Kit/Source/Meshes/Trees/Tree_2.fbx
  artifactKey: Guid(724a906d47352904889a720c820ef948) Importer(815301076,1909f56bfc062723c751e8b465ee728b)
Start importing Assets/Low Poly Environment Starter Kit/Source/Meshes/Trees/Tree_2.fbx using Guid(724a906d47352904889a720c820ef948) Importer(815301076,1909f56bfc062723c751e8b465ee728b)  -> (artifact id: '9d20950021066e1530e4b8c04807ce70') in 0.048022 seconds
Number of updated asset objects reloaded before import = 0
Number of asset objects unloaded after import = 14
========================================================================
Received Import Request.
  Time since last request: 0.000038 seconds.
  path: Assets/Low Poly Environment Starter Kit/Source/Meshes/Trees/Tree_1.fbx
  artifactKey: Guid(a67a97928176c1e499fd27d2f5832bc5) Importer(815301076,1909f56bfc062723c751e8b465ee728b)
Start importing Assets/Low Poly Environment Starter Kit/Source/Meshes/Trees/Tree_1.fbx using Guid(a67a97928176c1e499fd27d2f5832bc5) Importer(815301076,1909f56bfc062723c751e8b465ee728b)  -> (artifact id: '6f0793d5560c724e6f42620c59286b3e') in 0.054542 seconds
Number of updated asset objects reloaded before import = 0
Number of asset objects unloaded after import = 15
========================================================================
Received Import Request.
  Time since last request: 2.596211 seconds.
  path: Assets/Low Poly Environment Starter Kit/Source/Meshes/Terrains/Fields.fbx
  artifactKey: Guid(7682757c79b856b4ab635772ee8b893c) Importer(815301076,1909f56bfc062723c751e8b465ee728b)
Start importing Assets/Low Poly Environment Starter Kit/Source/Meshes/Terrains/Fields.fbx using Guid(7682757c79b856b4ab635772ee8b893c) Importer(815301076,1909f56bfc062723c751e8b465ee728b)  -> (artifact id: 'd8c6e9664087aaec12ff1455a203dce3') in 0.218609 seconds
Number of updated asset objects reloaded before import = 0
Number of asset objects unloaded after import = 29
========================================================================
Received Import Request.
  Time since last request: 11.052802 seconds.
  path: Assets/Low Poly Environment Starter Kit/Source/Meshes/Other/Bush_2.fbx
  artifactKey: Guid(45aa7baacf3cc6442be13c43f5a6349e) Importer(815301076,1909f56bfc062723c751e8b465ee728b)
Start importing Assets/Low Poly Environment Starter Kit/Source/Meshes/Other/Bush_2.fbx using Guid(45aa7baacf3cc6442be13c43f5a6349e) Importer(815301076,1909f56bfc062723c751e8b465ee728b)  -> (artifact id: '57df4a9aee332fc53a0f53af9cb5be09') in 0.042415 seconds
Number of updated asset objects reloaded before import = 0
Number of asset objects unloaded after import = 7
========================================================================
Received Import Request.
  Time since last request: 0.000037 seconds.
  path: Assets/Low Poly Environment Starter Kit/Source/Meshes/Other/Grass_4.fbx
  artifactKey: Guid(5692732296ef05241a829e7da9088fdf) Importer(815301076,1909f56bfc062723c751e8b465ee728b)
Start importing Assets/Low Poly Environment Starter Kit/Source/Meshes/Other/Grass_4.fbx using Guid(5692732296ef05241a829e7da9088fdf) Importer(815301076,1909f56bfc062723c751e8b465ee728b)  -> (artifact id: 'a6584138ef83ccceeddd0793deac4edb') in 0.047008 seconds
Number of updated asset objects reloaded before import = 0
Number of asset objects unloaded after import = 7
========================================================================
Received Import Request.
  Time since last request: 0.000096 seconds.
  path: Assets/Low Poly Environment Starter Kit/Source/Meshes/Other/Grass_2.fbx
  artifactKey: Guid(de4828c7966a28f48b6765d2f717a41b) Importer(815301076,1909f56bfc062723c751e8b465ee728b)
Start importing Assets/Low Poly Environment Starter Kit/Source/Meshes/Other/Grass_2.fbx using Guid(de4828c7966a28f48b6765d2f717a41b) Importer(815301076,1909f56bfc062723c751e8b465ee728b)  -> (artifact id: '1adb127184cd38db3e3b8ae3f886fbf0') in 0.041463 seconds
Number of updated asset objects reloaded before import = 0
Number of asset objects unloaded after import = 7
========================================================================
Received Import Request.
  Time since last request: 73.376840 seconds.
  path: Assets/Low Poly Environment Starter Kit/Source/Material
  artifactKey: Guid(1b565043d68eeab49ad4b29ced47e6f9) Importer(815301076,1909f56bfc062723c751e8b465ee728b)
Start importing Assets/Low Poly Environment Starter Kit/Source/Material using Guid(1b565043d68eeab49ad4b29ced47e6f9) Importer(815301076,1909f56bfc062723c751e8b465ee728b)  -> (artifact id: 'e01b551f83c9c239d3470e6dd61ce443') in 0.000982 seconds
Number of updated asset objects reloaded before import = 0
Number of asset objects unloaded after import = 0
========================================================================
Received Import Request.
  Time since last request: 1.395886 seconds.
  path: Assets/Low Poly Environment Starter Kit/Source/Material/Standard
  artifactKey: Guid(f04ae412bed361a4cb480c03cdd8fd69) Importer(815301076,1909f56bfc062723c751e8b465ee728b)
Start importing Assets/Low Poly Environment Starter Kit/Source/Material/Standard using Guid(f04ae412bed361a4cb480c03cdd8fd69) Importer(815301076,1909f56bfc062723c751e8b465ee728b)  -> (artifact id: '9f9709bbb1f66742a8c479bef4208c3f') in 0.001084 seconds
Number of updated asset objects reloaded before import = 0
Number of asset objects unloaded after import = 0
========================================================================
Received Import Request.
  Time since last request: 0.065391 seconds.
  path: Assets/Low Poly Environment Starter Kit/Source/Material/Standard/Bark.mat
  artifactKey: Guid(f1ae7b91dd7e1d74884e29e8c66d18e0) Importer(815301076,1909f56bfc062723c751e8b465ee728b)
Start importing Assets/Low Poly Environment Starter Kit/Source/Material/Standard/Bark.mat using Guid(f1ae7b91dd7e1d74884e29e8c66d18e0) Importer(815301076,1909f56bfc062723c751e8b465ee728b)  -> (artifact id: '03dab175527f05e2712ed21d5647127e') in 0.023729 seconds
Number of updated asset objects reloaded before import = 0
Number of asset objects unloaded after import = 1
========================================================================
Received Import Request.
  Time since last request: 0.000045 seconds.
  path: Assets/Low Poly Environment Starter Kit/Source/Material/Standard/Ground.mat
  artifactKey: Guid(8e85fad1e3c5ae8408a36a756fae14de) Importer(815301076,1909f56bfc062723c751e8b465ee728b)
Start importing Assets/Low Poly Environment Starter Kit/Source/Material/Standard/Ground.mat using Guid(8e85fad1e3c5ae8408a36a756fae14de) Importer(815301076,1909f56bfc062723c751e8b465ee728b)  -> (artifact id: 'f2fb7332d5ec84a3759af6f95a1d9374') in 0.026271 seconds
Number of updated asset objects reloaded before import = 0
Number of asset objects unloaded after import = 2
========================================================================
Received Import Request.
  Time since last request: 0.000038 seconds.
  path: Assets/Low Poly Environment Starter Kit/Source/Material/Standard/Tree Bark.mat
  artifactKey: Guid(e747e5a42b992c840a261a170693a4a5) Importer(815301076,1909f56bfc062723c751e8b465ee728b)
Start importing Assets/Low Poly Environment Starter Kit/Source/Material/Standard/Tree Bark.mat using Guid(e747e5a42b992c840a261a170693a4a5) Importer(815301076,1909f56bfc062723c751e8b465ee728b)  -> (artifact id: '896f31eaea7524af3b6b23df336b1579') in 0.041130 seconds
Number of updated asset objects reloaded before import = 0
Number of asset objects unloaded after import = 1
========================================================================
Received Import Request.
  Time since last request: 0.000040 seconds.
  path: Assets/Low Poly Environment Starter Kit/Source/Material/Standard/Leaves 2.mat
  artifactKey: Guid(3e69a93b6bb7e4140a1b8d6763e44ce5) Importer(815301076,1909f56bfc062723c751e8b465ee728b)
Start importing Assets/Low Poly Environment Starter Kit/Source/Material/Standard/Leaves 2.mat using Guid(3e69a93b6bb7e4140a1b8d6763e44ce5) Importer(815301076,1909f56bfc062723c751e8b465ee728b)  -> (artifact id: '1e2491bedaceeef8e0b1163693726989') in 0.036639 seconds
Number of updated asset objects reloaded before import = 0
Number of asset objects unloaded after import = 1
========================================================================
Received Import Request.
  Time since last request: 0.000056 seconds.
  path: Assets/Low Poly Environment Starter Kit/Source/Material/Standard/Grass.mat
  artifactKey: Guid(b8a28887cdc261940beb9dde5135f816) Importer(815301076,1909f56bfc062723c751e8b465ee728b)
Start importing Assets/Low Poly Environment Starter Kit/Source/Material/Standard/Grass.mat using Guid(b8a28887cdc261940beb9dde5135f816) Importer(815301076,1909f56bfc062723c751e8b465ee728b)  -> (artifact id: '7757f4101e56ace3ab714f15a513b365') in 0.035751 seconds
Number of updated asset objects reloaded before import = 0
Number of asset objects unloaded after import = 2
========================================================================
Received Import Request.
  Time since last request: 0.000047 seconds.
  path: Assets/Low Poly Environment Starter Kit/Source/Material/Standard/Leaves 3.mat
  artifactKey: Guid(afc508e18b3eeba4cb52847367455f78) Importer(815301076,1909f56bfc062723c751e8b465ee728b)
Start importing Assets/Low Poly Environment Starter Kit/Source/Material/Standard/Leaves 3.mat using Guid(afc508e18b3eeba4cb52847367455f78) Importer(815301076,1909f56bfc062723c751e8b465ee728b)  -> (artifact id: 'b4a77a74f5d1908a4323a4dc272d2d0d') in 0.030528 seconds
Number of updated asset objects reloaded before import = 0
Number of asset objects unloaded after import = 1
========================================================================
Received Import Request.
  Time since last request: 0.000047 seconds.
  path: Assets/Low Poly Environment Starter Kit/Source/Material/Standard/Stone.mat
  artifactKey: Guid(fba2869b4b1ab82448fb748decad77ee) Importer(815301076,1909f56bfc062723c751e8b465ee728b)
Start importing Assets/Low Poly Environment Starter Kit/Source/Material/Standard/Stone.mat using Guid(fba2869b4b1ab82448fb748decad77ee) Importer(815301076,1909f56bfc062723c751e8b465ee728b)  -> (artifact id: 'ab90678760748b0ba365a772b26d14ad') in 0.029409 seconds
Number of updated asset objects reloaded before import = 0
Number of asset objects unloaded after import = 1
========================================================================
Received Import Request.
  Time since last request: 0.000031 seconds.
  path: Assets/Low Poly Environment Starter Kit/Source/Material/Standard/Pine Bark.mat
  artifactKey: Guid(1c15e3838f2318a4cb718a202311deab) Importer(815301076,1909f56bfc062723c751e8b465ee728b)
Start importing Assets/Low Poly Environment Starter Kit/Source/Material/Standard/Pine Bark.mat using Guid(1c15e3838f2318a4cb718a202311deab) Importer(815301076,1909f56bfc062723c751e8b465ee728b)  -> (artifact id: 'ef9eff655b74631e749b83b496fc3e8a') in 0.029823 seconds
Number of updated asset objects reloaded before import = 0
Number of asset objects unloaded after import = 2
========================================================================
Received Import Request.
  Time since last request: 0.000053 seconds.
  path: Assets/Low Poly Environment Starter Kit/Source/Material/Standard/Leaves 1.mat
  artifactKey: Guid(d6a4a4ab2012efa48972b622ae97cb60) Importer(815301076,1909f56bfc062723c751e8b465ee728b)
Start importing Assets/Low Poly Environment Starter Kit/Source/Material/Standard/Leaves 1.mat using Guid(d6a4a4ab2012efa48972b622ae97cb60) Importer(815301076,1909f56bfc062723c751e8b465ee728b)  -> (artifact id: 'd5910fb54d4ec6d54e0b537d14317dbf') in 0.027689 seconds
Number of updated asset objects reloaded before import = 0
Number of asset objects unloaded after import = 1
========================================================================
Received Import Request.
  Time since last request: 202.385310 seconds.
  path: Assets/EmaceArt/LowPolyNatureProject - EA04 Tiny Forest Remastered/Meshes/EA04_Rocks_Cuboids_01b.fbx
  artifactKey: Guid(e72e74f2622b9804ea31d89c41137321) Importer(815301076,1909f56bfc062723c751e8b465ee728b)
Start importing Assets/EmaceArt/LowPolyNatureProject - EA04 Tiny Forest Remastered/Meshes/EA04_Rocks_Cuboids_01b.fbx using Guid(e72e74f2622b9804ea31d89c41137321) Importer(815301076,1909f56bfc062723c751e8b465ee728b)  -> (artifact id: 'f6d20e17d9b1dae9a5610744420b2e6a') in 0.035145 seconds
Number of updated asset objects reloaded before import = 0
Number of asset objects unloaded after import = 8
========================================================================
Received Import Request.
  Time since last request: 0.000021 seconds.
  path: Assets/EmaceArt/LowPolyNatureProject - EA04 Tiny Forest Remastered/Meshes/EA04_Trees_Cuboids_01a.fbx
  artifactKey: Guid(de57fe4cd55999a4db8eec68223ed5cb) Importer(815301076,1909f56bfc062723c751e8b465ee728b)
Start importing Assets/EmaceArt/LowPolyNatureProject - EA04 Tiny Forest Remastered/Meshes/EA04_Trees_Cuboids_01a.fbx using Guid(de57fe4cd55999a4db8eec68223ed5cb) Importer(815301076,1909f56bfc062723c751e8b465ee728b)  -> (artifact id: '2bd3cbbdccb7089dae2fb67d5fb6e47f') in 0.045244 seconds
Number of updated asset objects reloaded before import = 0
Number of asset objects unloaded after import = 8
========================================================================
Received Import Request.
  Time since last request: 0.000030 seconds.
  path: Assets/EmaceArt/LowPolyNatureProject - EA04 Tiny Forest Remastered/Meshes/EA04_Rocks_Snot_01a.fbx
  artifactKey: Guid(6c30d7f7ef1430b4eaf0cbff5dd08a39) Importer(815301076,1909f56bfc062723c751e8b465ee728b)
Start importing Assets/EmaceArt/LowPolyNatureProject - EA04 Tiny Forest Remastered/Meshes/EA04_Rocks_Snot_01a.fbx using Guid(6c30d7f7ef1430b4eaf0cbff5dd08a39) Importer(815301076,1909f56bfc062723c751e8b465ee728b)  -> (artifact id: 'd630314d12b2ff32447ecfb15cabe0b2') in 0.046535 seconds
Number of updated asset objects reloaded before import = 0
Number of asset objects unloaded after import = 8
========================================================================
Received Import Request.
  Time since last request: 0.000031 seconds.
  path: Assets/EmaceArt/LowPolyNatureProject - EA04 Tiny Forest Remastered/Meshes/EA04_Trees_Stoolids_01b.fbx
  artifactKey: Guid(27b41da1c62530644ba1480e74bc4274) Importer(815301076,1909f56bfc062723c751e8b465ee728b)
Start importing Assets/EmaceArt/LowPolyNatureProject - EA04 Tiny Forest Remastered/Meshes/EA04_Trees_Stoolids_01b.fbx using Guid(27b41da1c62530644ba1480e74bc4274) Importer(815301076,1909f56bfc062723c751e8b465ee728b)  -> (artifact id: '63713895b541d87b223cf848cce76dfc') in 0.021297 seconds
Number of updated asset objects reloaded before import = 0
Number of asset objects unloaded after import = 8
========================================================================
Received Import Request.
  Time since last request: 0.000059 seconds.
  path: Assets/EmaceArt/LowPolyNatureProject - EA04 Tiny Forest Remastered/Meshes/EA04_Trees_Tire_01d.fbx
  artifactKey: Guid(3558a1f932a73dc4fabfc06214f0941d) Importer(815301076,1909f56bfc062723c751e8b465ee728b)
Start importing Assets/EmaceArt/LowPolyNatureProject - EA04 Tiny Forest Remastered/Meshes/EA04_Trees_Tire_01d.fbx using Guid(3558a1f932a73dc4fabfc06214f0941d) Importer(815301076,1909f56bfc062723c751e8b465ee728b)  -> (artifact id: '393107e66776986e6152e0184b1b6d91') in 0.023009 seconds
Number of updated asset objects reloaded before import = 0
Number of asset objects unloaded after import = 8
========================================================================
Received Import Request.
  Time since last request: 0.000023 seconds.
  path: Assets/EmaceArt/LowPolyNatureProject - EA04 Tiny Forest Remastered/Meshes/EA04_Rocks_Stoolids_01d.fbx
  artifactKey: Guid(75f47cccdfd13c24b90e309cf72197bf) Importer(815301076,1909f56bfc062723c751e8b465ee728b)
Start importing Assets/EmaceArt/LowPolyNatureProject - EA04 Tiny Forest Remastered/Meshes/EA04_Rocks_Stoolids_01d.fbx using Guid(75f47cccdfd13c24b90e309cf72197bf) Importer(815301076,1909f56bfc062723c751e8b465ee728b)  -> (artifact id: '05b13edbce4c4bfa78ca909af2097472') in 0.022889 seconds
Number of updated asset objects reloaded before import = 0
Number of asset objects unloaded after import = 8
Editor requested this worker to shutdown with reason: Scaling down because of idle timeout
TcpMessagingSession - receive error: operation aborted. errorcode: 995, details: Операция ввода/вывода была прервана из-за завершения потока команд или по запросу приложения.
AssetImportWorker is now disconnected from the server
Process exiting
Exiting without the bug reporter. Application will terminate with return code 0