Using pre-set license
Built from '2022.3/release' branch; Version is '2022.3.12f1 (4fe6e059c7ef) revision 5236448'; Using compiler version '192829333'; Build Type 'Release'
OS: 'Windows 11  (10.0.22621) 64bit CoreSingleLanguage' Language: 'ru' Physical Memory: 15741 MB
BatchMode: 1, IsHumanControllingUs: 0, StartBugReporterOnCrash: 0, Is64bit: 1, IsPro: 1

COMMAND LINE ARGUMENTS:
C:\Program Files\Unity\Hub\Editor\2022.3.12f1\Editor\Unity.exe
-adb2
-batchMode
-noUpm
-name
AssetImportWorker14
-projectPath
C:/Users/рири/Desktop/Тестовое задание/Test
-logFile
Logs/AssetImportWorker14.log
-srvPort
50164
Successfully changed project path to: C:/Users/рири/Desktop/Тестовое задание/Test
C:/Users/рири/Desktop/Тестовое задание/Test
[UnityMemory] Configuration Parameters - Can be set up in boot.config
    "memorysetup-bucket-allocator-granularity=16"
    "memorysetup-bucket-allocator-bucket-count=8"
    "memorysetup-bucket-allocator-block-size=33554432"
    "memorysetup-bucket-allocator-block-count=8"
    "memorysetup-main-allocator-block-size=16777216"
    "memorysetup-thread-allocator-block-size=16777216"
    "memorysetup-gfx-main-allocator-block-size=16777216"
    "memorysetup-gfx-thread-allocator-block-size=16777216"
    "memorysetup-cache-allocator-block-size=4194304"
    "memorysetup-typetree-allocator-block-size=2097152"
    "memorysetup-profiler-bucket-allocator-granularity=16"
    "memorysetup-profiler-bucket-allocator-bucket-count=8"
    "memorysetup-profiler-bucket-allocator-block-size=33554432"
    "memorysetup-profiler-bucket-allocator-block-count=8"
    "memorysetup-profiler-allocator-block-size=16777216"
    "memorysetup-profiler-editor-allocator-block-size=1048576"
    "memorysetup-temp-allocator-size-main=16777216"
    "memorysetup-job-temp-allocator-block-size=2097152"
    "memorysetup-job-temp-allocator-block-size-background=1048576"
    "memorysetup-job-temp-allocator-reduction-small-platforms=262144"
    "memorysetup-allocator-temp-initial-block-size-main=262144"
    "memorysetup-allocator-temp-initial-block-size-worker=262144"
    "memorysetup-temp-allocator-size-background-worker=32768"
    "memorysetup-temp-allocator-size-job-worker=262144"
    "memorysetup-temp-allocator-size-preload-manager=33554432"
    "memorysetup-temp-allocator-size-nav-mesh-worker=65536"
    "memorysetup-temp-allocator-size-audio-worker=65536"
    "memorysetup-temp-allocator-size-cloud-worker=32768"
    "memorysetup-temp-allocator-size-gi-baking-worker=262144"
    "memorysetup-temp-allocator-size-gfx=262144"
Player connection [164] Host "[IP] 10.185.230.17 [Port] 0 [Flags] 2 [Guid] 1707233895 [EditorId] 1707233895 [Version] 1048832 [Id] WindowsEditor(7,LAPTOP-4RCAU23R) [Debug] 1 [PackageName] WindowsEditor [ProjectName] Editor" joined multi-casting on [225.0.0.222:54997]...

Player connection [164] Host "[IP] 10.185.230.17 [Port] 0 [Flags] 2 [Guid] 1707233895 [EditorId] 1707233895 [Version] 1048832 [Id] WindowsEditor(7,LAPTOP-4RCAU23R) [Debug] 1 [PackageName] WindowsEditor [ProjectName] Editor" joined alternative multi-casting on [225.0.0.222:34997]...

[Physics::Module] Initialized MultithreadedJobDispatcher with 11 workers.
Refreshing native plugins compatible for Editor in 7.75 ms, found 3 plugins.
Preloading 0 native plugins for Editor in 0.00 ms.
Initialize engine version: 2022.3.12f1 (4fe6e059c7ef)
[Subsystems] Discovering subsystems at path C:/Program Files/Unity/Hub/Editor/2022.3.12f1/Editor/Data/Resources/UnitySubsystems
[Subsystems] Discovering subsystems at path C:/Users/рири/Desktop/Тестовое задание/Test/Assets
GfxDevice: creating device client; threaded=0; jobified=0
Direct3D:
    Version:  Direct3D 11.0 [level 11.1]
    Renderer: NVIDIA GeForce GTX 1650 Ti (ID=0x1f95)
    Vendor:   NVIDIA
    VRAM:     3962 MB
    Driver:   27.21.14.6192
Initialize mono
Mono path[0] = 'C:/Program Files/Unity/Hub/Editor/2022.3.12f1/Editor/Data/Managed'
Mono path[1] = 'C:/Program Files/Unity/Hub/Editor/2022.3.12f1/Editor/Data/MonoBleedingEdge/lib/mono/unityjit-win32'
Mono config path = 'C:/Program Files/Unity/Hub/Editor/2022.3.12f1/Editor/Data/MonoBleedingEdge/etc'
Using monoOptions --debugger-agent=transport=dt_socket,embedding=1,server=y,suspend=n,address=127.0.0.1:56620
Begin MonoManager ReloadAssembly
Registering precompiled unity dll's ...
Register platform support module: C:/Program Files/Unity/Hub/Editor/2022.3.12f1/Editor/Data/PlaybackEngines/WindowsStandaloneSupport/UnityEditor.WindowsStandalone.Extensions.dll
Registered in 0.006242 seconds.
- Loaded All Assemblies, in  0.337 seconds
Native extension for WindowsStandalone target not found
Mono: successfully reloaded assembly
- Finished resetting the current domain, in  0.261 seconds
Domain Reload Profiling: 596ms
	BeginReloadAssembly (101ms)
		ExecutionOrderSort (0ms)
		DisableScriptedObjects (0ms)
		BackupInstance (0ms)
		ReleaseScriptingObjects (0ms)
		CreateAndSetChildDomain (1ms)
	RebuildCommonClasses (35ms)
	RebuildNativeTypeToScriptingClass (11ms)
	initialDomainReloadingComplete (54ms)
	LoadAllAssembliesAndSetupDomain (134ms)
		LoadAssemblies (99ms)
		RebuildTransferFunctionScriptingTraits (0ms)
		AnalyzeDomain (132ms)
			TypeCache.Refresh (130ms)
				TypeCache.ScanAssembly (119ms)
			ScanForSourceGeneratedMonoScriptInfo (0ms)
			ResolveRequiredComponents (1ms)
	FinalizeReload (261ms)
		ReleaseScriptCaches (0ms)
		RebuildScriptCaches (0ms)
		SetupLoadedEditorAssemblies (198ms)
			LogAssemblyErrors (0ms)
			InitializePlatformSupportModulesInManaged (11ms)
			SetLoadedEditorAssemblies (8ms)
			RefreshPlugins (0ms)
			BeforeProcessingInitializeOnLoad (2ms)
			ProcessInitializeOnLoadAttributes (128ms)
			ProcessInitializeOnLoadMethodAttributes (48ms)
			AfterProcessingInitializeOnLoad (0ms)
			EditorAssembliesLoaded (0ms)
		ExecutionOrderSort2 (0ms)
		AwakeInstancesAfterBackupRestoration (0ms)
========================================================================
Worker process is ready to serve import requests
Begin MonoManager ReloadAssembly
- Loaded All Assemblies, in  0.595 seconds
Refreshing native plugins compatible for Editor in 3.23 ms, found 3 plugins.
Native extension for WindowsStandalone target not found
Package Manager log level set to [2]
[Package Manager] Server::EnsureServerProcessIsRunning -- launch failed, reason: Unity was launched with the -noUpm command-line argument
[Package Manager] UpmClient::Send -- Unable to send message (not connected to UPM process).
[Package Manager] Cannot connect to Unity Package Manager local server
Mono: successfully reloaded assembly
- Finished resetting the current domain, in  0.650 seconds
Domain Reload Profiling: 1243ms
	BeginReloadAssembly (144ms)
		ExecutionOrderSort (0ms)
		DisableScriptedObjects (5ms)
		BackupInstance (0ms)
		ReleaseScriptingObjects (0ms)
		CreateAndSetChildDomain (23ms)
	RebuildCommonClasses (32ms)
	RebuildNativeTypeToScriptingClass (11ms)
	initialDomainReloadingComplete (41ms)
	LoadAllAssembliesAndSetupDomain (363ms)
		LoadAssemblies (275ms)
		RebuildTransferFunctionScriptingTraits (0ms)
		AnalyzeDomain (168ms)
			TypeCache.Refresh (150ms)
				TypeCache.ScanAssembly (137ms)
			ScanForSourceGeneratedMonoScriptInfo (13ms)
			ResolveRequiredComponents (4ms)
	FinalizeReload (651ms)
		ReleaseScriptCaches (0ms)
		RebuildScriptCaches (0ms)
		SetupLoadedEditorAssemblies (496ms)
			LogAssemblyErrors (0ms)
			InitializePlatformSupportModulesInManaged (6ms)
			SetLoadedEditorAssemblies (5ms)
			RefreshPlugins (0ms)
			BeforeProcessingInitializeOnLoad (63ms)
			ProcessInitializeOnLoadAttributes (385ms)
			ProcessInitializeOnLoadMethodAttributes (28ms)
			AfterProcessingInitializeOnLoad (9ms)
			EditorAssembliesLoaded (0ms)
		ExecutionOrderSort2 (0ms)
		AwakeInstancesAfterBackupRestoration (7ms)
Launched and connected shader compiler UnityShaderCompiler.exe after 0.05 seconds
Refreshing native plugins compatible for Editor in 3.31 ms, found 3 plugins.
Preloading 0 native plugins for Editor in 0.00 ms.
Unloading 3082 Unused Serialized files (Serialized files now loaded: 0)
Unloading 32 unused Assets / (56.9 KB). Loaded Objects now: 3544.
Memory consumption went from 121.5 MB to 121.4 MB.
Total: 3.126900 ms (FindLiveObjects: 0.336300 ms CreateObjectMapping: 0.165500 ms MarkObjects: 2.518700 ms  DeleteObjects: 0.104500 ms)

AssetImportParameters requested are different than current active one (requested -> active):
  custom:container-demuxer-ogg: 62fdf1f143b41e24485cea50d1cbac27 -> 
  custom:video-codec-MediaFoundation-h265: 746d11721c4dcdbdad8f713fa42b33f4 -> 
  custom:video-decoder-ogg-theora: a1e56fd34408186e4bbccfd4996cb3dc -> 
  custom:framework-win-MediaFoundation: 216162199b28c13a410421893ffa2e32 -> 
  custom:CustomObjectIndexerAttribute: 756ad292c208cfabdd7b50bc23989ffe -> 
  custom:container-demuxer-webm: 4f35f7cbe854078d1ac9338744f61a02 -> 
  custom:container-muxer-webm: aa71ff27fc2769a1b78a27578f13a17b -> 
  custom:video-decoder-webm-vp8: 9c59270c3fd7afecdb556c50c9e8de78 -> 
  custom:SearchIndexIgnoredProperties: e643bd26f0fe6173181afceb89e7c659 -> 
  custom:AudioImporter_EditorPlatform: d09bf68614088b80899f8185d706f6e7 -> 
  custom:video-encoder-webm-vp8: eb34c28f22e8b96e1ab97ce403110664 -> 
  custom:audio-decoder-ogg-vorbis: bf7c407c2cedff20999df2af8eb42d56 -> 
  custom:audio-encoder-webm-vorbis: bf7c407c2cedff20999df2af8eb42d56 -> 
========================================================================
Received Import Request.
  Time since last request: 4155.638699 seconds.
  path: Assets/WoodsLifestyle/Models/Vegetation/Grass/Grass_b_03.fbx
  artifactKey: Guid(540f5ac97692bc74f919cebf843ad987) Importer(815301076,1909f56bfc062723c751e8b465ee728b)
Start importing Assets/WoodsLifestyle/Models/Vegetation/Grass/Grass_b_03.fbx using Guid(540f5ac97692bc74f919cebf843ad987) Importer(815301076,1909f56bfc062723c751e8b465ee728b)  -> (artifact id: '3daf0d7f07f7ebf5252e376b991f0f13') in 0.144988 seconds
Number of updated asset objects reloaded before import = 0
Number of asset objects unloaded after import = 8
========================================================================
Received Import Request.
  Time since last request: 1.732776 seconds.
  path: Assets/WoodsLifestyle/Models/Vegetation/Mushrooms/Mushroom_c_a_02.fbx
  artifactKey: Guid(f329f4189d228ab4da8be1829686864f) Importer(815301076,1909f56bfc062723c751e8b465ee728b)
Start importing Assets/WoodsLifestyle/Models/Vegetation/Mushrooms/Mushroom_c_a_02.fbx using Guid(f329f4189d228ab4da8be1829686864f) Importer(815301076,1909f56bfc062723c751e8b465ee728b)  -> (artifact id: '919711db34fe2b22b383b4f08feb8ac0') in 0.025224 seconds
Number of updated asset objects reloaded before import = 0
Number of asset objects unloaded after import = 9
========================================================================
Received Import Request.
  Time since last request: 1.901305 seconds.
  path: Assets/WoodsLifestyle/Models/Vegetation/Plants/Plant_c_02.fbx
  artifactKey: Guid(15b8c0bd853a0bc41bc442ad85fda29c) Importer(815301076,1909f56bfc062723c751e8b465ee728b)
Start importing Assets/WoodsLifestyle/Models/Vegetation/Plants/Plant_c_02.fbx using Guid(15b8c0bd853a0bc41bc442ad85fda29c) Importer(815301076,1909f56bfc062723c751e8b465ee728b)  -> (artifact id: '808e9ac61ce4414e37f0c381ae50553c') in 0.031824 seconds
Number of updated asset objects reloaded before import = 0
Number of asset objects unloaded after import = 8
========================================================================
Received Import Request.
  Time since last request: 0.000022 seconds.
  path: Assets/WoodsLifestyle/Models/Vegetation/Plants/Plant_d_03.fbx
  artifactKey: Guid(cf413f1a5556fe34388c26a6d70288e0) Importer(815301076,1909f56bfc062723c751e8b465ee728b)
Start importing Assets/WoodsLifestyle/Models/Vegetation/Plants/Plant_d_03.fbx using Guid(cf413f1a5556fe34388c26a6d70288e0) Importer(815301076,1909f56bfc062723c751e8b465ee728b)  -> (artifact id: 'b3b980ed0f32c691ea53aaca39b0b2c3') in 0.028894 seconds
Number of updated asset objects reloaded before import = 0
Number of asset objects unloaded after import = 8
========================================================================
Received Import Request.
  Time since last request: 2.031394 seconds.
  path: Assets/WoodsLifestyle/Models/Vegetation/Sticks/Stick_02_a.fbx
  artifactKey: Guid(0e85c90891a9a5f4aadc197a9942a585) Importer(815301076,1909f56bfc062723c751e8b465ee728b)
Start importing Assets/WoodsLifestyle/Models/Vegetation/Sticks/Stick_02_a.fbx using Guid(0e85c90891a9a5f4aadc197a9942a585) Importer(815301076,1909f56bfc062723c751e8b465ee728b)  -> (artifact id: '105c3a70602817c7c55222d482949841') in 0.031919 seconds
Number of updated asset objects reloaded before import = 0
Number of asset objects unloaded after import = 8
========================================================================
Received Import Request.
  Time since last request: 0.000020 seconds.
  path: Assets/WoodsLifestyle/Models/Vegetation/Sticks/Stick_02_b.fbx
  artifactKey: Guid(e89d6f22be8fee146bc6ac01b693ca9f) Importer(815301076,1909f56bfc062723c751e8b465ee728b)
Start importing Assets/WoodsLifestyle/Models/Vegetation/Sticks/Stick_02_b.fbx using Guid(e89d6f22be8fee146bc6ac01b693ca9f) Importer(815301076,1909f56bfc062723c751e8b465ee728b)  -> (artifact id: '49ca52fb827ac4c55d3ace6c4b7b9183') in 0.031851 seconds
Number of updated asset objects reloaded before import = 0
Number of asset objects unloaded after import = 8
========================================================================
Received Import Request.
  Time since last request: 3.045089 seconds.
  path: Assets/WoodsLifestyle/Models/Vegetation/Trees/Tree_01_c.fbx
  artifactKey: Guid(1a3aaa238065992479bafe2f76aeebb1) Importer(815301076,1909f56bfc062723c751e8b465ee728b)
Start importing Assets/WoodsLifestyle/Models/Vegetation/Trees/Tree_01_c.fbx using Guid(1a3aaa238065992479bafe2f76aeebb1) Importer(815301076,1909f56bfc062723c751e8b465ee728b)  -> (artifact id: 'c9c1064252e321ba34b8bca7203002ff') in 0.053850 seconds
Number of updated asset objects reloaded before import = 0
Number of asset objects unloaded after import = 9
========================================================================
Received Import Request.
  Time since last request: 0.000026 seconds.
  path: Assets/WoodsLifestyle/Models/Vegetation/Trees/Tree_08_b.fbx
  artifactKey: Guid(1648e9f87ac1ffe42b82a1389ae9c8f6) Importer(815301076,1909f56bfc062723c751e8b465ee728b)
Start importing Assets/WoodsLifestyle/Models/Vegetation/Trees/Tree_08_b.fbx using Guid(1648e9f87ac1ffe42b82a1389ae9c8f6) Importer(815301076,1909f56bfc062723c751e8b465ee728b)  -> (artifact id: '896f99fc54236d7ac900dd4ddf1c83fc') in 0.063703 seconds
Number of updated asset objects reloaded before import = 0
Number of asset objects unloaded after import = 9
========================================================================
Received Import Request.
  Time since last request: 0.000027 seconds.
  path: Assets/WoodsLifestyle/Models/Vegetation/Trees/Tree_09_b.fbx
  artifactKey: Guid(1bd22797afe37aa40a4aec9f7ff8924b) Importer(815301076,1909f56bfc062723c751e8b465ee728b)
Start importing Assets/WoodsLifestyle/Models/Vegetation/Trees/Tree_09_b.fbx using Guid(1bd22797afe37aa40a4aec9f7ff8924b) Importer(815301076,1909f56bfc062723c751e8b465ee728b)  -> (artifact id: 'f9adaca321404dc880e06f97570a5106') in 0.048595 seconds
Number of updated asset objects reloaded before import = 0
Number of asset objects unloaded after import = 9
========================================================================
Received Import Request.
  Time since last request: 0.000018 seconds.
  path: Assets/WoodsLifestyle/Models/Vegetation/Trees/Tree_10_a.fbx
  artifactKey: Guid(d642bdb2862b6664191fa636b60b4678) Importer(815301076,1909f56bfc062723c751e8b465ee728b)
Start importing Assets/WoodsLifestyle/Models/Vegetation/Trees/Tree_10_a.fbx using Guid(d642bdb2862b6664191fa636b60b4678) Importer(815301076,1909f56bfc062723c751e8b465ee728b)  -> (artifact id: '1b094fb0001d1405c2ea13aab685a472') in 0.039941 seconds
Number of updated asset objects reloaded before import = 0
Number of asset objects unloaded after import = 9
========================================================================
Received Import Request.
  Time since last request: 0.000017 seconds.
  path: Assets/WoodsLifestyle/Models/Vegetation/Trees/Tree_12_b.fbx
  artifactKey: Guid(19bcb2d571d656b4bb78388cd6b9f961) Importer(815301076,1909f56bfc062723c751e8b465ee728b)
Start importing Assets/WoodsLifestyle/Models/Vegetation/Trees/Tree_12_b.fbx using Guid(19bcb2d571d656b4bb78388cd6b9f961) Importer(815301076,1909f56bfc062723c751e8b465ee728b)  -> (artifact id: '9bcf3593941869245a3d0d02e6635331') in 0.040030 seconds
Number of updated asset objects reloaded before import = 0
Number of asset objects unloaded after import = 9
========================================================================
Received Import Request.
  Time since last request: 0.000021 seconds.
  path: Assets/WoodsLifestyle/Models/Vegetation/Trees/Tree_06_b.fbx
  artifactKey: Guid(d0d1378f9346c4445965194f2ece541a) Importer(815301076,1909f56bfc062723c751e8b465ee728b)
Start importing Assets/WoodsLifestyle/Models/Vegetation/Trees/Tree_06_b.fbx using Guid(d0d1378f9346c4445965194f2ece541a) Importer(815301076,1909f56bfc062723c751e8b465ee728b)  -> (artifact id: '3e6ab25a21e7178fdd2be11edfbe4022') in 0.022433 seconds
Number of updated asset objects reloaded before import = 0
Number of asset objects unloaded after import = 9
========================================================================
Received Import Request.
  Time since last request: 0.000025 seconds.
  path: Assets/WoodsLifestyle/Models/Vegetation/Trees/Tree_02_a.fbx
  artifactKey: Guid(be20c35fb33c0ed429d4dc2691cd3bc4) Importer(815301076,1909f56bfc062723c751e8b465ee728b)
Start importing Assets/WoodsLifestyle/Models/Vegetation/Trees/Tree_02_a.fbx using Guid(be20c35fb33c0ed429d4dc2691cd3bc4) Importer(815301076,1909f56bfc062723c751e8b465ee728b)  -> (artifact id: '27313da91c8eb5ea71fb55de1a2b231d') in 0.020398 seconds
Number of updated asset objects reloaded before import = 0
Number of asset objects unloaded after import = 9
========================================================================
Received Import Request.
  Time since last request: 0.000034 seconds.
  path: Assets/WoodsLifestyle/Models/Vegetation/Trees/Tree_14_c.fbx
  artifactKey: Guid(cb65d46200540b9458fb48a5a1077f7e) Importer(815301076,1909f56bfc062723c751e8b465ee728b)
Start importing Assets/WoodsLifestyle/Models/Vegetation/Trees/Tree_14_c.fbx using Guid(cb65d46200540b9458fb48a5a1077f7e) Importer(815301076,1909f56bfc062723c751e8b465ee728b)  -> (artifact id: '899b6727ac29795dccafc19a8ebc8037') in 0.022099 seconds
Number of updated asset objects reloaded before import = 0
Number of asset objects unloaded after import = 9
========================================================================
Received Import Request.
  Time since last request: 0.000023 seconds.
  path: Assets/WoodsLifestyle/Models/Vegetation/Trees/Tree_11_b.fbx
  artifactKey: Guid(e4c4e5e3ac1f22e449fbae4034234845) Importer(815301076,1909f56bfc062723c751e8b465ee728b)
Start importing Assets/WoodsLifestyle/Models/Vegetation/Trees/Tree_11_b.fbx using Guid(e4c4e5e3ac1f22e449fbae4034234845) Importer(815301076,1909f56bfc062723c751e8b465ee728b)  -> (artifact id: 'a7f0e21bece5e580a639f5002d3ca8c8') in 0.020985 seconds
Number of updated asset objects reloaded before import = 0
Number of asset objects unloaded after import = 9
========================================================================
Received Import Request.
  Time since last request: 0.000029 seconds.
  path: Assets/WoodsLifestyle/Models/Vegetation/Trees/Tree_04_b.fbx
  artifactKey: Guid(0f8a2113228416b40bfa840389f2849f) Importer(815301076,1909f56bfc062723c751e8b465ee728b)
Start importing Assets/WoodsLifestyle/Models/Vegetation/Trees/Tree_04_b.fbx using Guid(0f8a2113228416b40bfa840389f2849f) Importer(815301076,1909f56bfc062723c751e8b465ee728b)  -> (artifact id: '6c085efcb3e1b8337ac0b32aa90bafe6') in 0.023048 seconds
Number of updated asset objects reloaded before import = 0
Number of asset objects unloaded after import = 9
========================================================================
Received Import Request.
  Time since last request: 0.000045 seconds.
  path: Assets/WoodsLifestyle/Models/Vegetation/Trees/Tree_03_c.fbx
  artifactKey: Guid(4eaba37da53667f4eab7d9642ce23a4a) Importer(815301076,1909f56bfc062723c751e8b465ee728b)
Start importing Assets/WoodsLifestyle/Models/Vegetation/Trees/Tree_03_c.fbx using Guid(4eaba37da53667f4eab7d9642ce23a4a) Importer(815301076,1909f56bfc062723c751e8b465ee728b)  -> (artifact id: 'da3101bf83868b64ca4cba36304d09bc') in 0.022156 seconds
Number of updated asset objects reloaded before import = 0
Number of asset objects unloaded after import = 9
========================================================================
Received Import Request.
  Time since last request: 0.000029 seconds.
  path: Assets/WoodsLifestyle/Models/Vegetation/Trees/Tree_07_b.fbx
  artifactKey: Guid(b8390ee5daed0404a8ce4dd35f402cf0) Importer(815301076,1909f56bfc062723c751e8b465ee728b)
Start importing Assets/WoodsLifestyle/Models/Vegetation/Trees/Tree_07_b.fbx using Guid(b8390ee5daed0404a8ce4dd35f402cf0) Importer(815301076,1909f56bfc062723c751e8b465ee728b)  -> (artifact id: '749afce5c8592205ab81acea6d9bdd82') in 0.020132 seconds
Number of updated asset objects reloaded before import = 0
Number of asset objects unloaded after import = 9
========================================================================
Received Import Request.
  Time since last request: 0.000045 seconds.
  path: Assets/WoodsLifestyle/Models/Vegetation/Trees/Tree_08_c.fbx
  artifactKey: Guid(f7c37c85724fef8468e9745d1360d962) Importer(815301076,1909f56bfc062723c751e8b465ee728b)
Start importing Assets/WoodsLifestyle/Models/Vegetation/Trees/Tree_08_c.fbx using Guid(f7c37c85724fef8468e9745d1360d962) Importer(815301076,1909f56bfc062723c751e8b465ee728b)  -> (artifact id: 'e2648f3bae25423647d19189ae6890d9') in 0.021445 seconds
Number of updated asset objects reloaded before import = 0
Number of asset objects unloaded after import = 9
========================================================================
Received Import Request.
  Time since last request: 0.000037 seconds.
  path: Assets/WoodsLifestyle/Models/Vegetation/Trees/Tree_14_b.fbx
  artifactKey: Guid(d36e0ae298acd9c4992e25f90c9be70b) Importer(815301076,1909f56bfc062723c751e8b465ee728b)
Start importing Assets/WoodsLifestyle/Models/Vegetation/Trees/Tree_14_b.fbx using Guid(d36e0ae298acd9c4992e25f90c9be70b) Importer(815301076,1909f56bfc062723c751e8b465ee728b)  -> (artifact id: '3a88301512f8bd6e6f15f41273fad636') in 0.020176 seconds
Number of updated asset objects reloaded before import = 0
Number of asset objects unloaded after import = 9
========================================================================
Received Import Request.
  Time since last request: 5.479538 seconds.
  path: Assets/WoodsLifestyle/Models/Cabins/Floors/Floor_01_b.fbx
  artifactKey: Guid(184bbd7a4e6a13b49bba4bb0bb8b64b3) Importer(815301076,1909f56bfc062723c751e8b465ee728b)
Start importing Assets/WoodsLifestyle/Models/Cabins/Floors/Floor_01_b.fbx using Guid(184bbd7a4e6a13b49bba4bb0bb8b64b3) Importer(815301076,1909f56bfc062723c751e8b465ee728b)  -> (artifact id: '3d364d495896d7f126a4cf849c731b36') in 0.038425 seconds
Number of updated asset objects reloaded before import = 0
Number of asset objects unloaded after import = 9
========================================================================
Received Import Request.
  Time since last request: 0.000023 seconds.
  path: Assets/WoodsLifestyle/Models/Cabins/Floors/Floor_01_c.fbx
  artifactKey: Guid(28555845e8f335e4daa57a5e4a9fe897) Importer(815301076,1909f56bfc062723c751e8b465ee728b)
Start importing Assets/WoodsLifestyle/Models/Cabins/Floors/Floor_01_c.fbx using Guid(28555845e8f335e4daa57a5e4a9fe897) Importer(815301076,1909f56bfc062723c751e8b465ee728b)  -> (artifact id: '759dc9796d22fcaed8f0fd619a4b2f78') in 0.029392 seconds
Number of updated asset objects reloaded before import = 0
Number of asset objects unloaded after import = 9
========================================================================
Received Import Request.
  Time since last request: 1.707859 seconds.
  path: Assets/WoodsLifestyle/Models/Cabins/Roofs/Roof_01_b.fbx
  artifactKey: Guid(5b8ca27d42df5dd4cbabf59f45cf8774) Importer(815301076,1909f56bfc062723c751e8b465ee728b)
Start importing Assets/WoodsLifestyle/Models/Cabins/Roofs/Roof_01_b.fbx using Guid(5b8ca27d42df5dd4cbabf59f45cf8774) Importer(815301076,1909f56bfc062723c751e8b465ee728b)  -> (artifact id: '633fc8ca0ecf72310e2028160b5588d7') in 0.015330 seconds
Number of updated asset objects reloaded before import = 0
Number of asset objects unloaded after import = 9
========================================================================
Received Import Request.
  Time since last request: 0.000022 seconds.
  path: Assets/WoodsLifestyle/Models/Cabins/Roofs/Roof_02.fbx
  artifactKey: Guid(75b366605bacf2a47aa1101444c0b33c) Importer(815301076,1909f56bfc062723c751e8b465ee728b)
Start importing Assets/WoodsLifestyle/Models/Cabins/Roofs/Roof_02.fbx using Guid(75b366605bacf2a47aa1101444c0b33c) Importer(815301076,1909f56bfc062723c751e8b465ee728b)  -> (artifact id: '35cab14275b5ff90564d2c9f8c5ac097') in 0.011026 seconds
Number of updated asset objects reloaded before import = 0
Number of asset objects unloaded after import = 9
========================================================================
Received Import Request.
  Time since last request: 1.717296 seconds.
  path: Assets/WoodsLifestyle/Models/Cabins/Walls/Wall_Narrow_01_c.fbx
  artifactKey: Guid(b9f6a13223e5a8c429b2359c3e591c86) Importer(815301076,1909f56bfc062723c751e8b465ee728b)
Start importing Assets/WoodsLifestyle/Models/Cabins/Walls/Wall_Narrow_01_c.fbx using Guid(b9f6a13223e5a8c429b2359c3e591c86) Importer(815301076,1909f56bfc062723c751e8b465ee728b)  -> (artifact id: 'a571115f9a53a00bb43f0d4510733db2') in 0.029665 seconds
Number of updated asset objects reloaded before import = 0
Number of asset objects unloaded after import = 9
========================================================================
Received Import Request.
  Time since last request: 0.000028 seconds.
  path: Assets/WoodsLifestyle/Models/Cabins/Walls/Wall_Narrow_02_b.fbx
  artifactKey: Guid(a7caf4189f37a364685fcd11766cd654) Importer(815301076,1909f56bfc062723c751e8b465ee728b)
Start importing Assets/WoodsLifestyle/Models/Cabins/Walls/Wall_Narrow_02_b.fbx using Guid(a7caf4189f37a364685fcd11766cd654) Importer(815301076,1909f56bfc062723c751e8b465ee728b)  -> (artifact id: 'c60ae5ec4e76ed253452616827a3dd19') in 0.039569 seconds
Number of updated asset objects reloaded before import = 0
Number of asset objects unloaded after import = 9
========================================================================
Received Import Request.
  Time since last request: 0.000017 seconds.
  path: Assets/WoodsLifestyle/Models/Cabins/Walls/Wall_Wide_01_c.fbx
  artifactKey: Guid(a641b02027f71604bb8c51c8104b3b7d) Importer(815301076,1909f56bfc062723c751e8b465ee728b)
Start importing Assets/WoodsLifestyle/Models/Cabins/Walls/Wall_Wide_01_c.fbx using Guid(a641b02027f71604bb8c51c8104b3b7d) Importer(815301076,1909f56bfc062723c751e8b465ee728b)  -> (artifact id: '44d56fb1cbcf465df2813e62cee18099') in 0.015558 seconds
Number of updated asset objects reloaded before import = 0
Number of asset objects unloaded after import = 9
========================================================================
Received Import Request.
  Time since last request: 0.000031 seconds.
  path: Assets/WoodsLifestyle/Models/Cabins/Walls/Wall_Wide_02_c.fbx
  artifactKey: Guid(4fc77b36bb950804481dd3a761c6d468) Importer(815301076,1909f56bfc062723c751e8b465ee728b)
Start importing Assets/WoodsLifestyle/Models/Cabins/Walls/Wall_Wide_02_c.fbx using Guid(4fc77b36bb950804481dd3a761c6d468) Importer(815301076,1909f56bfc062723c751e8b465ee728b)  -> (artifact id: '6cb16e3714b8987b10095675e5d7262c') in 0.013701 seconds
Number of updated asset objects reloaded before import = 0
Number of asset objects unloaded after import = 9
========================================================================
Received Import Request.
  Time since last request: 0.000021 seconds.
  path: Assets/WoodsLifestyle/Models/Cabins/Walls/Wall_Wide_02_b.fbx
  artifactKey: Guid(be8f36c024b35c84ab61f8e2d45b245e) Importer(815301076,1909f56bfc062723c751e8b465ee728b)
Start importing Assets/WoodsLifestyle/Models/Cabins/Walls/Wall_Wide_02_b.fbx using Guid(be8f36c024b35c84ab61f8e2d45b245e) Importer(815301076,1909f56bfc062723c751e8b465ee728b)  -> (artifact id: 'b7c4e2dfecce0bd1dc17d4d3d0a98708') in 0.014968 seconds
Number of updated asset objects reloaded before import = 0
Number of asset objects unloaded after import = 9
========================================================================
Received Import Request.
  Time since last request: 9.192423 seconds.
  path: Assets/WoodsLifestyle/Models/Logs_Wood/Log_01_a.fbx
  artifactKey: Guid(6c5c9643b1854ba4eb9a6491424afce7) Importer(815301076,1909f56bfc062723c751e8b465ee728b)
Start importing Assets/WoodsLifestyle/Models/Logs_Wood/Log_01_a.fbx using Guid(6c5c9643b1854ba4eb9a6491424afce7) Importer(815301076,1909f56bfc062723c751e8b465ee728b)  -> (artifact id: '49621eb48ecc8da15d12d1d1867167a9') in 0.038678 seconds
Number of updated asset objects reloaded before import = 0
Number of asset objects unloaded after import = 9
========================================================================
Received Import Request.
  Time since last request: 0.000025 seconds.
  path: Assets/WoodsLifestyle/Models/Logs_Wood/LogHeap_01_b.fbx
  artifactKey: Guid(b69b231b6ce3a37418c87345ba8cee59) Importer(815301076,1909f56bfc062723c751e8b465ee728b)
Start importing Assets/WoodsLifestyle/Models/Logs_Wood/LogHeap_01_b.fbx using Guid(b69b231b6ce3a37418c87345ba8cee59) Importer(815301076,1909f56bfc062723c751e8b465ee728b)  -> (artifact id: '2968b16597e64e99a722e5b68e11ea8b') in 0.021649 seconds
Number of updated asset objects reloaded before import = 0
Number of asset objects unloaded after import = 9
========================================================================
Received Import Request.
  Time since last request: 0.000032 seconds.
  path: Assets/WoodsLifestyle/Models/Logs_Wood/LogHeap_02_b.fbx
  artifactKey: Guid(43507009ef08f1f42aa8545e7c1b9277) Importer(815301076,1909f56bfc062723c751e8b465ee728b)
Start importing Assets/WoodsLifestyle/Models/Logs_Wood/LogHeap_02_b.fbx using Guid(43507009ef08f1f42aa8545e7c1b9277) Importer(815301076,1909f56bfc062723c751e8b465ee728b)  -> (artifact id: 'a7bbe0c951322250e17b7110cfa6460b') in 0.027621 seconds
Number of updated asset objects reloaded before import = 0
Number of asset objects unloaded after import = 9
========================================================================
Received Import Request.
  Time since last request: 78.542802 seconds.
  path: Assets/WoodsLifestyle/Models/Stairs_Ladders/Staircase_01.fbx
  artifactKey: Guid(279a9fc532b7d204db6e6e3f4bcfadb4) Importer(815301076,1909f56bfc062723c751e8b465ee728b)
Start importing Assets/WoodsLifestyle/Models/Stairs_Ladders/Staircase_01.fbx using Guid(279a9fc532b7d204db6e6e3f4bcfadb4) Importer(815301076,1909f56bfc062723c751e8b465ee728b)  -> (artifact id: '83dd02cb8f8a9a7ec7dc0ddba88f8fdb') in 0.035811 seconds
Number of updated asset objects reloaded before import = 0
Number of asset objects unloaded after import = 9
========================================================================
Received Import Request.
  Time since last request: 684.791359 seconds.
  path: Assets/WoodsLifestyle/Models/Cabins/Doors/Door_02.fbx
  artifactKey: Guid(3f90b242017de254e85f812d438ffec9) Importer(815301076,1909f56bfc062723c751e8b465ee728b)
Start importing Assets/WoodsLifestyle/Models/Cabins/Doors/Door_02.fbx using Guid(3f90b242017de254e85f812d438ffec9) Importer(815301076,1909f56bfc062723c751e8b465ee728b)  -> (artifact id: '2ea1ba5f89cc6b304fa2b5b1d1a40900') in 0.050433 seconds
Number of updated asset objects reloaded before import = 0
Number of asset objects unloaded after import = 9
========================================================================
Received Import Request.
  Time since last request: 0.000023 seconds.
  path: Assets/WoodsLifestyle/Models/Cabins/Doors/Door_03.fbx
  artifactKey: Guid(67ababcb254a27544be3c01ffc068262) Importer(815301076,1909f56bfc062723c751e8b465ee728b)
Start importing Assets/WoodsLifestyle/Models/Cabins/Doors/Door_03.fbx using Guid(67ababcb254a27544be3c01ffc068262) Importer(815301076,1909f56bfc062723c751e8b465ee728b)  -> (artifact id: '928620dd8d2523688d7d6697927344b7') in 0.035517 seconds
Number of updated asset objects reloaded before import = 0
Number of asset objects unloaded after import = 9
