Using pre-set license
Built from '2022.3/release' branch; Version is '2022.3.12f1 (4fe6e059c7ef) revision 5236448'; Using compiler version '192829333'; Build Type 'Release'
OS: 'Windows 11  (10.0.22621) 64bit CoreSingleLanguage' Language: 'ru' Physical Memory: 15741 MB
BatchMode: 1, IsHumanControllingUs: 0, StartBugReporterOnCrash: 0, Is64bit: 1, IsPro: 1

COMMAND LINE ARGUMENTS:
C:\Program Files\Unity\Hub\Editor\2022.3.12f1\Editor\Unity.exe
-adb2
-batchMode
-noUpm
-name
AssetImportWorker2
-projectPath
C:/Users/СЂРёСЂРё/Desktop/РўРµСЃС‚РѕРІРѕРµ Р·Р°РґР°РЅРёРµ/Test
-logFile
Logs/AssetImportWorker2.log
-srvPort
50164
Successfully changed project path to: C:/Users/СЂРёСЂРё/Desktop/РўРµСЃС‚РѕРІРѕРµ Р·Р°РґР°РЅРёРµ/Test
C:/Users/СЂРёСЂРё/Desktop/РўРµСЃС‚РѕРІРѕРµ Р·Р°РґР°РЅРёРµ/Test
[UnityMemory] Configuration Parameters - Can be set up in boot.config
    "memorysetup-bucket-allocator-granularity=16"
    "memorysetup-bucket-allocator-bucket-count=8"
    "memorysetup-bucket-allocator-block-size=33554432"
    "memorysetup-bucket-allocator-block-count=8"
    "memorysetup-main-allocator-block-size=16777216"
    "memorysetup-thread-allocator-block-size=16777216"
    "memorysetup-gfx-main-allocator-block-size=16777216"
    "memorysetup-gfx-thread-allocator-block-size=16777216"
    "memorysetup-cache-allocator-block-size=4194304"
    "memorysetup-typetree-allocator-block-size=2097152"
    "memorysetup-profiler-bucket-allocator-granularity=16"
    "memorysetup-profiler-bucket-allocator-bucket-count=8"
    "memorysetup-profiler-bucket-allocator-block-size=33554432"
    "memorysetup-profiler-bucket-allocator-block-count=8"
    "memorysetup-profiler-allocator-block-size=16777216"
    "memorysetup-profiler-editor-allocator-block-size=1048576"
    "memorysetup-temp-allocator-size-main=16777216"
    "memorysetup-job-temp-allocator-block-size=2097152"
    "memorysetup-job-temp-allocator-block-size-background=1048576"
    "memorysetup-job-temp-allocator-reduction-small-platforms=262144"
    "memorysetup-allocator-temp-initial-block-size-main=262144"
    "memorysetup-allocator-temp-initial-block-size-worker=262144"
    "memorysetup-temp-allocator-size-background-worker=32768"
    "memorysetup-temp-allocator-size-job-worker=262144"
    "memorysetup-temp-allocator-size-preload-manager=33554432"
    "memorysetup-temp-allocator-size-nav-mesh-worker=65536"
    "memorysetup-temp-allocator-size-audio-worker=65536"
    "memorysetup-temp-allocator-size-cloud-worker=32768"
    "memorysetup-temp-allocator-size-gi-baking-worker=262144"
    "memorysetup-temp-allocator-size-gfx=262144"
Player connection [10776] Host "[IP] 10.185.230.17 [Port] 0 [Flags] 2 [Guid] 2781669459 [EditorId] 2781669459 [Version] 1048832 [Id] WindowsEditor(7,LAPTOP-4RCAU23R) [Debug] 1 [PackageName] WindowsEditor [ProjectName] Editor" joined multi-casting on [225.0.0.222:54997]...

Player connection [10776] Host "[IP] 10.185.230.17 [Port] 0 [Flags] 2 [Guid] 2781669459 [EditorId] 2781669459 [Version] 1048832 [Id] WindowsEditor(7,LAPTOP-4RCAU23R) [Debug] 1 [PackageName] WindowsEditor [ProjectName] Editor" joined alternative multi-casting on [225.0.0.222:34997]...

[Physics::Module] Initialized MultithreadedJobDispatcher with 11 workers.
Refreshing native plugins compatible for Editor in 3409.18 ms, found 3 plugins.
Preloading 0 native plugins for Editor in 0.00 ms.
Initialize engine version: 2022.3.12f1 (4fe6e059c7ef)
[Subsystems] Discovering subsystems at path C:/Program Files/Unity/Hub/Editor/2022.3.12f1/Editor/Data/Resources/UnitySubsystems
[Subsystems] Discovering subsystems at path C:/Users/СЂРёСЂРё/Desktop/РўРµСЃС‚РѕРІРѕРµ Р·Р°РґР°РЅРёРµ/Test/Assets
GfxDevice: creating device client; threaded=0; jobified=0
Direct3D:
    Version:  Direct3D 11.0 [level 11.1]
    Renderer: NVIDIA GeForce GTX 1650 Ti (ID=0x1f95)
    Vendor:   NVIDIA
    VRAM:     3962 MB
    Driver:   27.21.14.6192
Initialize mono
Mono path[0] = 'C:/Program Files/Unity/Hub/Editor/2022.3.12f1/Editor/Data/Managed'
Mono path[1] = 'C:/Program Files/Unity/Hub/Editor/2022.3.12f1/Editor/Data/MonoBleedingEdge/lib/mono/unityjit-win32'
Mono config path = 'C:/Program Files/Unity/Hub/Editor/2022.3.12f1/Editor/Data/MonoBleedingEdge/etc'
Using monoOptions --debugger-agent=transport=dt_socket,embedding=1,server=y,suspend=n,address=127.0.0.1:56240
Begin MonoManager ReloadAssembly
Registering precompiled unity dll's ...
Register platform support module: C:/Program Files/Unity/Hub/Editor/2022.3.12f1/Editor/Data/PlaybackEngines/WindowsStandaloneSupport/UnityEditor.WindowsStandalone.Extensions.dll
Registered in 0.184694 seconds.
- Loaded All Assemblies, in 11.494 seconds
Native extension for WindowsStandalone target not found
Mono: successfully reloaded assembly
- Finished resetting the current domain, in  0.545 seconds
Domain Reload Profiling: 12036ms
	BeginReloadAssembly (8605ms)
		ExecutionOrderSort (0ms)
		DisableScriptedObjects (0ms)
		BackupInstance (0ms)
		ReleaseScriptingObjects (0ms)
		CreateAndSetChildDomain (1ms)
	RebuildCommonClasses (730ms)
	RebuildNativeTypeToScriptingClass (12ms)
	initialDomainReloadingComplete (278ms)
	LoadAllAssembliesAndSetupDomain (1866ms)
		LoadAssemblies (8598ms)
		RebuildTransferFunctionScriptingTraits (0ms)
		AnalyzeDomain (1862ms)
			TypeCache.Refresh (1858ms)
				TypeCache.ScanAssembly (1362ms)
			ScanForSourceGeneratedMonoScriptInfo (1ms)
			ResolveRequiredComponents (1ms)
	FinalizeReload (546ms)
		ReleaseScriptCaches (0ms)
		RebuildScriptCaches (0ms)
		SetupLoadedEditorAssemblies (421ms)
			LogAssemblyErrors (0ms)
			InitializePlatformSupportModulesInManaged (17ms)
			SetLoadedEditorAssemblies (18ms)
			RefreshPlugins (0ms)
			BeforeProcessingInitializeOnLoad (4ms)
			ProcessInitializeOnLoadAttributes (279ms)
			ProcessInitializeOnLoadMethodAttributes (102ms)
			AfterProcessingInitializeOnLoad (0ms)
			EditorAssembliesLoaded (0ms)
		ExecutionOrderSort2 (0ms)
		AwakeInstancesAfterBackupRestoration (0ms)
========================================================================
Worker process is ready to serve import requests
Begin MonoManager ReloadAssembly
- Loaded All Assemblies, in  8.475 seconds
Refreshing native plugins compatible for Editor in 6.26 ms, found 3 plugins.
Native extension for WindowsStandalone target not found
Package Manager log level set to [2]
[Package Manager] Server::EnsureServerProcessIsRunning -- launch failed, reason: Unity was launched with the -noUpm command-line argument
[Package Manager] UpmClient::Send -- Unable to send message (not connected to UPM process).
[Package Manager] Cannot connect to Unity Package Manager local server
Mono: successfully reloaded assembly
- Finished resetting the current domain, in  0.932 seconds
Domain Reload Profiling: 9400ms
	BeginReloadAssembly (289ms)
		ExecutionOrderSort (0ms)
		DisableScriptedObjects (9ms)
		BackupInstance (0ms)
		ReleaseScriptingObjects (1ms)
		CreateAndSetChildDomain (52ms)
	RebuildCommonClasses (56ms)
	RebuildNativeTypeToScriptingClass (13ms)
	initialDomainReloadingComplete (69ms)
	LoadAllAssembliesAndSetupDomain (8040ms)
		LoadAssemblies (7293ms)
		RebuildTransferFunctionScriptingTraits (0ms)
		AnalyzeDomain (913ms)
			TypeCache.Refresh (883ms)
				TypeCache.ScanAssembly (805ms)
			ScanForSourceGeneratedMonoScriptInfo (22ms)
			ResolveRequiredComponents (6ms)
	FinalizeReload (933ms)
		ReleaseScriptCaches (0ms)
		RebuildScriptCaches (0ms)
		SetupLoadedEditorAssemblies (670ms)
			LogAssemblyErrors (0ms)
			InitializePlatformSupportModulesInManaged (10ms)
			SetLoadedEditorAssemblies (7ms)
			RefreshPlugins (0ms)
			BeforeProcessingInitializeOnLoad (90ms)
			ProcessInitializeOnLoadAttributes (499ms)
			ProcessInitializeOnLoadMethodAttributes (51ms)
			AfterProcessingInitializeOnLoad (12ms)
			EditorAssembliesLoaded (0ms)
		ExecutionOrderSort2 (0ms)
		AwakeInstancesAfterBackupRestoration (13ms)
Launched and connected shader compiler UnityShaderCompiler.exe after 0.10 seconds
Refreshing native plugins compatible for Editor in 6.95 ms, found 3 plugins.
Preloading 0 native plugins for Editor in 0.00 ms.
Unloading 3082 Unused Serialized files (Serialized files now loaded: 0)
Unloading 32 unused Assets / (56.9 KB). Loaded Objects now: 3543.
Memory consumption went from 120.6 MB to 120.6 MB.
Total: 6.957400 ms (FindLiveObjects: 0.623200 ms CreateObjectMapping: 0.143800 ms MarkObjects: 5.885800 ms  DeleteObjects: 0.301500 ms)

AssetImportParameters requested are different than current active one (requested -> active):
  custom:container-demuxer-ogg: 62fdf1f143b41e24485cea50d1cbac27 -> 
  custom:video-codec-MediaFoundation-h265: 746d11721c4dcdbdad8f713fa42b33f4 -> 
  custom:video-decoder-ogg-theora: a1e56fd34408186e4bbccfd4996cb3dc -> 
  custom:framework-win-MediaFoundation: 216162199b28c13a410421893ffa2e32 -> 
  custom:CustomObjectIndexerAttribute: 756ad292c208cfabdd7b50bc23989ffe -> 
  custom:container-demuxer-webm: 4f35f7cbe854078d1ac9338744f61a02 -> 
  custom:container-muxer-webm: aa71ff27fc2769a1b78a27578f13a17b -> 
  custom:video-decoder-webm-vp8: 9c59270c3fd7afecdb556c50c9e8de78 -> 
  custom:SearchIndexIgnoredProperties: e643bd26f0fe6173181afceb89e7c659 -> 
  custom:AudioImporter_EditorPlatform: d09bf68614088b80899f8185d706f6e7 -> 
  custom:video-encoder-webm-vp8: eb34c28f22e8b96e1ab97ce403110664 -> 
  custom:audio-decoder-ogg-vorbis: bf7c407c2cedff20999df2af8eb42d56 -> 
  custom:audio-encoder-webm-vorbis: bf7c407c2cedff20999df2af8eb42d56 -> 
========================================================================
Received Import Request.
  Time since last request: 1037.870093 seconds.
  path: Assets/EmaceArt_LavaPlant/Meshes/EA_Clif_01c.fbx
  artifactKey: Guid(c97fe58f64015a4419356d82019eb336) Importer(815301076,1909f56bfc062723c751e8b465ee728b)
Start importing Assets/EmaceArt_LavaPlant/Meshes/EA_Clif_01c.fbx using Guid(c97fe58f64015a4419356d82019eb336) Importer(815301076,1909f56bfc062723c751e8b465ee728b)  -> (artifact id: 'ce4022f89fe4d52844b4d8f3b36c97d2') in 0.645317 seconds
Number of updated asset objects reloaded before import = 0
Number of asset objects unloaded after import = 8
========================================================================
Received Import Request.
  Time since last request: 0.000139 seconds.
  path: Assets/EmaceArt_LavaPlant/Prefabs/EA_Fruit_01a_Default.prefab
  artifactKey: Guid(bef3b77a398cd4848ae57a0c51bd1b55) Importer(815301076,1909f56bfc062723c751e8b465ee728b)
Start importing Assets/EmaceArt_LavaPlant/Prefabs/EA_Fruit_01a_Default.prefab using Guid(bef3b77a398cd4848ae57a0c51bd1b55) Importer(815301076,1909f56bfc062723c751e8b465ee728b)  -> (artifact id: '11569784a9f3b9fafff71a646184540d') in 0.253563 seconds
Number of updated asset objects reloaded before import = 0
Number of asset objects unloaded after import = 11
========================================================================
Received Import Request.
  Time since last request: 0.000072 seconds.
  path: Assets/EmaceArt_LavaPlant/Meshes/EA_Fruit_01d.fbx
  artifactKey: Guid(bfea2b6d47be7034db145216216729ed) Importer(815301076,1909f56bfc062723c751e8b465ee728b)
Start importing Assets/EmaceArt_LavaPlant/Meshes/EA_Fruit_01d.fbx using Guid(bfea2b6d47be7034db145216216729ed) Importer(815301076,1909f56bfc062723c751e8b465ee728b)  -> (artifact id: '0b3a5d56748890f5955a21cdb51a0b55') in 0.134107 seconds
Number of updated asset objects reloaded before import = 0
Number of asset objects unloaded after import = 8
========================================================================
Received Import Request.
  Time since last request: 0.000080 seconds.
  path: Assets/EmaceArt_LavaPlant/Meshes/EA_Puddle_01b.fbx
  artifactKey: Guid(6a00f3128e8a1a5418263ff039783611) Importer(815301076,1909f56bfc062723c751e8b465ee728b)
Start importing Assets/EmaceArt_LavaPlant/Meshes/EA_Puddle_01b.fbx using Guid(6a00f3128e8a1a5418263ff039783611) Importer(815301076,1909f56bfc062723c751e8b465ee728b)  -> (artifact id: '13daad2f6cb40220dd9ca34e6ecfd5ca') in 0.059239 seconds
Number of updated asset objects reloaded before import = 0
Number of asset objects unloaded after import = 8
========================================================================
Received Import Request.
  Time since last request: 0.000027 seconds.
  path: Assets/EmaceArt_LavaPlant/Prefabs/EA_Terrain_Default.prefab
  artifactKey: Guid(c74193c8e85acc44f9c91ce8b24524c5) Importer(815301076,1909f56bfc062723c751e8b465ee728b)
Start importing Assets/EmaceArt_LavaPlant/Prefabs/EA_Terrain_Default.prefab using Guid(c74193c8e85acc44f9c91ce8b24524c5) Importer(815301076,1909f56bfc062723c751e8b465ee728b)  -> (artifact id: 'eb1a97bedba3ab611e8db66dd3a42d2f') in 0.025790 seconds
Number of updated asset objects reloaded before import = 0
Number of asset objects unloaded after import = 12
========================================================================
Received Import Request.
  Time since last request: 0.000030 seconds.
  path: Assets/EmaceArt_LavaPlant/PostProcessing
  artifactKey: Guid(52d266236c8659b4dbae9f636f6f7e77) Importer(815301076,1909f56bfc062723c751e8b465ee728b)
Start importing Assets/EmaceArt_LavaPlant/PostProcessing using Guid(52d266236c8659b4dbae9f636f6f7e77) Importer(815301076,1909f56bfc062723c751e8b465ee728b)  -> (artifact id: '50f4d5a3e8a90eae4ea8a952ec67e7e2') in 0.001061 seconds
Number of updated asset objects reloaded before import = 0
Number of asset objects unloaded after import = 0
========================================================================
Received Import Request.
  Time since last request: 0.000075 seconds.
  path: Assets/EmaceArt_LavaPlant/Prefabs/EA_Clif_01a_Default.prefab
  artifactKey: Guid(86906d495e3827c43bc6933c657033ce) Importer(815301076,1909f56bfc062723c751e8b465ee728b)
Start importing Assets/EmaceArt_LavaPlant/Prefabs/EA_Clif_01a_Default.prefab using Guid(86906d495e3827c43bc6933c657033ce) Importer(815301076,1909f56bfc062723c751e8b465ee728b)  -> (artifact id: '620ff8b9b6012651b8f32c7bf412ea5d') in 0.027338 seconds
Number of updated asset objects reloaded before import = 0
Number of asset objects unloaded after import = 11
========================================================================
Received Import Request.
  Time since last request: 0.000070 seconds.
  path: Assets/EmaceArt_LavaPlant/Scene
  artifactKey: Guid(050ae151c617c434a94a97c7a9cf89b7) Importer(815301076,1909f56bfc062723c751e8b465ee728b)
Start importing Assets/EmaceArt_LavaPlant/Scene using Guid(050ae151c617c434a94a97c7a9cf89b7) Importer(815301076,1909f56bfc062723c751e8b465ee728b)  -> (artifact id: '7f870badf1bd3a8c46433d267ebbd06d') in 0.001320 seconds
Number of updated asset objects reloaded before import = 0
Number of asset objects unloaded after import = 0
========================================================================
Received Import Request.
  Time since last request: 0.000195 seconds.
  path: Assets/EmaceArt_LavaPlant/Meshes/EA_Puddle_01c.fbx
  artifactKey: Guid(9e79408fc5f6ec04caa4ce46f3d5baa9) Importer(815301076,1909f56bfc062723c751e8b465ee728b)
Start importing Assets/EmaceArt_LavaPlant/Meshes/EA_Puddle_01c.fbx using Guid(9e79408fc5f6ec04caa4ce46f3d5baa9) Importer(815301076,1909f56bfc062723c751e8b465ee728b)  -> (artifact id: 'ae6cb6e0e08e6220b0d178696a264dbc') in 0.046511 seconds
Number of updated asset objects reloaded before import = 0
Number of asset objects unloaded after import = 8
========================================================================
Received Import Request.
  Time since last request: 0.000026 seconds.
  path: Assets/EmaceArt_LavaPlant/Prefabs/EA_Fruit_01d_Default.prefab
  artifactKey: Guid(bdb4fffd60e30a64ca9dd07cb1a74d06) Importer(815301076,1909f56bfc062723c751e8b465ee728b)
Start importing Assets/EmaceArt_LavaPlant/Prefabs/EA_Fruit_01d_Default.prefab using Guid(bdb4fffd60e30a64ca9dd07cb1a74d06) Importer(815301076,1909f56bfc062723c751e8b465ee728b)  -> (artifact id: 'd46ac7f3774e5bd60016f3d04ab0af8a') in 0.027934 seconds
Number of updated asset objects reloaded before import = 0
Number of asset objects unloaded after import = 11
========================================================================
Received Import Request.
  Time since last request: 0.000044 seconds.
  path: Assets/EmaceArt_LavaPlant/Meshes/EA_Clif_01a.fbx
  artifactKey: Guid(e609ceaa00522c94081187a1b02c2340) Importer(815301076,1909f56bfc062723c751e8b465ee728b)
Start importing Assets/EmaceArt_LavaPlant/Meshes/EA_Clif_01a.fbx using Guid(e609ceaa00522c94081187a1b02c2340) Importer(815301076,1909f56bfc062723c751e8b465ee728b)  -> (artifact id: '1d3a04c2d43786f0da8cf248f1f2d61b') in 0.044308 seconds
Number of updated asset objects reloaded before import = 0
Number of asset objects unloaded after import = 8
========================================================================
Received Import Request.
  Time since last request: 0.000054 seconds.
  path: Assets/EmaceArt_LavaPlant/Meshes/Rocks_01b.fbx
  artifactKey: Guid(becde446aff1afd47be2f32209a3be58) Importer(815301076,1909f56bfc062723c751e8b465ee728b)
Start importing Assets/EmaceArt_LavaPlant/Meshes/Rocks_01b.fbx using Guid(becde446aff1afd47be2f32209a3be58) Importer(815301076,1909f56bfc062723c751e8b465ee728b)  -> (artifact id: '196bcc268f5aaf8d3e77b6b8a1df4b3e') in 0.052018 seconds
Number of updated asset objects reloaded before import = 0
Number of asset objects unloaded after import = 8
========================================================================
Received Import Request.
  Time since last request: 0.000083 seconds.
  path: Assets/EmaceArt_LavaPlant/Prefabs/EA_Clif_01b_Default.prefab
  artifactKey: Guid(d68da814d53d5a842a743c1699c6617c) Importer(815301076,1909f56bfc062723c751e8b465ee728b)
Start importing Assets/EmaceArt_LavaPlant/Prefabs/EA_Clif_01b_Default.prefab using Guid(d68da814d53d5a842a743c1699c6617c) Importer(815301076,1909f56bfc062723c751e8b465ee728b)  -> (artifact id: '8dc1644be3def5fe884a7beefbbfbabb') in 0.025683 seconds
Number of updated asset objects reloaded before import = 0
Number of asset objects unloaded after import = 11
========================================================================
Received Import Request.
  Time since last request: 0.000042 seconds.
  path: Assets/EmaceArt_LavaPlant/Meshes/Rocks_01a.fbx
  artifactKey: Guid(58560f56c694fde478ac5ff42c1d4dfe) Importer(815301076,1909f56bfc062723c751e8b465ee728b)
Start importing Assets/EmaceArt_LavaPlant/Meshes/Rocks_01a.fbx using Guid(58560f56c694fde478ac5ff42c1d4dfe) Importer(815301076,1909f56bfc062723c751e8b465ee728b)  -> (artifact id: '92d2ecf3a1cf3a713d804ebcc05b2267') in 0.039507 seconds
Number of updated asset objects reloaded before import = 0
Number of asset objects unloaded after import = 8
========================================================================
Received Import Request.
  Time since last request: 0.000023 seconds.
  path: Assets/EmaceArt_LavaPlant/Prefabs/EA_Plant_01b_Default.prefab
  artifactKey: Guid(ef58c30d9dc06a842ba94e365f157dae) Importer(815301076,1909f56bfc062723c751e8b465ee728b)
Start importing Assets/EmaceArt_LavaPlant/Prefabs/EA_Plant_01b_Default.prefab using Guid(ef58c30d9dc06a842ba94e365f157dae) Importer(815301076,1909f56bfc062723c751e8b465ee728b)  -> (artifact id: '88b48e5f360646d3774488ef9ed7b8d9') in 0.024473 seconds
Number of updated asset objects reloaded before import = 0
Number of asset objects unloaded after import = 11
========================================================================
Received Import Request.
  Time since last request: 0.000041 seconds.
  path: Assets/EmaceArt_LavaPlant/Meshes/EA_Plant_01a.fbx
  artifactKey: Guid(837a7eab4e2359e4ea384db3da30638c) Importer(815301076,1909f56bfc062723c751e8b465ee728b)
Start importing Assets/EmaceArt_LavaPlant/Meshes/EA_Plant_01a.fbx using Guid(837a7eab4e2359e4ea384db3da30638c) Importer(815301076,1909f56bfc062723c751e8b465ee728b)  -> (artifact id: 'e23e8133bd905fd1c0b545b55481926b') in 0.048224 seconds
Number of updated asset objects reloaded before import = 0
Number of asset objects unloaded after import = 8
========================================================================
Received Import Request.
  Time since last request: 0.000026 seconds.
  path: Assets/EmaceArt_LavaPlant/Prefabs/EA_Plant_01a_Default.prefab
  artifactKey: Guid(f7968a2e493ab01448ea52078fa8a896) Importer(815301076,1909f56bfc062723c751e8b465ee728b)
Start importing Assets/EmaceArt_LavaPlant/Prefabs/EA_Plant_01a_Default.prefab using Guid(f7968a2e493ab01448ea52078fa8a896) Importer(815301076,1909f56bfc062723c751e8b465ee728b)  -> (artifact id: 'd632e239cb145c044a75fa295cd1de9b') in 0.023801 seconds
Number of updated asset objects reloaded before import = 0
Number of asset objects unloaded after import = 11
========================================================================
Received Import Request.
  Time since last request: 0.000045 seconds.
  path: Assets/EmaceArt_LavaPlant/Prefabs/Rocks_01a_Default.prefab
  artifactKey: Guid(2f4bc0193724cd943921d722c237e387) Importer(815301076,1909f56bfc062723c751e8b465ee728b)
Start importing Assets/EmaceArt_LavaPlant/Prefabs/Rocks_01a_Default.prefab using Guid(2f4bc0193724cd943921d722c237e387) Importer(815301076,1909f56bfc062723c751e8b465ee728b)  -> (artifact id: '4b4e333cdb4dc3257ca2438876a62030') in 0.031544 seconds
Number of updated asset objects reloaded before import = 0
Number of asset objects unloaded after import = 12
========================================================================
Received Import Request.
  Time since last request: 0.000040 seconds.
  path: Assets/EmaceArt_LavaPlant/Prefabs
  artifactKey: Guid(8693f5d50be2ec74d92a371faf372947) Importer(815301076,1909f56bfc062723c751e8b465ee728b)
Start importing Assets/EmaceArt_LavaPlant/Prefabs using Guid(8693f5d50be2ec74d92a371faf372947) Importer(815301076,1909f56bfc062723c751e8b465ee728b)  -> (artifact id: '6dc28ee9543ece2d0245ac4ae4a9dbc5') in 0.001060 seconds
Number of updated asset objects reloaded before import = 0
Number of asset objects unloaded after import = 0
========================================================================
Received Import Request.
  Time since last request: 0.000385 seconds.
  path: Assets/EmaceArt_LavaPlant/Prefabs/EA_Puddle_01a_Default.prefab
  artifactKey: Guid(b74f3d307eaadbc4294cd716ebca0f58) Importer(815301076,1909f56bfc062723c751e8b465ee728b)
Start importing Assets/EmaceArt_LavaPlant/Prefabs/EA_Puddle_01a_Default.prefab using Guid(b74f3d307eaadbc4294cd716ebca0f58) Importer(815301076,1909f56bfc062723c751e8b465ee728b)  -> (artifact id: '702009b0a575f1f606bc0d7233d13523') in 0.022531 seconds
Number of updated asset objects reloaded before import = 0
Number of asset objects unloaded after import = 11
========================================================================
Received Import Request.
  Time since last request: 0.000041 seconds.
  path: Assets/EmaceArt_LavaPlant/Skybox/SkyBox/Sky_0_Front+Z.png
  artifactKey: Guid(70797ab05989b4fb295f60eaf537cd3a) Importer(815301076,1909f56bfc062723c751e8b465ee728b)
Start importing Assets/EmaceArt_LavaPlant/Skybox/SkyBox/Sky_0_Front+Z.png using Guid(70797ab05989b4fb295f60eaf537cd3a) Importer(815301076,1909f56bfc062723c751e8b465ee728b)  -> (artifact id: '179efd2f97d51f6a863f72a173aa98fb') in 0.037024 seconds
Number of updated asset objects reloaded before import = 0
Number of asset objects unloaded after import = 2
========================================================================
Received Import Request.
  Time since last request: 0.000056 seconds.
  path: Assets/EmaceArt_LavaPlant/Prefabs/EA_Plant_01d_Default.prefab
  artifactKey: Guid(c79a2f29d708c6d4dad6515d25151177) Importer(815301076,1909f56bfc062723c751e8b465ee728b)
Start importing Assets/EmaceArt_LavaPlant/Prefabs/EA_Plant_01d_Default.prefab using Guid(c79a2f29d708c6d4dad6515d25151177) Importer(815301076,1909f56bfc062723c751e8b465ee728b)  -> (artifact id: 'de6e7c3db700e0b41caa80e47004035e') in 0.025118 seconds
Number of updated asset objects reloaded before import = 0
Number of asset objects unloaded after import = 11
========================================================================
Received Import Request.
  Time since last request: 0.000029 seconds.
  path: Assets/EmaceArt_LavaPlant/Skybox
  artifactKey: Guid(f7832071d4da66b4eabeed240dbc8af0) Importer(815301076,1909f56bfc062723c751e8b465ee728b)
Start importing Assets/EmaceArt_LavaPlant/Skybox using Guid(f7832071d4da66b4eabeed240dbc8af0) Importer(815301076,1909f56bfc062723c751e8b465ee728b)  -> (artifact id: '062bd80fbaa821c39ef52c71924fb730') in 0.000915 seconds
Number of updated asset objects reloaded before import = 0
Number of asset objects unloaded after import = 0
========================================================================
Received Import Request.
  Time since last request: 0.000142 seconds.
  path: Assets/EmaceArt_LavaPlant/Material
  artifactKey: Guid(aa09b1434011534439f3adbfb4a391b5) Importer(815301076,1909f56bfc062723c751e8b465ee728b)
Start importing Assets/EmaceArt_LavaPlant/Material using Guid(aa09b1434011534439f3adbfb4a391b5) Importer(815301076,1909f56bfc062723c751e8b465ee728b)  -> (artifact id: '7fe3e4aa0d1e18be9fa325bc6d2c8bd1') in 0.000775 seconds
Number of updated asset objects reloaded before import = 0
Number of asset objects unloaded after import = 0
========================================================================
Received Import Request.
  Time since last request: 0.000135 seconds.
  path: Assets/EmaceArt_LavaPlant/Material/EA_Lava_Fluor.mat
  artifactKey: Guid(ddc2ce2ca191105459cf7f25cabdd94c) Importer(815301076,1909f56bfc062723c751e8b465ee728b)
Start importing Assets/EmaceArt_LavaPlant/Material/EA_Lava_Fluor.mat using Guid(ddc2ce2ca191105459cf7f25cabdd94c) Importer(815301076,1909f56bfc062723c751e8b465ee728b)  -> (artifact id: '4d08bda7bd3e60cd509071f65da8b8bd') in 0.021422 seconds
Number of updated asset objects reloaded before import = 0
Number of asset objects unloaded after import = 2
========================================================================
Received Import Request.
  Time since last request: 0.000034 seconds.
  path: Assets/EmaceArt_LavaPlant/Meshes/EA_Fruit_01a.fbx
  artifactKey: Guid(8adffc712aae50a4994e4a779e59a2c8) Importer(815301076,1909f56bfc062723c751e8b465ee728b)
Start importing Assets/EmaceArt_LavaPlant/Meshes/EA_Fruit_01a.fbx using Guid(8adffc712aae50a4994e4a779e59a2c8) Importer(815301076,1909f56bfc062723c751e8b465ee728b)  -> (artifact id: 'e8b6d9f364738a24eadd8572857172de') in 0.035099 seconds
Number of updated asset objects reloaded before import = 0
Number of asset objects unloaded after import = 8
========================================================================
Received Import Request.
  Time since last request: 19.965239 seconds.
  path: Assets/EmaceArt_LavaPlant/Texture
  artifactKey: Guid(39eda1fc4af07ee4cb39bfddde465953) Importer(815301076,1909f56bfc062723c751e8b465ee728b)
Start importing Assets/EmaceArt_LavaPlant/Texture using Guid(39eda1fc4af07ee4cb39bfddde465953) Importer(815301076,1909f56bfc062723c751e8b465ee728b)  -> (artifact id: '4ed5c10c45e9edfa0a9d7dbc8e73884c') in 0.001149 seconds
Number of updated asset objects reloaded before import = 0
Number of asset objects unloaded after import = 0
========================================================================
Received Import Request.
  Time since last request: 0.054038 seconds.
  path: Assets/EmaceArt_LavaPlant/Texture/LavaPlant_texture.png
  artifactKey: Guid(e1c879bcd60cd924389e97e229fd1ee8) Importer(815301076,1909f56bfc062723c751e8b465ee728b)
Start importing Assets/EmaceArt_LavaPlant/Texture/LavaPlant_texture.png using Guid(e1c879bcd60cd924389e97e229fd1ee8) Importer(815301076,1909f56bfc062723c751e8b465ee728b)  -> (artifact id: 'e4c6c680b7992f745b514f9de09eda85') in 0.034741 seconds
Number of updated asset objects reloaded before import = 0
Number of asset objects unloaded after import = 2
========================================================================
Received Import Request.
  Time since last request: 235.206666 seconds.
  path: Assets/Low Poly Environment Starter Kit/Prefabs
  artifactKey: Guid(b4d4679356162784c892d878a01f42a6) Importer(815301076,1909f56bfc062723c751e8b465ee728b)
Start importing Assets/Low Poly Environment Starter Kit/Prefabs using Guid(b4d4679356162784c892d878a01f42a6) Importer(815301076,1909f56bfc062723c751e8b465ee728b)  -> (artifact id: '6f2218877faaf97bf9a4e0d52a32adf0') in 0.000806 seconds
Number of updated asset objects reloaded before import = 0
Number of asset objects unloaded after import = 0
========================================================================
Received Import Request.
  Time since last request: 3.081475 seconds.
  path: Assets/Low Poly Environment Starter Kit/Source
  artifactKey: Guid(789887aa72b18b348b07a7ec4daf528d) Importer(815301076,1909f56bfc062723c751e8b465ee728b)
Start importing Assets/Low Poly Environment Starter Kit/Source using Guid(789887aa72b18b348b07a7ec4daf528d) Importer(815301076,1909f56bfc062723c751e8b465ee728b)  -> (artifact id: '17d0ef363b7d6e925348f4232a93a075') in 0.000737 seconds
Number of updated asset objects reloaded before import = 0
Number of asset objects unloaded after import = 0
========================================================================
Received Import Request.
  Time since last request: 1.669970 seconds.
  path: Assets/Low Poly Environment Starter Kit/Source/Meshes
  artifactKey: Guid(88dc11d23364418478a670faf36346e0) Importer(815301076,1909f56bfc062723c751e8b465ee728b)
Start importing Assets/Low Poly Environment Starter Kit/Source/Meshes using Guid(88dc11d23364418478a670faf36346e0) Importer(815301076,1909f56bfc062723c751e8b465ee728b)  -> (artifact id: '2b342b5e0d43c7beb246e388e9bfa37f') in 0.000766 seconds
Number of updated asset objects reloaded before import = 0
Number of asset objects unloaded after import = 0
========================================================================
Received Import Request.
  Time since last request: 1.493235 seconds.
  path: Assets/Low Poly Environment Starter Kit/Source/Meshes/Rocks
  artifactKey: Guid(853c82d76d7f17446aa9d5650a85b695) Importer(815301076,1909f56bfc062723c751e8b465ee728b)
Start importing Assets/Low Poly Environment Starter Kit/Source/Meshes/Rocks using Guid(853c82d76d7f17446aa9d5650a85b695) Importer(815301076,1909f56bfc062723c751e8b465ee728b)  -> (artifact id: '5ef692e974a28fe54b84e6bfe3f6911b') in 0.000926 seconds
Number of updated asset objects reloaded before import = 0
Number of asset objects unloaded after import = 0
========================================================================
Received Import Request.
  Time since last request: 0.057739 seconds.
  path: Assets/Low Poly Environment Starter Kit/Source/Meshes/Rocks/Rock_Arc.fbx
  artifactKey: Guid(0da8f8778a88d1f4fa0d1af91c73c874) Importer(815301076,1909f56bfc062723c751e8b465ee728b)
Start importing Assets/Low Poly Environment Starter Kit/Source/Meshes/Rocks/Rock_Arc.fbx using Guid(0da8f8778a88d1f4fa0d1af91c73c874) Importer(815301076,1909f56bfc062723c751e8b465ee728b)  -> (artifact id: '6ce953b0164006306bd8cb947c075ace') in 0.067799 seconds
Number of updated asset objects reloaded before import = 0
Number of asset objects unloaded after import = 8
========================================================================
Received Import Request.
  Time since last request: 0.000167 seconds.
  path: Assets/Low Poly Environment Starter Kit/Source/Meshes/Rocks/Stone_4.fbx
  artifactKey: Guid(a2f5fd45f924c5e45a4fcaa1978d6680) Importer(815301076,1909f56bfc062723c751e8b465ee728b)
Start importing Assets/Low Poly Environment Starter Kit/Source/Meshes/Rocks/Stone_4.fbx using Guid(a2f5fd45f924c5e45a4fcaa1978d6680) Importer(815301076,1909f56bfc062723c751e8b465ee728b)  -> (artifact id: '4d0390e6b451fdb681731c9fa0f6505d') in 0.054404 seconds
Number of updated asset objects reloaded before import = 0
Number of asset objects unloaded after import = 8
========================================================================
Received Import Request.
  Time since last request: 0.000077 seconds.
  path: Assets/Low Poly Environment Starter Kit/Source/Meshes/Rocks/Stone_11.fbx
  artifactKey: Guid(07eeeb4555179bb4eb32c00a17dcc799) Importer(815301076,1909f56bfc062723c751e8b465ee728b)
Start importing Assets/Low Poly Environment Starter Kit/Source/Meshes/Rocks/Stone_11.fbx using Guid(07eeeb4555179bb4eb32c00a17dcc799) Importer(815301076,1909f56bfc062723c751e8b465ee728b)  -> (artifact id: '9f2b1938cc5eab3be05af57ff8b298be') in 0.042333 seconds
Number of updated asset objects reloaded before import = 0
Number of asset objects unloaded after import = 8
========================================================================
Received Import Request.
  Time since last request: 0.000052 seconds.
  path: Assets/Low Poly Environment Starter Kit/Source/Meshes/Rocks/Stone_5.fbx
  artifactKey: Guid(d85490c866700574dbc5dd6095d6af8e) Importer(815301076,1909f56bfc062723c751e8b465ee728b)
Start importing Assets/Low Poly Environment Starter Kit/Source/Meshes/Rocks/Stone_5.fbx using Guid(d85490c866700574dbc5dd6095d6af8e) Importer(815301076,1909f56bfc062723c751e8b465ee728b)  -> (artifact id: 'fb3bb4cb8033f6f5c5d3d971828fee7e') in 0.041991 seconds
Number of updated asset objects reloaded before import = 0
Number of asset objects unloaded after import = 8
========================================================================
Received Import Request.
  Time since last request: 0.000033 seconds.
  path: Assets/Low Poly Environment Starter Kit/Source/Meshes/Rocks/Stone_1.fbx
  artifactKey: Guid(6699c158e91959d4db9c9fc2b00315f3) Importer(815301076,1909f56bfc062723c751e8b465ee728b)
Start importing Assets/Low Poly Environment Starter Kit/Source/Meshes/Rocks/Stone_1.fbx using Guid(6699c158e91959d4db9c9fc2b00315f3) Importer(815301076,1909f56bfc062723c751e8b465ee728b)  -> (artifact id: 'bfb57498c3d61b5b3ba26313821b4bb5') in 0.037426 seconds
Number of updated asset objects reloaded before import = 0
Number of asset objects unloaded after import = 8
========================================================================
Received Import Request.
  Time since last request: 0.000038 seconds.
  path: Assets/Low Poly Environment Starter Kit/Source/Meshes/Rocks/Stone_9.fbx
  artifactKey: Guid(35761d18a3ba90e4384f589be9d6f693) Importer(815301076,1909f56bfc062723c751e8b465ee728b)
Start importing Assets/Low Poly Environment Starter Kit/Source/Meshes/Rocks/Stone_9.fbx using Guid(35761d18a3ba90e4384f589be9d6f693) Importer(815301076,1909f56bfc062723c751e8b465ee728b)  -> (artifact id: 'c37dbb39af89f389a05a8703edec71f9') in 0.033715 seconds
Number of updated asset objects reloaded before import = 0
Number of asset objects unloaded after import = 8
========================================================================
Received Import Request.
  Time since last request: 0.000043 seconds.
  path: Assets/Low Poly Environment Starter Kit/Source/Meshes/Rocks/Stone_10.fbx
  artifactKey: Guid(110f2fa6038aaa44d8bfcdf03c83ad50) Importer(815301076,1909f56bfc062723c751e8b465ee728b)
Start importing Assets/Low Poly Environment Starter Kit/Source/Meshes/Rocks/Stone_10.fbx using Guid(110f2fa6038aaa44d8bfcdf03c83ad50) Importer(815301076,1909f56bfc062723c751e8b465ee728b)  -> (artifact id: '90534c77a418d515849a399893c73553') in 0.034247 seconds
Number of updated asset objects reloaded before import = 0
Number of asset objects unloaded after import = 8
========================================================================
Received Import Request.
  Time since last request: 0.000052 seconds.
  path: Assets/Low Poly Environment Starter Kit/Source/Meshes/Rocks/Stone_2.fbx
  artifactKey: Guid(96f89d1f29790d6419ad95ae2cb60fd1) Importer(815301076,1909f56bfc062723c751e8b465ee728b)
Start importing Assets/Low Poly Environment Starter Kit/Source/Meshes/Rocks/Stone_2.fbx using Guid(96f89d1f29790d6419ad95ae2cb60fd1) Importer(815301076,1909f56bfc062723c751e8b465ee728b)  -> (artifact id: 'b185195cef5972f265aa391002c46d4f') in 0.034305 seconds
Number of updated asset objects reloaded before import = 0
Number of asset objects unloaded after import = 8
========================================================================
Received Import Request.
  Time since last request: 7.729575 seconds.
  path: Assets/Low Poly Environment Starter Kit/Source/Meshes/Trees
  artifactKey: Guid(1a4ab2d1f94dec24bb52c4e0473deb1b) Importer(815301076,1909f56bfc062723c751e8b465ee728b)
Start importing Assets/Low Poly Environment Starter Kit/Source/Meshes/Trees using Guid(1a4ab2d1f94dec24bb52c4e0473deb1b) Importer(815301076,1909f56bfc062723c751e8b465ee728b)  -> (artifact id: '24b834bddd26f294027750e50e657623') in 0.000798 seconds
Number of updated asset objects reloaded before import = 0
Number of asset objects unloaded after import = 0
========================================================================
Received Import Request.
  Time since last request: 0.067842 seconds.
  path: Assets/Low Poly Environment Starter Kit/Source/Meshes/Trees/Pine1.fbx
  artifactKey: Guid(4614e13eaea23d34fb8178446e655e9e) Importer(815301076,1909f56bfc062723c751e8b465ee728b)
Start importing Assets/Low Poly Environment Starter Kit/Source/Meshes/Trees/Pine1.fbx using Guid(4614e13eaea23d34fb8178446e655e9e) Importer(815301076,1909f56bfc062723c751e8b465ee728b)  -> (artifact id: '47e86eb2165d6acee964cf8b9a94a02a') in 0.062771 seconds
Number of updated asset objects reloaded before import = 0
Number of asset objects unloaded after import = 14
========================================================================
Received Import Request.
  Time since last request: 0.000039 seconds.
  path: Assets/Low Poly Environment Starter Kit/Source/Meshes/Trees/Tree_4.fbx
  artifactKey: Guid(f530fefbb838945469599a5852dc18e9) Importer(815301076,1909f56bfc062723c751e8b465ee728b)
Start importing Assets/Low Poly Environment Starter Kit/Source/Meshes/Trees/Tree_4.fbx using Guid(f530fefbb838945469599a5852dc18e9) Importer(815301076,1909f56bfc062723c751e8b465ee728b)  -> (artifact id: '9225ca54b3fc43d9ed8fe05dfda0fa45') in 0.089674 seconds
Number of updated asset objects reloaded before import = 0
Number of asset objects unloaded after import = 14
========================================================================
Received Import Request.
  Time since last request: 0.000056 seconds.
  path: Assets/Low Poly Environment Starter Kit/Source/Meshes/Trees/Tree_6.fbx
  artifactKey: Guid(e5daf289bed4a034faa5f437565784f1) Importer(815301076,1909f56bfc062723c751e8b465ee728b)
Start importing Assets/Low Poly Environment Starter Kit/Source/Meshes/Trees/Tree_6.fbx using Guid(e5daf289bed4a034faa5f437565784f1) Importer(815301076,1909f56bfc062723c751e8b465ee728b)  -> (artifact id: '102cfbc5b2b9801739c78a591afbe7b7') in 0.045883 seconds
Number of updated asset objects reloaded before import = 0
Number of asset objects unloaded after import = 14
========================================================================
Received Import Request.
  Time since last request: 0.000032 seconds.
  path: Assets/Low Poly Environment Starter Kit/Source/Meshes/Trees/Pine4.fbx
  artifactKey: Guid(ffdddb468ae8cbb4eb2af2865d16caf9) Importer(815301076,1909f56bfc062723c751e8b465ee728b)
Start importing Assets/Low Poly Environment Starter Kit/Source/Meshes/Trees/Pine4.fbx using Guid(ffdddb468ae8cbb4eb2af2865d16caf9) Importer(815301076,1909f56bfc062723c751e8b465ee728b)  -> (artifact id: '11776cb18278abc9ab3f91eb6b963421') in 0.048151 seconds
Number of updated asset objects reloaded before import = 0
Number of asset objects unloaded after import = 14
========================================================================
Received Import Request.
  Time since last request: 0.000045 seconds.
  path: Assets/Low Poly Environment Starter Kit/Source/Meshes/Trees/Pine5.fbx
  artifactKey: Guid(ebdf8a63c4c10294b9d9adb53d34eade) Importer(815301076,1909f56bfc062723c751e8b465ee728b)
Start importing Assets/Low Poly Environment Starter Kit/Source/Meshes/Trees/Pine5.fbx using Guid(ebdf8a63c4c10294b9d9adb53d34eade) Importer(815301076,1909f56bfc062723c751e8b465ee728b)  -> (artifact id: 'a6c407a095fa63ae3346a59f2f4669fe') in 0.048039 seconds
Number of updated asset objects reloaded before import = 0
Number of asset objects unloaded after import = 14
========================================================================
Received Import Request.
  Time since last request: 0.000034 seconds.
  path: Assets/Low Poly Environment Starter Kit/Source/Meshes/Trees/Tree_8.fbx
  artifactKey: Guid(a351c305f858b1241a4a70ae8d40ed71) Importer(815301076,1909f56bfc062723c751e8b465ee728b)
Start importing Assets/Low Poly Environment Starter Kit/Source/Meshes/Trees/Tree_8.fbx using Guid(a351c305f858b1241a4a70ae8d40ed71) Importer(815301076,1909f56bfc062723c751e8b465ee728b)  -> (artifact id: '9e82d6c0f5470f34ab30cf561488a65d') in 0.043399 seconds
Number of updated asset objects reloaded before import = 0
Number of asset objects unloaded after import = 14
========================================================================
Received Import Request.
  Time since last request: 2.503712 seconds.
  path: Assets/Low Poly Environment Starter Kit/Source/Meshes/Terrains
  artifactKey: Guid(7a5e86da98018f040b46c9b26284cdec) Importer(815301076,1909f56bfc062723c751e8b465ee728b)
Start importing Assets/Low Poly Environment Starter Kit/Source/Meshes/Terrains using Guid(7a5e86da98018f040b46c9b26284cdec) Importer(815301076,1909f56bfc062723c751e8b465ee728b)  -> (artifact id: '7ac171e6725a48e93b479fa9a3de39de') in 0.000790 seconds
Number of updated asset objects reloaded before import = 0
Number of asset objects unloaded after import = 0
========================================================================
Received Import Request.
  Time since last request: 0.052968 seconds.
  path: Assets/Low Poly Environment Starter Kit/Source/Meshes/Terrains/Canyon.fbx
  artifactKey: Guid(5cfa4ab62f100eb4c877fd56aaa35a36) Importer(815301076,1909f56bfc062723c751e8b465ee728b)
Start importing Assets/Low Poly Environment Starter Kit/Source/Meshes/Terrains/Canyon.fbx using Guid(5cfa4ab62f100eb4c877fd56aaa35a36) Importer(815301076,1909f56bfc062723c751e8b465ee728b)  -> (artifact id: '2f4c3e64d4c0796fd2c4c3e14f8e941a') in 0.042761 seconds
Number of updated asset objects reloaded before import = 0
Number of asset objects unloaded after import = 7
========================================================================
Received Import Request.
  Time since last request: 0.000081 seconds.
  path: Assets/Low Poly Environment Starter Kit/Source/Meshes/Terrains/Mountain_3.fbx
  artifactKey: Guid(b547fabffb612b54cbcd362679c24771) Importer(815301076,1909f56bfc062723c751e8b465ee728b)
Start importing Assets/Low Poly Environment Starter Kit/Source/Meshes/Terrains/Mountain_3.fbx using Guid(b547fabffb612b54cbcd362679c24771) Importer(815301076,1909f56bfc062723c751e8b465ee728b)  -> (artifact id: '69c666bf560ebd8c4ee57fae122f528c') in 0.044848 seconds
Number of updated asset objects reloaded before import = 0
Number of asset objects unloaded after import = 7
========================================================================
Received Import Request.
  Time since last request: 0.000028 seconds.
  path: Assets/Low Poly Environment Starter Kit/Source/Meshes/Terrains/Mountain_2.fbx
  artifactKey: Guid(423e9b53e51f7534986979c4c372d422) Importer(815301076,1909f56bfc062723c751e8b465ee728b)
Start importing Assets/Low Poly Environment Starter Kit/Source/Meshes/Terrains/Mountain_2.fbx using Guid(423e9b53e51f7534986979c4c372d422) Importer(815301076,1909f56bfc062723c751e8b465ee728b)  -> (artifact id: '46c867a60af2fbfe1d1ffc85d476dee9') in 0.047518 seconds
Number of updated asset objects reloaded before import = 0
Number of asset objects unloaded after import = 7
========================================================================
Received Import Request.
  Time since last request: 0.000049 seconds.
  path: Assets/Low Poly Environment Starter Kit/Source/Meshes/Terrains/Mountain_1.fbx
  artifactKey: Guid(ad2614403f699974eb530c9c4a060ede) Importer(815301076,1909f56bfc062723c751e8b465ee728b)
Start importing Assets/Low Poly Environment Starter Kit/Source/Meshes/Terrains/Mountain_1.fbx using Guid(ad2614403f699974eb530c9c4a060ede) Importer(815301076,1909f56bfc062723c751e8b465ee728b)  -> (artifact id: '3a9c0e6e132c0eed7d2996d0e6f4ad19') in 0.042945 seconds
Number of updated asset objects reloaded before import = 0
Number of asset objects unloaded after import = 7
========================================================================
Received Import Request.
  Time since last request: 10.878532 seconds.
  path: Assets/Low Poly Environment Starter Kit/Source/Meshes/Other
  artifactKey: Guid(5d32a76fe5b3149469641b5c31e8f5b4) Importer(815301076,1909f56bfc062723c751e8b465ee728b)
Start importing Assets/Low Poly Environment Starter Kit/Source/Meshes/Other using Guid(5d32a76fe5b3149469641b5c31e8f5b4) Importer(815301076,1909f56bfc062723c751e8b465ee728b)  -> (artifact id: '1e4fd25a0f5f2372fe79f2724d940e21') in 0.000771 seconds
Number of updated asset objects reloaded before import = 0
Number of asset objects unloaded after import = 0
========================================================================
Received Import Request.
  Time since last request: 0.209928 seconds.
  path: Assets/Low Poly Environment Starter Kit/Source/Meshes/Other/Bush_1.fbx
  artifactKey: Guid(1469a1fa4454cad46b8b1e73578bea0d) Importer(815301076,1909f56bfc062723c751e8b465ee728b)
Start importing Assets/Low Poly Environment Starter Kit/Source/Meshes/Other/Bush_1.fbx using Guid(1469a1fa4454cad46b8b1e73578bea0d) Importer(815301076,1909f56bfc062723c751e8b465ee728b)  -> (artifact id: '70410cd21d7c132ffd722c4e316d1841') in 0.042866 seconds
Number of updated asset objects reloaded before import = 0
Number of asset objects unloaded after import = 7
========================================================================
Received Import Request.
  Time since last request: 0.000027 seconds.
  path: Assets/Low Poly Environment Starter Kit/Source/Meshes/Other/Grass_1.fbx
  artifactKey: Guid(c94f21dd6e4a6ee499bc51f46c915e14) Importer(815301076,1909f56bfc062723c751e8b465ee728b)
Start importing Assets/Low Poly Environment Starter Kit/Source/Meshes/Other/Grass_1.fbx using Guid(c94f21dd6e4a6ee499bc51f46c915e14) Importer(815301076,1909f56bfc062723c751e8b465ee728b)  -> (artifact id: '2dfabbd828087062d8eb95d11ba6065b') in 0.050795 seconds
Number of updated asset objects reloaded before import = 0
Number of asset objects unloaded after import = 7
Editor requested this worker to shutdown with reason: Scaling down because of idle timeout
TcpMessagingSession - receive error: operation aborted. errorcode: 995, details: Операция ввода/вывода была прервана из-за завершения потока команд или по запросу приложения.
AssetImportWorker is now disconnected from the server
Process exiting
Exiting without the bug reporter. Application will terminate with return code 0