Using pre-set license
Built from '2022.3/release' branch; Version is '2022.3.12f1 (4fe6e059c7ef) revision 5236448'; Using compiler version '192829333'; Build Type 'Release'
OS: 'Windows 11  (10.0.22621) 64bit CoreSingleLanguage' Language: 'ru' Physical Memory: 15741 MB
BatchMode: 1, IsHumanControllingUs: 0, StartBugReporterOnCrash: 0, Is64bit: 1, IsPro: 1

COMMAND LINE ARGUMENTS:
C:\Program Files\Unity\Hub\Editor\2022.3.12f1\Editor\Unity.exe
-adb2
-batchMode
-noUpm
-name
AssetImportWorker1
-projectPath
C:/Users/СЂРёСЂРё/Desktop/РўРµСЃС‚РѕРІРѕРµ Р·Р°РґР°РЅРёРµ/Test
-logFile
Logs/AssetImportWorker1.log
-srvPort
50164
Successfully changed project path to: C:/Users/СЂРёСЂРё/Desktop/РўРµСЃС‚РѕРІРѕРµ Р·Р°РґР°РЅРёРµ/Test
C:/Users/СЂРёСЂРё/Desktop/РўРµСЃС‚РѕРІРѕРµ Р·Р°РґР°РЅРёРµ/Test
[UnityMemory] Configuration Parameters - Can be set up in boot.config
    "memorysetup-bucket-allocator-granularity=16"
    "memorysetup-bucket-allocator-bucket-count=8"
    "memorysetup-bucket-allocator-block-size=33554432"
    "memorysetup-bucket-allocator-block-count=8"
    "memorysetup-main-allocator-block-size=16777216"
    "memorysetup-thread-allocator-block-size=16777216"
    "memorysetup-gfx-main-allocator-block-size=16777216"
    "memorysetup-gfx-thread-allocator-block-size=16777216"
    "memorysetup-cache-allocator-block-size=4194304"
    "memorysetup-typetree-allocator-block-size=2097152"
    "memorysetup-profiler-bucket-allocator-granularity=16"
    "memorysetup-profiler-bucket-allocator-bucket-count=8"
    "memorysetup-profiler-bucket-allocator-block-size=33554432"
    "memorysetup-profiler-bucket-allocator-block-count=8"
    "memorysetup-profiler-allocator-block-size=16777216"
    "memorysetup-profiler-editor-allocator-block-size=1048576"
    "memorysetup-temp-allocator-size-main=16777216"
    "memorysetup-job-temp-allocator-block-size=2097152"
    "memorysetup-job-temp-allocator-block-size-background=1048576"
    "memorysetup-job-temp-allocator-reduction-small-platforms=262144"
    "memorysetup-allocator-temp-initial-block-size-main=262144"
    "memorysetup-allocator-temp-initial-block-size-worker=262144"
    "memorysetup-temp-allocator-size-background-worker=32768"
    "memorysetup-temp-allocator-size-job-worker=262144"
    "memorysetup-temp-allocator-size-preload-manager=33554432"
    "memorysetup-temp-allocator-size-nav-mesh-worker=65536"
    "memorysetup-temp-allocator-size-audio-worker=65536"
    "memorysetup-temp-allocator-size-cloud-worker=32768"
    "memorysetup-temp-allocator-size-gi-baking-worker=262144"
    "memorysetup-temp-allocator-size-gfx=262144"
Player connection [5148] Host "[IP] 10.185.230.17 [Port] 0 [Flags] 2 [Guid] 2519222953 [EditorId] 2519222953 [Version] 1048832 [Id] WindowsEditor(7,LAPTOP-4RCAU23R) [Debug] 1 [PackageName] WindowsEditor [ProjectName] Editor" joined multi-casting on [225.0.0.222:54997]...

Player connection [5148] Host "[IP] 10.185.230.17 [Port] 0 [Flags] 2 [Guid] 2519222953 [EditorId] 2519222953 [Version] 1048832 [Id] WindowsEditor(7,LAPTOP-4RCAU23R) [Debug] 1 [PackageName] WindowsEditor [ProjectName] Editor" joined alternative multi-casting on [225.0.0.222:34997]...

[Physics::Module] Initialized MultithreadedJobDispatcher with 11 workers.
Refreshing native plugins compatible for Editor in 3407.28 ms, found 3 plugins.
Preloading 0 native plugins for Editor in 0.00 ms.
Initialize engine version: 2022.3.12f1 (4fe6e059c7ef)
[Subsystems] Discovering subsystems at path C:/Program Files/Unity/Hub/Editor/2022.3.12f1/Editor/Data/Resources/UnitySubsystems
[Subsystems] Discovering subsystems at path C:/Users/СЂРёСЂРё/Desktop/РўРµСЃС‚РѕРІРѕРµ Р·Р°РґР°РЅРёРµ/Test/Assets
GfxDevice: creating device client; threaded=0; jobified=0
Direct3D:
    Version:  Direct3D 11.0 [level 11.1]
    Renderer: NVIDIA GeForce GTX 1650 Ti (ID=0x1f95)
    Vendor:   NVIDIA
    VRAM:     3962 MB
    Driver:   27.21.14.6192
Initialize mono
Mono path[0] = 'C:/Program Files/Unity/Hub/Editor/2022.3.12f1/Editor/Data/Managed'
Mono path[1] = 'C:/Program Files/Unity/Hub/Editor/2022.3.12f1/Editor/Data/MonoBleedingEdge/lib/mono/unityjit-win32'
Mono config path = 'C:/Program Files/Unity/Hub/Editor/2022.3.12f1/Editor/Data/MonoBleedingEdge/etc'
Using monoOptions --debugger-agent=transport=dt_socket,embedding=1,server=y,suspend=n,address=127.0.0.1:56652
Begin MonoManager ReloadAssembly
Registering precompiled unity dll's ...
Register platform support module: C:/Program Files/Unity/Hub/Editor/2022.3.12f1/Editor/Data/PlaybackEngines/WindowsStandaloneSupport/UnityEditor.WindowsStandalone.Extensions.dll
Registered in 0.182739 seconds.
- Loaded All Assemblies, in 11.490 seconds
Native extension for WindowsStandalone target not found
Mono: successfully reloaded assembly
- Finished resetting the current domain, in  0.533 seconds
Domain Reload Profiling: 12020ms
	BeginReloadAssembly (8609ms)
		ExecutionOrderSort (0ms)
		DisableScriptedObjects (0ms)
		BackupInstance (0ms)
		ReleaseScriptingObjects (0ms)
		CreateAndSetChildDomain (1ms)
	RebuildCommonClasses (730ms)
	RebuildNativeTypeToScriptingClass (13ms)
	initialDomainReloadingComplete (274ms)
	LoadAllAssembliesAndSetupDomain (1860ms)
		LoadAssemblies (8602ms)
		RebuildTransferFunctionScriptingTraits (0ms)
		AnalyzeDomain (1857ms)
			TypeCache.Refresh (1852ms)
				TypeCache.ScanAssembly (1357ms)
			ScanForSourceGeneratedMonoScriptInfo (1ms)
			ResolveRequiredComponents (1ms)
	FinalizeReload (534ms)
		ReleaseScriptCaches (0ms)
		RebuildScriptCaches (0ms)
		SetupLoadedEditorAssemblies (414ms)
			LogAssemblyErrors (0ms)
			InitializePlatformSupportModulesInManaged (17ms)
			SetLoadedEditorAssemblies (15ms)
			RefreshPlugins (0ms)
			BeforeProcessingInitializeOnLoad (4ms)
			ProcessInitializeOnLoadAttributes (261ms)
			ProcessInitializeOnLoadMethodAttributes (117ms)
			AfterProcessingInitializeOnLoad (0ms)
			EditorAssembliesLoaded (0ms)
		ExecutionOrderSort2 (0ms)
		AwakeInstancesAfterBackupRestoration (0ms)
========================================================================
Worker process is ready to serve import requests
Begin MonoManager ReloadAssembly
- Loaded All Assemblies, in  8.483 seconds
Refreshing native plugins compatible for Editor in 4.72 ms, found 3 plugins.
Native extension for WindowsStandalone target not found
Package Manager log level set to [2]
[Package Manager] Server::EnsureServerProcessIsRunning -- launch failed, reason: Unity was launched with the -noUpm command-line argument
[Package Manager] UpmClient::Send -- Unable to send message (not connected to UPM process).
[Package Manager] Cannot connect to Unity Package Manager local server
Mono: successfully reloaded assembly
- Finished resetting the current domain, in  0.925 seconds
Domain Reload Profiling: 9399ms
	BeginReloadAssembly (297ms)
		ExecutionOrderSort (0ms)
		DisableScriptedObjects (10ms)
		BackupInstance (0ms)
		ReleaseScriptingObjects (0ms)
		CreateAndSetChildDomain (54ms)
	RebuildCommonClasses (44ms)
	RebuildNativeTypeToScriptingClass (14ms)
	initialDomainReloadingComplete (69ms)
	LoadAllAssembliesAndSetupDomain (8047ms)
		LoadAssemblies (7290ms)
		RebuildTransferFunctionScriptingTraits (0ms)
		AnalyzeDomain (923ms)
			TypeCache.Refresh (889ms)
				TypeCache.ScanAssembly (802ms)
			ScanForSourceGeneratedMonoScriptInfo (24ms)
			ResolveRequiredComponents (7ms)
	FinalizeReload (926ms)
		ReleaseScriptCaches (0ms)
		RebuildScriptCaches (0ms)
		SetupLoadedEditorAssemblies (672ms)
			LogAssemblyErrors (0ms)
			InitializePlatformSupportModulesInManaged (10ms)
			SetLoadedEditorAssemblies (7ms)
			RefreshPlugins (0ms)
			BeforeProcessingInitializeOnLoad (90ms)
			ProcessInitializeOnLoadAttributes (507ms)
			ProcessInitializeOnLoadMethodAttributes (45ms)
			AfterProcessingInitializeOnLoad (13ms)
			EditorAssembliesLoaded (0ms)
		ExecutionOrderSort2 (0ms)
		AwakeInstancesAfterBackupRestoration (12ms)
Launched and connected shader compiler UnityShaderCompiler.exe after 0.10 seconds
Refreshing native plugins compatible for Editor in 7.10 ms, found 3 plugins.
Preloading 0 native plugins for Editor in 0.00 ms.
Unloading 3082 Unused Serialized files (Serialized files now loaded: 0)
Unloading 32 unused Assets / (56.9 KB). Loaded Objects now: 3543.
Memory consumption went from 120.6 MB to 120.6 MB.
Total: 7.640200 ms (FindLiveObjects: 0.888500 ms CreateObjectMapping: 0.313400 ms MarkObjects: 6.153900 ms  DeleteObjects: 0.280400 ms)

AssetImportParameters requested are different than current active one (requested -> active):
  custom:container-demuxer-ogg: 62fdf1f143b41e24485cea50d1cbac27 -> 
  custom:video-codec-MediaFoundation-h265: 746d11721c4dcdbdad8f713fa42b33f4 -> 
  custom:video-decoder-ogg-theora: a1e56fd34408186e4bbccfd4996cb3dc -> 
  custom:framework-win-MediaFoundation: 216162199b28c13a410421893ffa2e32 -> 
  custom:CustomObjectIndexerAttribute: 756ad292c208cfabdd7b50bc23989ffe -> 
  custom:container-demuxer-webm: 4f35f7cbe854078d1ac9338744f61a02 -> 
  custom:container-muxer-webm: aa71ff27fc2769a1b78a27578f13a17b -> 
  custom:video-decoder-webm-vp8: 9c59270c3fd7afecdb556c50c9e8de78 -> 
  custom:SearchIndexIgnoredProperties: e643bd26f0fe6173181afceb89e7c659 -> 
  custom:AudioImporter_EditorPlatform: d09bf68614088b80899f8185d706f6e7 -> 
  custom:video-encoder-webm-vp8: eb34c28f22e8b96e1ab97ce403110664 -> 
  custom:audio-decoder-ogg-vorbis: bf7c407c2cedff20999df2af8eb42d56 -> 
  custom:audio-encoder-webm-vorbis: bf7c407c2cedff20999df2af8eb42d56 -> 
========================================================================
Received Import Request.
  Time since last request: 1037.868740 seconds.
  path: Assets/EmaceArt_LavaPlant/Skybox/SkyBox/Sky_3_Right-X.png
  artifactKey: Guid(ad1066355bbf24261a04760a57add9b0) Importer(815301076,1909f56bfc062723c751e8b465ee728b)
Start importing Assets/EmaceArt_LavaPlant/Skybox/SkyBox/Sky_3_Right-X.png using Guid(ad1066355bbf24261a04760a57add9b0) Importer(815301076,1909f56bfc062723c751e8b465ee728b)  -> (artifact id: 'a9c26e7b77a0b4edf66d78ee53f03c77') in 0.123109 seconds
Number of updated asset objects reloaded before import = 0
Number of asset objects unloaded after import = 2
========================================================================
Received Import Request.
  Time since last request: 0.000054 seconds.
  path: Assets/EmaceArt_LavaPlant/Meshes/EA_Plant_01c.fbx
  artifactKey: Guid(64eead7f0ab7dc141bea9578a4156bc8) Importer(815301076,1909f56bfc062723c751e8b465ee728b)
Start importing Assets/EmaceArt_LavaPlant/Meshes/EA_Plant_01c.fbx using Guid(64eead7f0ab7dc141bea9578a4156bc8) Importer(815301076,1909f56bfc062723c751e8b465ee728b)  -> (artifact id: 'daaa0a06bd85ea23126efb8e59944fc6') in 0.572276 seconds
Number of updated asset objects reloaded before import = 0
Number of asset objects unloaded after import = 8
========================================================================
Received Import Request.
  Time since last request: 0.000095 seconds.
  path: Assets/EmaceArt_LavaPlant/Prefabs/EA_Fruit_01c_Default.prefab
  artifactKey: Guid(abecd295c424d6a4ebfed5ebfb35a157) Importer(815301076,1909f56bfc062723c751e8b465ee728b)
Start importing Assets/EmaceArt_LavaPlant/Prefabs/EA_Fruit_01c_Default.prefab using Guid(abecd295c424d6a4ebfed5ebfb35a157) Importer(815301076,1909f56bfc062723c751e8b465ee728b)  -> (artifact id: 'dc819c7d18348da0bf80bc985a3c3dd0') in 0.203956 seconds
Number of updated asset objects reloaded before import = 0
Number of asset objects unloaded after import = 11
========================================================================
Received Import Request.
  Time since last request: 0.000073 seconds.
  path: Assets/EmaceArt_LavaPlant/Prefabs/EA_Fruit_PRE.prefab
  artifactKey: Guid(fe13a08c5eedda44c9e76e972f2f57e5) Importer(815301076,1909f56bfc062723c751e8b465ee728b)
Start importing Assets/EmaceArt_LavaPlant/Prefabs/EA_Fruit_PRE.prefab using Guid(fe13a08c5eedda44c9e76e972f2f57e5) Importer(815301076,1909f56bfc062723c751e8b465ee728b)  -> (artifact id: '4d05552b98c442701bac0531c3e6dd1c') in 0.048349 seconds
Number of updated asset objects reloaded before import = 0
Number of asset objects unloaded after import = 9
========================================================================
Received Import Request.
  Time since last request: 0.000063 seconds.
  path: Assets/EmaceArt_LavaPlant/Prefabs/EA_Plant_01e_Default.prefab
  artifactKey: Guid(88a6c31095668d046b2d8f8c8101c845) Importer(815301076,1909f56bfc062723c751e8b465ee728b)
Start importing Assets/EmaceArt_LavaPlant/Prefabs/EA_Plant_01e_Default.prefab using Guid(88a6c31095668d046b2d8f8c8101c845) Importer(815301076,1909f56bfc062723c751e8b465ee728b)  -> (artifact id: '2ca7dc3bdfdc423fd07d16c92d66c4c6') in 0.092380 seconds
Number of updated asset objects reloaded before import = 0
Number of asset objects unloaded after import = 17
========================================================================
Received Import Request.
  Time since last request: 0.000061 seconds.
  path: Assets/EmaceArt_LavaPlant/Skybox/SkyBox/Sky_Up+Y.png
  artifactKey: Guid(4b733fcd5d5b54a4d8f2dff5482e0126) Importer(815301076,1909f56bfc062723c751e8b465ee728b)
Start importing Assets/EmaceArt_LavaPlant/Skybox/SkyBox/Sky_Up+Y.png using Guid(4b733fcd5d5b54a4d8f2dff5482e0126) Importer(815301076,1909f56bfc062723c751e8b465ee728b)  -> (artifact id: '96bfe30b45361bcc8cc0eb89c187f2ed') in 0.043639 seconds
Number of updated asset objects reloaded before import = 0
Number of asset objects unloaded after import = 2
========================================================================
Received Import Request.
  Time since last request: 0.000055 seconds.
  path: Assets/EmaceArt_LavaPlant/Meshes/EA_Plant_01e.fbx
  artifactKey: Guid(3a8e1caeca5040147a1bf0356632d82d) Importer(815301076,1909f56bfc062723c751e8b465ee728b)
Start importing Assets/EmaceArt_LavaPlant/Meshes/EA_Plant_01e.fbx using Guid(3a8e1caeca5040147a1bf0356632d82d) Importer(815301076,1909f56bfc062723c751e8b465ee728b)  -> (artifact id: 'a70c0bbe65941aeb5cb5c353a236dce0') in 0.040339 seconds
Number of updated asset objects reloaded before import = 0
Number of asset objects unloaded after import = 8
========================================================================
Received Import Request.
  Time since last request: 0.000064 seconds.
  path: Assets/EmaceArt_LavaPlant/Prefabs/EA_Plant_01c_Default.prefab
  artifactKey: Guid(b538f75a90be6b94a9a6b2347fe7bf87) Importer(815301076,1909f56bfc062723c751e8b465ee728b)
Start importing Assets/EmaceArt_LavaPlant/Prefabs/EA_Plant_01c_Default.prefab using Guid(b538f75a90be6b94a9a6b2347fe7bf87) Importer(815301076,1909f56bfc062723c751e8b465ee728b)  -> (artifact id: '3254328cde56abdbd858cc3425e40763') in 0.029113 seconds
Number of updated asset objects reloaded before import = 0
Number of asset objects unloaded after import = 17
========================================================================
Received Import Request.
  Time since last request: 0.000054 seconds.
  path: Assets/EmaceArt_LavaPlant/Prefabs/EA_Puddle_01b_Default.prefab
  artifactKey: Guid(34791ce18d065aa43a02a06ff5e3c703) Importer(815301076,1909f56bfc062723c751e8b465ee728b)
Start importing Assets/EmaceArt_LavaPlant/Prefabs/EA_Puddle_01b_Default.prefab using Guid(34791ce18d065aa43a02a06ff5e3c703) Importer(815301076,1909f56bfc062723c751e8b465ee728b)  -> (artifact id: '5e9b00aad0d864fac6d6b2318d367afe') in 0.027320 seconds
Number of updated asset objects reloaded before import = 0
Number of asset objects unloaded after import = 11
========================================================================
Received Import Request.
  Time since last request: 0.000030 seconds.
  path: Assets/EmaceArt_LavaPlant/Meshes/EA_Fruit.fbx
  artifactKey: Guid(abcae684faccb174897c79956dbed09b) Importer(815301076,1909f56bfc062723c751e8b465ee728b)
Start importing Assets/EmaceArt_LavaPlant/Meshes/EA_Fruit.fbx using Guid(abcae684faccb174897c79956dbed09b) Importer(815301076,1909f56bfc062723c751e8b465ee728b)  -> (artifact id: 'e14d089087cb39c8f967df0fd12f106f') in 0.046094 seconds
Number of updated asset objects reloaded before import = 0
Number of asset objects unloaded after import = 8
========================================================================
Received Import Request.
  Time since last request: 0.000034 seconds.
  path: Assets/EmaceArt_LavaPlant/Skybox/Textures/desert_skybox.png
  artifactKey: Guid(257eabfb03b3fb14d868ab9485e993f4) Importer(815301076,1909f56bfc062723c751e8b465ee728b)
Start importing Assets/EmaceArt_LavaPlant/Skybox/Textures/desert_skybox.png using Guid(257eabfb03b3fb14d868ab9485e993f4) Importer(815301076,1909f56bfc062723c751e8b465ee728b)  -> (artifact id: 'ebde3ef41b6afbad1514507b496aa2fd') in 0.037553 seconds
Number of updated asset objects reloaded before import = 0
Number of asset objects unloaded after import = 2
========================================================================
Received Import Request.
  Time since last request: 0.000080 seconds.
  path: Assets/EmaceArt_LavaPlant/Skybox/SkyBox/Sky.mat
  artifactKey: Guid(5072c671f5d9f4003a83241b424bb0f0) Importer(815301076,1909f56bfc062723c751e8b465ee728b)
Start importing Assets/EmaceArt_LavaPlant/Skybox/SkyBox/Sky.mat using Guid(5072c671f5d9f4003a83241b424bb0f0) Importer(815301076,1909f56bfc062723c751e8b465ee728b)  -> (artifact id: '990d5b82631ed9fd3a31e2ea8f5591ee') in 0.224702 seconds
Number of updated asset objects reloaded before import = 0
Number of asset objects unloaded after import = 7
========================================================================
Received Import Request.
  Time since last request: 0.000056 seconds.
  path: Assets/EmaceArt_LavaPlant/Meshes/Rocks_01c.fbx
  artifactKey: Guid(c9f229390f373e048a5ebc1aaea6568e) Importer(815301076,1909f56bfc062723c751e8b465ee728b)
Start importing Assets/EmaceArt_LavaPlant/Meshes/Rocks_01c.fbx using Guid(c9f229390f373e048a5ebc1aaea6568e) Importer(815301076,1909f56bfc062723c751e8b465ee728b)  -> (artifact id: '156ecd45369f599ba77b537d34ef5df0') in 0.042622 seconds
Number of updated asset objects reloaded before import = 0
Number of asset objects unloaded after import = 8
========================================================================
Received Import Request.
  Time since last request: 0.000046 seconds.
  path: Assets/EmaceArt_LavaPlant/Skybox/SkyBox
  artifactKey: Guid(1e85a31d4847f4a7fbc30c2302716dc1) Importer(815301076,1909f56bfc062723c751e8b465ee728b)
Start importing Assets/EmaceArt_LavaPlant/Skybox/SkyBox using Guid(1e85a31d4847f4a7fbc30c2302716dc1) Importer(815301076,1909f56bfc062723c751e8b465ee728b)  -> (artifact id: '06f4c3fa24d7a10ba0bbc68ad5fce79c') in 0.001000 seconds
Number of updated asset objects reloaded before import = 0
Number of asset objects unloaded after import = 0
========================================================================
Received Import Request.
  Time since last request: 0.000115 seconds.
  path: Assets/EmaceArt_LavaPlant/Meshes/EA_Terrain.fbx
  artifactKey: Guid(480043d33e8385e4096fe4adb9ae6102) Importer(815301076,1909f56bfc062723c751e8b465ee728b)
Start importing Assets/EmaceArt_LavaPlant/Meshes/EA_Terrain.fbx using Guid(480043d33e8385e4096fe4adb9ae6102) Importer(815301076,1909f56bfc062723c751e8b465ee728b)  -> (artifact id: '9b2ed1f5caf8cdce36b1315de1ee0578') in 0.048653 seconds
Number of updated asset objects reloaded before import = 0
Number of asset objects unloaded after import = 9
========================================================================
Received Import Request.
  Time since last request: 0.000052 seconds.
  path: Assets/EmaceArt_LavaPlant/Prefabs/EA_Clif_01d_Default.prefab
  artifactKey: Guid(a1afd15cbb93fea4bad648ed05e0af69) Importer(815301076,1909f56bfc062723c751e8b465ee728b)
Start importing Assets/EmaceArt_LavaPlant/Prefabs/EA_Clif_01d_Default.prefab using Guid(a1afd15cbb93fea4bad648ed05e0af69) Importer(815301076,1909f56bfc062723c751e8b465ee728b)  -> (artifact id: '70457793ced796efbcf27eb57671fbf2') in 0.023721 seconds
Number of updated asset objects reloaded before import = 0
Number of asset objects unloaded after import = 11
========================================================================
Received Import Request.
  Time since last request: 0.000044 seconds.
  path: Assets/EmaceArt_LavaPlant/PostProcessing/LavaPlant_PostPprocessProfile.asset
  artifactKey: Guid(81c673aa856745041b27a9548ec5c993) Importer(815301076,1909f56bfc062723c751e8b465ee728b)
Start importing Assets/EmaceArt_LavaPlant/PostProcessing/LavaPlant_PostPprocessProfile.asset using Guid(81c673aa856745041b27a9548ec5c993) Importer(815301076,1909f56bfc062723c751e8b465ee728b)  -> (artifact id: 'a6226ed2fc8e158cff57417580f7b022') in 0.002382 seconds
Number of updated asset objects reloaded before import = 0
Number of asset objects unloaded after import = 1
========================================================================
Received Import Request.
  Time since last request: 0.000037 seconds.
  path: Assets/EmaceArt_LavaPlant/Material/EA_Lava_water.mat
  artifactKey: Guid(4c647d1fb76df084a87cb66050040bf0) Importer(815301076,1909f56bfc062723c751e8b465ee728b)
Start importing Assets/EmaceArt_LavaPlant/Material/EA_Lava_water.mat using Guid(4c647d1fb76df084a87cb66050040bf0) Importer(815301076,1909f56bfc062723c751e8b465ee728b)  -> (artifact id: '33a6c8ca9f8c91d6f9e9aecb63113501') in 0.021204 seconds
Number of updated asset objects reloaded before import = 0
Number of asset objects unloaded after import = 2
Editor requested this worker to shutdown with reason: Scaling down because of idle timeout
TcpMessagingSession - receive error: operation aborted. errorcode: 995, details: Операция ввода/вывода была прервана из-за завершения потока команд или по запросу приложения.
AssetImportWorker is now disconnected from the server
Process exiting
Exiting without the bug reporter. Application will terminate with return code 0